{"C:\\Users\\Suraj\\Downloads\\movie_explorer_React_Suraj-features-pushNotification VishalAPi\\movie_explorer_React_Suraj-features-pushNotification\\src\\App.tsx": {"path":"C:\\Users\\Suraj\\Downloads\\movie_explorer_React_Suraj-features-pushNotification VishalAPi\\movie_explorer_React_Suraj-features-pushNotification\\src\\App.tsx","statementMap":{"0":{"start":{"line":1,"column":0},"end":{"line":1,"column":41}},"1":{"start":{"line":2,"column":0},"end":{"line":2,"column":84}},"2":{"start":{"line":3,"column":0},"end":{"line":3,"column":42}},"3":{"start":{"line":4,"column":0},"end":{"line":4,"column":44}},"4":{"start":{"line":5,"column":0},"end":{"line":5,"column":40}},"5":{"start":{"line":6,"column":0},"end":{"line":6,"column":46}},"6":{"start":{"line":7,"column":0},"end":{"line":7,"column":52}},"7":{"start":{"line":8,"column":0},"end":{"line":8,"column":48}},"8":{"start":{"line":9,"column":0},"end":{"line":9,"column":51}},"9":{"start":{"line":10,"column":0},"end":{"line":10,"column":78}},"10":{"start":{"line":11,"column":0},"end":{"line":11,"column":42}},"11":{"start":{"line":12,"column":0},"end":{"line":12,"column":42}},"12":{"start":{"line":13,"column":0},"end":{"line":13,"column":42}},"13":{"start":{"line":16,"column":64},"end":{"line":24,"column":1}},"14":{"start":{"line":17,"column":16},"end":{"line":17,"column":45}},"15":{"start":{"line":19,"column":2},"end":{"line":21,"column":3}},"16":{"start":{"line":20,"column":4},"end":{"line":20,"column":39}},"17":{"start":{"line":23,"column":2},"end":{"line":23,"column":25}},"18":{"start":{"line":27,"column":2},"end":{"line":32,"column":9}},"19":{"start":{"line":28,"column":4},"end":{"line":28,"column":20}},"20":{"start":{"line":29,"column":4},"end":{"line":31,"column":7}},"21":{"start":{"line":30,"column":6},"end":{"line":30,"column":59}},"22":{"start":{"line":34,"column":2},"end":{"line":54,"column":4}},"23":{"start":{"line":57,"column":0},"end":{"line":57,"column":19}}},"fnMap":{"0":{"name":"(anonymous_1)","decl":{"start":{"line":16,"column":64},"end":{"line":16,"column":65}},"loc":{"start":{"line":16,"column":81},"end":{"line":24,"column":1}}},"1":{"name":"App","decl":{"start":{"line":26,"column":9},"end":{"line":26,"column":12}},"loc":{"start":{"line":26,"column":12},"end":{"line":55,"column":1}}},"2":{"name":"(anonymous_3)","decl":{"start":{"line":27,"column":12},"end":{"line":27,"column":15}},"loc":{"start":{"line":27,"column":17},"end":{"line":32,"column":3}}},"3":{"name":"(anonymous_4)","decl":{"start":{"line":29,"column":25},"end":{"line":29,"column":26}},"loc":{"start":{"line":29,"column":37},"end":{"line":31,"column":5}}}},"branchMap":{"0":{"loc":{"start":{"line":19,"column":2},"end":{"line":21,"column":3}},"type":"if","locations":[{"start":{"line":19,"column":2},"end":{"line":21,"column":3}}]}},"s":{"0":0,"1":0,"2":0,"3":0,"4":0,"5":0,"6":0,"7":0,"8":0,"9":0,"10":0,"11":0,"12":0,"13":0,"14":0,"15":0,"16":0,"17":0,"18":0,"19":0,"20":0,"21":0,"22":0,"23":0},"f":{"0":0,"1":0,"2":0,"3":0},"b":{"0":[0]}}
,"C:\\Users\\Suraj\\Downloads\\movie_explorer_React_Suraj-features-pushNotification VishalAPi\\movie_explorer_React_Suraj-features-pushNotification\\src\\MovieFetcher.tsx": {"path":"C:\\Users\\Suraj\\Downloads\\movie_explorer_React_Suraj-features-pushNotification VishalAPi\\movie_explorer_React_Suraj-features-pushNotification\\src\\MovieFetcher.tsx","statementMap":{"0":{"start":{"line":1,"column":0},"end":{"line":1,"column":41}},"1":{"start":{"line":2,"column":0},"end":{"line":2,"column":26}},"2":{"start":{"line":33,"column":31},"end":{"line":71,"column":1}},"3":{"start":{"line":34,"column":2},"end":{"line":63,"column":9}},"4":{"start":{"line":35,"column":24},"end":{"line":60,"column":5}},"5":{"start":{"line":36,"column":6},"end":{"line":59,"column":7}},"6":{"start":{"line":37,"column":25},"end":{"line":45,"column":null}},"7":{"start":{"line":56,"column":8},"end":{"line":56,"column":47}},"8":{"start":{"line":58,"column":8},"end":{"line":58,"column":75}},"9":{"start":{"line":62,"column":4},"end":{"line":62,"column":18}},"10":{"start":{"line":65,"column":2},"end":{"line":70,"column":4}},"11":{"start":{"line":73,"column":0},"end":{"line":73,"column":28}}},"fnMap":{"0":{"name":"(anonymous_1)","decl":{"start":{"line":33,"column":31},"end":{"line":33,"column":34}},"loc":{"start":{"line":33,"column":36},"end":{"line":71,"column":1}}},"1":{"name":"(anonymous_2)","decl":{"start":{"line":34,"column":12},"end":{"line":34,"column":15}},"loc":{"start":{"line":34,"column":17},"end":{"line":63,"column":3}}},"2":{"name":"(anonymous_3)","decl":{"start":{"line":35,"column":24},"end":{"line":35,"column":29}},"loc":{"start":{"line":35,"column":35},"end":{"line":60,"column":5}}}},"branchMap":{"0":{"loc":{"start":{"line":58,"column":36},"end":{"line":58,"column":73}},"type":"binary-expr","locations":[{"start":{"line":58,"column":36},"end":{"line":58,"column":56}},{"start":{"line":58,"column":60},"end":{"line":58,"column":73}}]}},"s":{"0":0,"1":0,"2":0,"3":0,"4":0,"5":0,"6":0,"7":0,"8":0,"9":0,"10":0,"11":0},"f":{"0":0,"1":0,"2":0},"b":{"0":[0,0]}}
,"C:\\Users\\Suraj\\Downloads\\movie_explorer_React_Suraj-features-pushNotification VishalAPi\\movie_explorer_React_Suraj-features-pushNotification\\src\\setupPolyfills.ts": {"path":"C:\\Users\\Suraj\\Downloads\\movie_explorer_React_Suraj-features-pushNotification VishalAPi\\movie_explorer_React_Suraj-features-pushNotification\\src\\setupPolyfills.ts","statementMap":{"0":{"start":{"line":2,"column":0},"end":{"line":2,"column":80}},"1":{"start":{"line":4,"column":0},"end":{"line":4,"column":33}},"2":{"start":{"line":6,"column":0},"end":{"line":10,"column":1}},"3":{"start":{"line":7,"column":3},"end":{"line":7,"column":48}},"4":{"start":{"line":9,"column":2},"end":{"line":9,"column":42}}},"fnMap":{},"branchMap":{"0":{"loc":{"start":{"line":6,"column":0},"end":{"line":10,"column":1}},"type":"if","locations":[{"start":{"line":6,"column":0},"end":{"line":10,"column":1}},{"start":{"line":8,"column":7},"end":{"line":10,"column":1}}]}},"s":{"0":0,"1":0,"2":0,"3":0,"4":0},"f":{},"b":{"0":[0,0]}}
,"C:\\Users\\Suraj\\Downloads\\movie_explorer_React_Suraj-features-pushNotification VishalAPi\\movie_explorer_React_Suraj-features-pushNotification\\src\\setupTest.ts": {"path":"C:\\Users\\Suraj\\Downloads\\movie_explorer_React_Suraj-features-pushNotification VishalAPi\\movie_explorer_React_Suraj-features-pushNotification\\src\\setupTest.ts","statementMap":{"0":{"start":{"line":1,"column":0},"end":{"line":1,"column":35}},"1":{"start":{"line":3,"column":0},"end":{"line":7,"column":1}},"2":{"start":{"line":4,"column":39},"end":{"line":4,"column":54}},"3":{"start":{"line":5,"column":2},"end":{"line":5,"column":35}},"4":{"start":{"line":6,"column":2},"end":{"line":6,"column":35}},"5":{"start":{"line":11,"column":0},"end":{"line":11,"column":35}},"6":{"start":{"line":14,"column":25},"end":{"line":19,"column":2}},"7":{"start":{"line":20,"column":0},"end":{"line":22,"column":3}}},"fnMap":{},"branchMap":{"0":{"loc":{"start":{"line":3,"column":0},"end":{"line":7,"column":1}},"type":"if","locations":[{"start":{"line":3,"column":0},"end":{"line":7,"column":1}}]}},"s":{"0":0,"1":0,"2":0,"3":0,"4":0,"5":0,"6":0,"7":0},"f":{},"b":{"0":[0]}}
,"C:\\Users\\Suraj\\Downloads\\movie_explorer_React_Suraj-features-pushNotification VishalAPi\\movie_explorer_React_Suraj-features-pushNotification\\src\\component\\AdminPanel.tsx": {"path":"C:\\Users\\Suraj\\Downloads\\movie_explorer_React_Suraj-features-pushNotification VishalAPi\\movie_explorer_React_Suraj-features-pushNotification\\src\\component\\AdminPanel.tsx","statementMap":{"0":{"start":{"line":1,"column":0},"end":{"line":1,"column":51}},"1":{"start":{"line":2,"column":0},"end":{"line":2,"column":66}},"2":{"start":{"line":3,"column":0},"end":{"line":3,"column":60}},"3":{"start":{"line":20,"column":29},"end":{"line":374,"column":1}},"4":{"start":{"line":21,"column":19},"end":{"line":21,"column":32}},"5":{"start":{"line":22,"column":19},"end":{"line":22,"column":32}},"6":{"start":{"line":23,"column":35},"end":{"line":23,"column":56}},"7":{"start":{"line":25,"column":41},"end":{"line":53,"column":8}},"8":{"start":{"line":55,"column":34},"end":{"line":55,"column":74}},"9":{"start":{"line":56,"column":28},"end":{"line":56,"column":57}},"10":{"start":{"line":57,"column":32},"end":{"line":57,"column":61}},"11":{"start":{"line":58,"column":21},"end":{"line":58,"column":28}},"12":{"start":{"line":60,"column":2},"end":{"line":62,"column":23}},"13":{"start":{"line":61,"column":4},"end":{"line":61,"column":33}},"14":{"start":{"line":64,"column":23},"end":{"line":73,"column":3}},"15":{"start":{"line":65,"column":34},"end":{"line":65,"column":42}},"16":{"start":{"line":66,"column":4},"end":{"line":72,"column":8}},"17":{"start":{"line":66,"column":27},"end":{"line":72,"column":6}},"18":{"start":{"line":75,"column":27},"end":{"line":81,"column":3}},"19":{"start":{"line":76,"column":28},"end":{"line":76,"column":36}},"20":{"start":{"line":77,"column":4},"end":{"line":80,"column":8}},"21":{"start":{"line":77,"column":27},"end":{"line":80,"column":6}},"22":{"start":{"line":83,"column":23},"end":{"line":155,"column":3}},"23":{"start":{"line":84,"column":4},"end":{"line":84,"column":23}},"24":{"start":{"line":85,"column":4},"end":{"line":85,"column":19}},"25":{"start":{"line":86,"column":4},"end":{"line":86,"column":21}},"26":{"start":{"line":88,"column":4},"end":{"line":154,"column":5}},"27":{"start":{"line":90,"column":54},"end":{"line":93,"column":8}},"28":{"start":{"line":94,"column":6},"end":{"line":98,"column":7}},"29":{"start":{"line":95,"column":8},"end":{"line":97,"column":9}},"30":{"start":{"line":96,"column":10},"end":{"line":96,"column":82}},"31":{"start":{"line":101,"column":6},"end":{"line":103,"column":7}},"32":{"start":{"line":102,"column":8},"end":{"line":102,"column":60}},"33":{"start":{"line":106,"column":6},"end":{"line":108,"column":7}},"34":{"start":{"line":107,"column":8},"end":{"line":107,"column":72}},"35":{"start":{"line":111,"column":29},"end":{"line":111,"column":111}},"36":{"start":{"line":112,"column":6},"end":{"line":114,"column":7}},"37":{"start":{"line":113,"column":8},"end":{"line":113,"column":69}},"38":{"start":{"line":117,"column":39},"end":{"line":121,"column":8}},"39":{"start":{"line":123,"column":6},"end":{"line":146,"column":7}},"40":{"start":{"line":125,"column":25},"end":{"line":125,"column":63}},"41":{"start":{"line":126,"column":8},"end":{"line":126,"column":50}},"42":{"start":{"line":127,"column":8},"end":{"line":127,"column":22}},"43":{"start":{"line":130,"column":25},"end":{"line":130,"column":53}},"44":{"start":{"line":131,"column":8},"end":{"line":131,"column":68}},"45":{"start":{"line":132,"column":8},"end":{"line":145,"column":11}},"46":{"start":{"line":148,"column":6},"end":{"line":153,"column":7}},"47":{"start":{"line":149,"column":8},"end":{"line":149,"column":67}},"48":{"start":{"line":150,"column":8},"end":{"line":150,"column":27}},"49":{"start":{"line":152,"column":8},"end":{"line":152,"column":103}},"50":{"start":{"line":157,"column":23},"end":{"line":159,"column":3}},"51":{"start":{"line":158,"column":4},"end":{"line":158,"column":18}},"52":{"start":{"line":161,"column":2},"end":{"line":373,"column":4}},"53":{"start":{"line":376,"column":0},"end":{"line":376,"column":26}}},"fnMap":{"0":{"name":"(anonymous_0)","decl":{"start":{"line":20,"column":29},"end":{"line":20,"column":32}},"loc":{"start":{"line":20,"column":34},"end":{"line":374,"column":1}}},"1":{"name":"(anonymous_1)","decl":{"start":{"line":60,"column":12},"end":{"line":60,"column":15}},"loc":{"start":{"line":60,"column":17},"end":{"line":62,"column":3}}},"2":{"name":"(anonymous_2)","decl":{"start":{"line":64,"column":23},"end":{"line":64,"column":24}},"loc":{"start":{"line":64,"column":108},"end":{"line":73,"column":3}}},"3":{"name":"(anonymous_3)","decl":{"start":{"line":66,"column":16},"end":{"line":66,"column":17}},"loc":{"start":{"line":66,"column":27},"end":{"line":72,"column":6}}},"4":{"name":"(anonymous_4)","decl":{"start":{"line":75,"column":27},"end":{"line":75,"column":28}},"loc":{"start":{"line":75,"column":70},"end":{"line":81,"column":3}}},"5":{"name":"(anonymous_5)","decl":{"start":{"line":77,"column":16},"end":{"line":77,"column":17}},"loc":{"start":{"line":77,"column":27},"end":{"line":80,"column":6}}},"6":{"name":"(anonymous_6)","decl":{"start":{"line":83,"column":23},"end":{"line":83,"column":28}},"loc":{"start":{"line":83,"column":52},"end":{"line":155,"column":3}}},"7":{"name":"(anonymous_7)","decl":{"start":{"line":157,"column":23},"end":{"line":157,"column":26}},"loc":{"start":{"line":157,"column":28},"end":{"line":159,"column":3}}}},"branchMap":{"0":{"loc":{"start":{"line":25,"column":41},"end":{"line":53,"column":8}},"type":"cond-expr","locations":[{"start":{"line":26,"column":6},"end":{"line":39,"column":null}},{"start":{"line":40,"column":6},"end":{"line":53,"column":8}}]},"1":{"loc":{"start":{"line":69,"column":8},"end":{"line":71,"column":13}},"type":"cond-expr","locations":[{"start":{"line":69,"column":29},"end":{"line":69,"column":54}},{"start":{"line":70,"column":8},"end":{"line":71,"column":13}}]},"2":{"loc":{"start":{"line":69,"column":29},"end":{"line":69,"column":54}},"type":"cond-expr","locations":[{"start":{"line":69,"column":37},"end":{"line":69,"column":50}},{"start":{"line":69,"column":53},"end":{"line":69,"column":54}}]},"3":{"loc":{"start":{"line":70,"column":8},"end":{"line":71,"column":13}},"type":"cond-expr","locations":[{"start":{"line":70,"column":30},"end":{"line":70,"column":67}},{"start":{"line":71,"column":8},"end":{"line":71,"column":13}}]},"4":{"loc":{"start":{"line":79,"column":14},"end":{"line":79,"column":62}},"type":"cond-expr","locations":[{"start":{"line":79,"column":42},"end":{"line":79,"column":50}},{"start":{"line":79,"column":53},"end":{"line":79,"column":62}}]},"5":{"loc":{"start":{"line":79,"column":14},"end":{"line":79,"column":39}},"type":"binary-expr","locations":[{"start":{"line":79,"column":14},"end":{"line":79,"column":19}},{"start":{"line":79,"column":23},"end":{"line":79,"column":39}}]},"6":{"loc":{"start":{"line":95,"column":8},"end":{"line":97,"column":9}},"type":"if","locations":[{"start":{"line":95,"column":8},"end":{"line":97,"column":9}}]},"7":{"loc":{"start":{"line":95,"column":12},"end":{"line":95,"column":102}},"type":"binary-expr","locations":[{"start":{"line":95,"column":12},"end":{"line":95,"column":28}},{"start":{"line":95,"column":33},"end":{"line":95,"column":68}},{"start":{"line":95,"column":72},"end":{"line":95,"column":101}}]},"8":{"loc":{"start":{"line":101,"column":6},"end":{"line":103,"column":7}},"type":"if","locations":[{"start":{"line":101,"column":6},"end":{"line":103,"column":7}}]},"9":{"loc":{"start":{"line":101,"column":10},"end":{"line":101,"column":53}},"type":"binary-expr","locations":[{"start":{"line":101,"column":10},"end":{"line":101,"column":29}},{"start":{"line":101,"column":33},"end":{"line":101,"column":53}}]},"10":{"loc":{"start":{"line":106,"column":6},"end":{"line":108,"column":7}},"type":"if","locations":[{"start":{"line":106,"column":6},"end":{"line":108,"column":7}}]},"11":{"loc":{"start":{"line":112,"column":6},"end":{"line":114,"column":7}},"type":"if","locations":[{"start":{"line":112,"column":6},"end":{"line":114,"column":7}}]},"12":{"loc":{"start":{"line":120,"column":17},"end":{"line":120,"column":74}},"type":"cond-expr","locations":[{"start":{"line":120,"column":50},"end":{"line":120,"column":66}},{"start":{"line":120,"column":69},"end":{"line":120,"column":74}}]},"13":{"loc":{"start":{"line":123,"column":6},"end":{"line":146,"column":7}},"type":"if","locations":[{"start":{"line":123,"column":6},"end":{"line":146,"column":7}},{"start":{"line":128,"column":13},"end":{"line":146,"column":7}}]},"14":{"loc":{"start":{"line":123,"column":10},"end":{"line":123,"column":29}},"type":"binary-expr","locations":[{"start":{"line":123,"column":10},"end":{"line":123,"column":20}},{"start":{"line":123,"column":24},"end":{"line":123,"column":29}}]},"15":{"loc":{"start":{"line":131,"column":19},"end":{"line":131,"column":66}},"type":"binary-expr","locations":[{"start":{"line":131,"column":19},"end":{"line":131,"column":35}},{"start":{"line":131,"column":39},"end":{"line":131,"column":66}}]},"16":{"loc":{"start":{"line":148,"column":6},"end":{"line":153,"column":7}},"type":"if","locations":[{"start":{"line":148,"column":6},"end":{"line":153,"column":7}},{"start":{"line":151,"column":13},"end":{"line":153,"column":7}}]},"17":{"loc":{"start":{"line":148,"column":10},"end":{"line":148,"column":89}},"type":"binary-expr","locations":[{"start":{"line":148,"column":10},"end":{"line":148,"column":49}},{"start":{"line":148,"column":53},"end":{"line":148,"column":89}}]},"18":{"loc":{"start":{"line":152,"column":17},"end":{"line":152,"column":101}},"type":"binary-expr","locations":[{"start":{"line":152,"column":17},"end":{"line":152,"column":28}},{"start":{"line":152,"column":32},"end":{"line":152,"column":101}}]},"19":{"loc":{"start":{"line":152,"column":45},"end":{"line":152,"column":74}},"type":"cond-expr","locations":[{"start":{"line":152,"column":58},"end":{"line":152,"column":66}},{"start":{"line":152,"column":69},"end":{"line":152,"column":74}}]},"20":{"loc":{"start":{"line":166,"column":27},"end":{"line":166,"column":66}},"type":"cond-expr","locations":[{"start":{"line":166,"column":40},"end":{"line":166,"column":52}},{"start":{"line":166,"column":55},"end":{"line":166,"column":66}}]},"21":{"loc":{"start":{"line":168,"column":45},"end":{"line":168,"column":131}},"type":"cond-expr","locations":[{"start":{"line":168,"column":58},"end":{"line":168,"column":91}},{"start":{"line":168,"column":94},"end":{"line":168,"column":131}}]},"22":{"loc":{"start":{"line":178,"column":11},"end":{"line":181,"column":null}},"type":"binary-expr","locations":[{"start":{"line":178,"column":11},"end":{"line":178,"column":16}},{"start":{"line":179,"column":12},"end":{"line":180,"column":null}}]},"23":{"loc":{"start":{"line":183,"column":11},"end":{"line":186,"column":null}},"type":"binary-expr","locations":[{"start":{"line":183,"column":11},"end":{"line":183,"column":18}},{"start":{"line":184,"column":12},"end":{"line":185,"column":null}}]},"24":{"loc":{"start":{"line":223,"column":23},"end":{"line":223,"column":50}},"type":"binary-expr","locations":[{"start":{"line":223,"column":23},"end":{"line":223,"column":44}},{"start":{"line":223,"column":48},"end":{"line":223,"column":50}}]},"25":{"loc":{"start":{"line":239,"column":23},"end":{"line":239,"column":75}},"type":"cond-expr","locations":[{"start":{"line":239,"column":55},"end":{"line":239,"column":70}},{"start":{"line":239,"column":73},"end":{"line":239,"column":75}}]},"26":{"loc":{"start":{"line":270,"column":23},"end":{"line":270,"column":46}},"type":"binary-expr","locations":[{"start":{"line":270,"column":23},"end":{"line":270,"column":40}},{"start":{"line":270,"column":44},"end":{"line":270,"column":46}}]},"27":{"loc":{"start":{"line":367,"column":15},"end":{"line":367,"column":56}},"type":"cond-expr","locations":[{"start":{"line":367,"column":28},"end":{"line":367,"column":42}},{"start":{"line":367,"column":45},"end":{"line":367,"column":56}}]}},"s":{"0":0,"1":0,"2":0,"3":0,"4":0,"5":0,"6":0,"7":0,"8":0,"9":0,"10":0,"11":0,"12":0,"13":0,"14":0,"15":0,"16":0,"17":0,"18":0,"19":0,"20":0,"21":0,"22":0,"23":0,"24":0,"25":0,"26":0,"27":0,"28":0,"29":0,"30":0,"31":0,"32":0,"33":0,"34":0,"35":0,"36":0,"37":0,"38":0,"39":0,"40":0,"41":0,"42":0,"43":0,"44":0,"45":0,"46":0,"47":0,"48":0,"49":0,"50":0,"51":0,"52":0,"53":0},"f":{"0":0,"1":0,"2":0,"3":0,"4":0,"5":0,"6":0,"7":0},"b":{"0":[0,0],"1":[0,0],"2":[0,0],"3":[0,0],"4":[0,0],"5":[0,0],"6":[0],"7":[0,0,0],"8":[0],"9":[0,0],"10":[0],"11":[0],"12":[0,0],"13":[0,0],"14":[0,0],"15":[0,0],"16":[0,0],"17":[0,0],"18":[0,0],"19":[0,0],"20":[0,0],"21":[0,0],"22":[0,0],"23":[0,0],"24":[0,0],"25":[0,0],"26":[0,0],"27":[0,0]}}
,"C:\\Users\\Suraj\\Downloads\\movie_explorer_React_Suraj-features-pushNotification VishalAPi\\movie_explorer_React_Suraj-features-pushNotification\\src\\component\\Dashboard.tsx": {"path":"C:\\Users\\Suraj\\Downloads\\movie_explorer_React_Suraj-features-pushNotification VishalAPi\\movie_explorer_React_Suraj-features-pushNotification\\src\\component\\Dashboard.tsx","statementMap":{"0":{"start":{"line":1,"column":0},"end":{"line":1,"column":64}},"1":{"start":{"line":2,"column":0},"end":{"line":2,"column":36}},"2":{"start":{"line":3,"column":0},"end":{"line":3,"column":76}},"3":{"start":{"line":4,"column":0},"end":{"line":4,"column":53}},"4":{"start":{"line":5,"column":0},"end":{"line":5,"column":51}},"5":{"start":{"line":6,"column":0},"end":{"line":6,"column":66}},"6":{"start":{"line":7,"column":0},"end":{"line":7,"column":20}},"7":{"start":{"line":8,"column":0},"end":{"line":8,"column":31}},"8":{"start":{"line":9,"column":0},"end":{"line":9,"column":31}},"9":{"start":{"line":10,"column":0},"end":{"line":10,"column":47}},"10":{"start":{"line":28,"column":28},"end":{"line":431,"column":1}},"11":{"start":{"line":29,"column":34},"end":{"line":29,"column":49}},"12":{"start":{"line":30,"column":40},"end":{"line":30,"column":52}},"13":{"start":{"line":31,"column":31},"end":{"line":31,"column":60}},"14":{"start":{"line":32,"column":44},"end":{"line":32,"column":59}},"15":{"start":{"line":33,"column":30},"end":{"line":33,"column":51}},"16":{"start":{"line":34,"column":30},"end":{"line":41,"column":4}},"17":{"start":{"line":42,"column":32},"end":{"line":42,"column":55}},"18":{"start":{"line":43,"column":28},"end":{"line":43,"column":57}},"19":{"start":{"line":44,"column":46},"end":{"line":44,"column":75}},"20":{"start":{"line":45,"column":26},"end":{"line":45,"column":37}},"21":{"start":{"line":46,"column":38},"end":{"line":46,"column":49}},"22":{"start":{"line":47,"column":44},"end":{"line":47,"column":72}},"23":{"start":{"line":48,"column":42},"end":{"line":48,"column":63}},"24":{"start":{"line":49,"column":44},"end":{"line":49,"column":67}},"25":{"start":{"line":50,"column":40},"end":{"line":50,"column":69}},"26":{"start":{"line":51,"column":19},"end":{"line":51,"column":32}},"27":{"start":{"line":53,"column":19},"end":{"line":53,"column":47}},"28":{"start":{"line":54,"column":16},"end":{"line":54,"column":67}},"29":{"start":{"line":55,"column":22},"end":{"line":59,"column":6}},"30":{"start":{"line":56,"column":22},"end":{"line":56,"column":52}},"31":{"start":{"line":57,"column":22},"end":{"line":57,"column":52}},"32":{"start":{"line":58,"column":4},"end":{"line":58,"column":87}},"33":{"start":{"line":61,"column":22},"end":{"line":96,"column":49}},"34":{"start":{"line":62,"column":4},"end":{"line":95,"column":5}},"35":{"start":{"line":63,"column":6},"end":{"line":63,"column":23}},"36":{"start":{"line":64,"column":6},"end":{"line":64,"column":21}},"37":{"start":{"line":65,"column":6},"end":{"line":65,"column":30}},"38":{"start":{"line":67,"column":73},"end":{"line":67,"column":81}},"39":{"start":{"line":68,"column":6},"end":{"line":68,"column":69}},"40":{"start":{"line":68,"column":32},"end":{"line":68,"column":69}},"41":{"start":{"line":69,"column":6},"end":{"line":69,"column":65}},"42":{"start":{"line":69,"column":35},"end":{"line":69,"column":65}},"43":{"start":{"line":71,"column":23},"end":{"line":71,"column":47}},"44":{"start":{"line":73,"column":6},"end":{"line":73,"column":45}},"45":{"start":{"line":75,"column":6},"end":{"line":77,"column":7}},"46":{"start":{"line":76,"column":8},"end":{"line":76,"column":48}},"47":{"start":{"line":79,"column":6},"end":{"line":79,"column":33}},"48":{"start":{"line":80,"column":6},"end":{"line":80,"column":53}},"49":{"start":{"line":82,"column":28},"end":{"line":82,"column":99}},"50":{"start":{"line":82,"column":85},"end":{"line":82,"column":96}},"51":{"start":{"line":83,"column":27},"end":{"line":86,"column":20}},"52":{"start":{"line":85,"column":42},"end":{"line":85,"column":53}},"53":{"start":{"line":87,"column":6},"end":{"line":87,"column":30}},"54":{"start":{"line":90,"column":6},"end":{"line":90,"column":51}},"55":{"start":{"line":91,"column":6},"end":{"line":91,"column":80}},"56":{"start":{"line":92,"column":6},"end":{"line":92,"column":20}},"57":{"start":{"line":94,"column":6},"end":{"line":94,"column":24}},"58":{"start":{"line":98,"column":2},"end":{"line":120,"column":9}},"59":{"start":{"line":99,"column":30},"end":{"line":117,"column":5}},"60":{"start":{"line":100,"column":6},"end":{"line":116,"column":7}},"61":{"start":{"line":101,"column":8},"end":{"line":101,"column":31}},"62":{"start":{"line":103,"column":25},"end":{"line":103,"column":42}},"63":{"start":{"line":105,"column":8},"end":{"line":107,"column":9}},"64":{"start":{"line":106,"column":10},"end":{"line":106,"column":61}},"65":{"start":{"line":109,"column":8},"end":{"line":109,"column":53}},"66":{"start":{"line":111,"column":8},"end":{"line":111,"column":60}},"67":{"start":{"line":112,"column":8},"end":{"line":112,"column":75}},"68":{"start":{"line":113,"column":8},"end":{"line":113,"column":28}},"69":{"start":{"line":115,"column":8},"end":{"line":115,"column":32}},"70":{"start":{"line":119,"column":4},"end":{"line":119,"column":24}},"71":{"start":{"line":122,"column":2},"end":{"line":124,"column":20}},"72":{"start":{"line":123,"column":4},"end":{"line":123,"column":18}},"73":{"start":{"line":126,"column":2},"end":{"line":128,"column":29}},"74":{"start":{"line":127,"column":4},"end":{"line":127,"column":18}},"75":{"start":{"line":130,"column":26},"end":{"line":132,"column":3}},"76":{"start":{"line":131,"column":4},"end":{"line":131,"column":28}},"77":{"start":{"line":134,"column":27},"end":{"line":136,"column":3}},"78":{"start":{"line":135,"column":4},"end":{"line":135,"column":27}},"79":{"start":{"line":138,"column":28},"end":{"line":153,"column":3}},"80":{"start":{"line":139,"column":4},"end":{"line":152,"column":5}},"81":{"start":{"line":140,"column":6},"end":{"line":140,"column":21}},"82":{"start":{"line":141,"column":6},"end":{"line":141,"column":30}},"83":{"start":{"line":142,"column":23},"end":{"line":142,"column":49}},"84":{"start":{"line":143,"column":6},"end":{"line":143,"column":74}},"85":{"start":{"line":144,"column":6},"end":{"line":144,"column":26}},"86":{"start":{"line":146,"column":6},"end":{"line":146,"column":48}},"87":{"start":{"line":147,"column":6},"end":{"line":151,"column":7}},"88":{"start":{"line":148,"column":8},"end":{"line":148,"column":90}},"89":{"start":{"line":150,"column":8},"end":{"line":150,"column":77}},"90":{"start":{"line":155,"column":23},"end":{"line":169,"column":3}},"91":{"start":{"line":156,"column":4},"end":{"line":168,"column":5}},"92":{"start":{"line":157,"column":6},"end":{"line":157,"column":25}},"93":{"start":{"line":158,"column":6},"end":{"line":158,"column":42}},"94":{"start":{"line":159,"column":6},"end":{"line":159,"column":38}},"95":{"start":{"line":160,"column":6},"end":{"line":160,"column":39}},"96":{"start":{"line":161,"column":6},"end":{"line":161,"column":39}},"97":{"start":{"line":162,"column":6},"end":{"line":162,"column":38}},"98":{"start":{"line":163,"column":6},"end":{"line":163,"column":47}},"99":{"start":{"line":164,"column":6},"end":{"line":164,"column":25}},"100":{"start":{"line":166,"column":6},"end":{"line":166,"column":50}},"101":{"start":{"line":167,"column":6},"end":{"line":167,"column":55}},"102":{"start":{"line":171,"column":29},"end":{"line":173,"column":3}},"103":{"start":{"line":172,"column":4},"end":{"line":172,"column":35}},"104":{"start":{"line":175,"column":2},"end":{"line":430,"column":4}},"105":{"start":{"line":202,"column":35},"end":{"line":202,"column":57}},"106":{"start":{"line":271,"column":31},"end":{"line":271,"column":49}},"107":{"start":{"line":280,"column":31},"end":{"line":280,"column":49}},"108":{"start":{"line":288,"column":29},"end":{"line":288,"column":47}},"109":{"start":{"line":344,"column":16},"end":{"line":344,"column":null}},"110":{"start":{"line":367,"column":29},"end":{"line":367,"column":59}},"111":{"start":{"line":372,"column":29},"end":{"line":372,"column":61}},"112":{"start":{"line":376,"column":14},"end":{"line":376,"column":34}},"113":{"start":{"line":400,"column":29},"end":{"line":400,"column":69}},"114":{"start":{"line":400,"column":47},"end":{"line":400,"column":68}},"115":{"start":{"line":410,"column":29},"end":{"line":410,"column":78}},"116":{"start":{"line":410,"column":47},"end":{"line":410,"column":77}},"117":{"start":{"line":433,"column":0},"end":{"line":433,"column":25}}},"fnMap":{"0":{"name":"(anonymous_1)","decl":{"start":{"line":28,"column":28},"end":{"line":28,"column":31}},"loc":{"start":{"line":28,"column":33},"end":{"line":431,"column":1}}},"1":{"name":"(anonymous_2)","decl":{"start":{"line":55,"column":23},"end":{"line":55,"column":26}},"loc":{"start":{"line":55,"column":28},"end":{"line":59,"column":3}}},"2":{"name":"(anonymous_3)","decl":{"start":{"line":61,"column":34},"end":{"line":61,"column":39}},"loc":{"start":{"line":61,"column":45},"end":{"line":96,"column":3}}},"3":{"name":"(anonymous_4)","decl":{"start":{"line":82,"column":67},"end":{"line":82,"column":68}},"loc":{"start":{"line":82,"column":85},"end":{"line":82,"column":96}}},"4":{"name":"(anonymous_5)","decl":{"start":{"line":85,"column":37},"end":{"line":85,"column":38}},"loc":{"start":{"line":85,"column":42},"end":{"line":85,"column":53}}},"5":{"name":"(anonymous_6)","decl":{"start":{"line":98,"column":12},"end":{"line":98,"column":15}},"loc":{"start":{"line":98,"column":17},"end":{"line":120,"column":3}}},"6":{"name":"(anonymous_7)","decl":{"start":{"line":99,"column":30},"end":{"line":99,"column":35}},"loc":{"start":{"line":99,"column":41},"end":{"line":117,"column":5}}},"7":{"name":"(anonymous_8)","decl":{"start":{"line":122,"column":12},"end":{"line":122,"column":15}},"loc":{"start":{"line":122,"column":17},"end":{"line":124,"column":3}}},"8":{"name":"(anonymous_9)","decl":{"start":{"line":126,"column":12},"end":{"line":126,"column":15}},"loc":{"start":{"line":126,"column":17},"end":{"line":128,"column":3}}},"9":{"name":"(anonymous_10)","decl":{"start":{"line":130,"column":26},"end":{"line":130,"column":27}},"loc":{"start":{"line":130,"column":43},"end":{"line":132,"column":3}}},"10":{"name":"(anonymous_11)","decl":{"start":{"line":134,"column":27},"end":{"line":134,"column":30}},"loc":{"start":{"line":134,"column":32},"end":{"line":136,"column":3}}},"11":{"name":"(anonymous_12)","decl":{"start":{"line":138,"column":28},"end":{"line":138,"column":33}},"loc":{"start":{"line":138,"column":54},"end":{"line":153,"column":3}}},"12":{"name":"(anonymous_13)","decl":{"start":{"line":155,"column":23},"end":{"line":155,"column":28}},"loc":{"start":{"line":155,"column":34},"end":{"line":169,"column":3}}},"13":{"name":"(anonymous_14)","decl":{"start":{"line":171,"column":29},"end":{"line":171,"column":30}},"loc":{"start":{"line":171,"column":72},"end":{"line":173,"column":3}}},"14":{"name":"(anonymous_15)","decl":{"start":{"line":202,"column":29},"end":{"line":202,"column":32}},"loc":{"start":{"line":202,"column":35},"end":{"line":202,"column":57}}},"15":{"name":"(anonymous_16)","decl":{"start":{"line":271,"column":25},"end":{"line":271,"column":28}},"loc":{"start":{"line":271,"column":31},"end":{"line":271,"column":49}}},"16":{"name":"(anonymous_17)","decl":{"start":{"line":280,"column":25},"end":{"line":280,"column":28}},"loc":{"start":{"line":280,"column":31},"end":{"line":280,"column":49}}},"17":{"name":"(anonymous_18)","decl":{"start":{"line":288,"column":23},"end":{"line":288,"column":26}},"loc":{"start":{"line":288,"column":29},"end":{"line":288,"column":47}}},"18":{"name":"(anonymous_19)","decl":{"start":{"line":343,"column":31},"end":{"line":343,"column":32}},"loc":{"start":{"line":344,"column":16},"end":{"line":344,"column":null}}},"19":{"name":"(anonymous_20)","decl":{"start":{"line":367,"column":22},"end":{"line":367,"column":23}},"loc":{"start":{"line":367,"column":29},"end":{"line":367,"column":59}}},"20":{"name":"(anonymous_21)","decl":{"start":{"line":372,"column":22},"end":{"line":372,"column":23}},"loc":{"start":{"line":372,"column":29},"end":{"line":372,"column":61}}},"21":{"name":"(anonymous_22)","decl":{"start":{"line":375,"column":24},"end":{"line":375,"column":25}},"loc":{"start":{"line":376,"column":14},"end":{"line":376,"column":34}}},"22":{"name":"(anonymous_23)","decl":{"start":{"line":400,"column":23},"end":{"line":400,"column":26}},"loc":{"start":{"line":400,"column":29},"end":{"line":400,"column":69}}},"23":{"name":"(anonymous_24)","decl":{"start":{"line":400,"column":37},"end":{"line":400,"column":38}},"loc":{"start":{"line":400,"column":47},"end":{"line":400,"column":68}}},"24":{"name":"(anonymous_25)","decl":{"start":{"line":410,"column":23},"end":{"line":410,"column":26}},"loc":{"start":{"line":410,"column":29},"end":{"line":410,"column":78}}},"25":{"name":"(anonymous_26)","decl":{"start":{"line":410,"column":37},"end":{"line":410,"column":38}},"loc":{"start":{"line":410,"column":47},"end":{"line":410,"column":77}}}},"branchMap":{"0":{"loc":{"start":{"line":54,"column":16},"end":{"line":54,"column":67}},"type":"binary-expr","locations":[{"start":{"line":54,"column":16},"end":{"line":54,"column":45}},{"start":{"line":54,"column":49},"end":{"line":54,"column":67}}]},"1":{"loc":{"start":{"line":56,"column":22},"end":{"line":56,"column":52}},"type":"binary-expr","locations":[{"start":{"line":56,"column":22},"end":{"line":56,"column":46}},{"start":{"line":56,"column":50},"end":{"line":56,"column":52}}]},"2":{"loc":{"start":{"line":58,"column":11},"end":{"line":58,"column":86}},"type":"cond-expr","locations":[{"start":{"line":58,"column":23},"end":{"line":58,"column":77}},{"start":{"line":58,"column":80},"end":{"line":58,"column":86}}]},"3":{"loc":{"start":{"line":68,"column":6},"end":{"line":68,"column":69}},"type":"if","locations":[{"start":{"line":68,"column":6},"end":{"line":68,"column":69}}]},"4":{"loc":{"start":{"line":69,"column":6},"end":{"line":69,"column":65}},"type":"if","locations":[{"start":{"line":69,"column":6},"end":{"line":69,"column":65}}]},"5":{"loc":{"start":{"line":75,"column":6},"end":{"line":77,"column":7}},"type":"if","locations":[{"start":{"line":75,"column":6},"end":{"line":77,"column":7}}]},"6":{"loc":{"start":{"line":75,"column":10},"end":{"line":75,"column":39}},"type":"binary-expr","locations":[{"start":{"line":75,"column":10},"end":{"line":75,"column":19}},{"start":{"line":75,"column":23},"end":{"line":75,"column":39}}]},"7":{"loc":{"start":{"line":80,"column":20},"end":{"line":80,"column":51}},"type":"binary-expr","locations":[{"start":{"line":80,"column":20},"end":{"line":80,"column":46}},{"start":{"line":80,"column":50},"end":{"line":80,"column":51}}]},"8":{"loc":{"start":{"line":91,"column":15},"end":{"line":91,"column":78}},"type":"binary-expr","locations":[{"start":{"line":91,"column":15},"end":{"line":91,"column":26}},{"start":{"line":91,"column":30},"end":{"line":91,"column":78}}]},"9":{"loc":{"start":{"line":105,"column":8},"end":{"line":107,"column":9}},"type":"if","locations":[{"start":{"line":105,"column":8},"end":{"line":107,"column":9}}]},"10":{"loc":{"start":{"line":105,"column":12},"end":{"line":105,"column":41}},"type":"binary-expr","locations":[{"start":{"line":105,"column":12},"end":{"line":105,"column":21}},{"start":{"line":105,"column":25},"end":{"line":105,"column":41}}]},"11":{"loc":{"start":{"line":143,"column":24},"end":{"line":143,"column":72}},"type":"binary-expr","locations":[{"start":{"line":143,"column":24},"end":{"line":143,"column":40}},{"start":{"line":143,"column":44},"end":{"line":143,"column":72}}]},"12":{"loc":{"start":{"line":147,"column":6},"end":{"line":151,"column":7}},"type":"if","locations":[{"start":{"line":147,"column":6},"end":{"line":151,"column":7}},{"start":{"line":149,"column":13},"end":{"line":151,"column":7}}]},"13":{"loc":{"start":{"line":150,"column":17},"end":{"line":150,"column":75}},"type":"binary-expr","locations":[{"start":{"line":150,"column":17},"end":{"line":150,"column":28}},{"start":{"line":150,"column":32},"end":{"line":150,"column":75}}]},"14":{"loc":{"start":{"line":204,"column":17},"end":{"line":207,"column":null}},"type":"cond-expr","locations":[{"start":{"line":205,"column":18},"end":{"line":205,"column":112}},{"start":{"line":207,"column":18},"end":{"line":207,"column":115}}]},"15":{"loc":{"start":{"line":213,"column":13},"end":{"line":219,"column":null}},"type":"binary-expr","locations":[{"start":{"line":213,"column":13},"end":{"line":213,"column":38}},{"start":{"line":214,"column":14},"end":{"line":216,"column":null}}]},"16":{"loc":{"start":{"line":221,"column":13},"end":{"line":227,"column":null}},"type":"binary-expr","locations":[{"start":{"line":221,"column":13},"end":{"line":221,"column":32}},{"start":{"line":222,"column":14},"end":{"line":224,"column":null}}]},"17":{"loc":{"start":{"line":264,"column":7},"end":{"line":299,"column":null}},"type":"binary-expr","locations":[{"start":{"line":264,"column":7},"end":{"line":264,"column":15}},{"start":{"line":265,"column":8},"end":{"line":298,"column":null}}]},"18":{"loc":{"start":{"line":267,"column":13},"end":{"line":274,"column":null}},"type":"binary-expr","locations":[{"start":{"line":267,"column":13},"end":{"line":267,"column":38}},{"start":{"line":268,"column":14},"end":{"line":271,"column":null}}]},"19":{"loc":{"start":{"line":276,"column":13},"end":{"line":283,"column":null}},"type":"binary-expr","locations":[{"start":{"line":276,"column":13},"end":{"line":276,"column":32}},{"start":{"line":277,"column":14},"end":{"line":280,"column":null}}]},"20":{"loc":{"start":{"line":303,"column":9},"end":{"line":306,"column":null}},"type":"binary-expr","locations":[{"start":{"line":303,"column":9},"end":{"line":303,"column":23}},{"start":{"line":304,"column":10},"end":{"line":305,"column":null}}]},"21":{"loc":{"start":{"line":308,"column":9},"end":{"line":311,"column":null}},"type":"binary-expr","locations":[{"start":{"line":308,"column":9},"end":{"line":308,"column":14}},{"start":{"line":309,"column":10},"end":{"line":310,"column":null}}]},"22":{"loc":{"start":{"line":324,"column":13},"end":{"line":357,"column":null}},"type":"cond-expr","locations":[{"start":{"line":325,"column":14},"end":{"line":328,"column":null}},{"start":{"line":330,"column":16},"end":{"line":357,"column":null}}]},"23":{"loc":{"start":{"line":330,"column":16},"end":{"line":357,"column":null}},"type":"cond-expr","locations":[{"start":{"line":331,"column":14},"end":{"line":334,"column":null}},{"start":{"line":336,"column":16},"end":{"line":357,"column":null}}]},"24":{"loc":{"start":{"line":336,"column":16},"end":{"line":357,"column":null}},"type":"cond-expr","locations":[{"start":{"line":337,"column":14},"end":{"line":340,"column":null}},{"start":{"line":343,"column":14},"end":{"line":357,"column":16}}]},"25":{"loc":{"start":{"line":347,"column":27},"end":{"line":347,"column":100}},"type":"binary-expr","locations":[{"start":{"line":347,"column":27},"end":{"line":347,"column":43}},{"start":{"line":347,"column":47},"end":{"line":347,"column":100}}]},"26":{"loc":{"start":{"line":384,"column":11},"end":{"line":393,"column":null}},"type":"cond-expr","locations":[{"start":{"line":385,"column":12},"end":{"line":386,"column":null}},{"start":{"line":388,"column":14},"end":{"line":393,"column":null}}]},"27":{"loc":{"start":{"line":388,"column":14},"end":{"line":393,"column":null}},"type":"cond-expr","locations":[{"start":{"line":389,"column":12},"end":{"line":390,"column":null}},{"start":{"line":393,"column":12},"end":{"line":393,"column":146}}]},"28":{"loc":{"start":{"line":388,"column":14},"end":{"line":388,"column":38}},"type":"binary-expr","locations":[{"start":{"line":388,"column":14},"end":{"line":388,"column":19}},{"start":{"line":388,"column":23},"end":{"line":388,"column":38}}]},"29":{"loc":{"start":{"line":393,"column":85},"end":{"line":393,"column":142}},"type":"cond-expr","locations":[{"start":{"line":393,"column":113},"end":{"line":393,"column":130}},{"start":{"line":393,"column":133},"end":{"line":393,"column":142}}]},"30":{"loc":{"start":{"line":397,"column":9},"end":{"line":416,"column":null}},"type":"binary-expr","locations":[{"start":{"line":397,"column":9},"end":{"line":397,"column":23}},{"start":{"line":398,"column":10},"end":{"line":415,"column":null}}]}},"s":{"0":0,"1":0,"2":0,"3":0,"4":0,"5":0,"6":0,"7":0,"8":0,"9":0,"10":0,"11":0,"12":0,"13":0,"14":0,"15":0,"16":0,"17":0,"18":0,"19":0,"20":0,"21":0,"22":0,"23":0,"24":0,"25":0,"26":0,"27":0,"28":0,"29":0,"30":0,"31":0,"32":0,"33":0,"34":0,"35":0,"36":0,"37":0,"38":0,"39":0,"40":0,"41":0,"42":0,"43":0,"44":0,"45":0,"46":0,"47":0,"48":0,"49":0,"50":0,"51":0,"52":0,"53":0,"54":0,"55":0,"56":0,"57":0,"58":0,"59":0,"60":0,"61":0,"62":0,"63":0,"64":0,"65":0,"66":0,"67":0,"68":0,"69":0,"70":0,"71":0,"72":0,"73":0,"74":0,"75":0,"76":0,"77":0,"78":0,"79":0,"80":0,"81":0,"82":0,"83":0,"84":0,"85":0,"86":0,"87":0,"88":0,"89":0,"90":0,"91":0,"92":0,"93":0,"94":0,"95":0,"96":0,"97":0,"98":0,"99":0,"100":0,"101":0,"102":0,"103":0,"104":0,"105":0,"106":0,"107":0,"108":0,"109":0,"110":0,"111":0,"112":0,"113":0,"114":0,"115":0,"116":0,"117":0},"f":{"0":0,"1":0,"2":0,"3":0,"4":0,"5":0,"6":0,"7":0,"8":0,"9":0,"10":0,"11":0,"12":0,"13":0,"14":0,"15":0,"16":0,"17":0,"18":0,"19":0,"20":0,"21":0,"22":0,"23":0,"24":0,"25":0},"b":{"0":[0,0],"1":[0,0],"2":[0,0],"3":[0],"4":[0],"5":[0],"6":[0,0],"7":[0,0],"8":[0,0],"9":[0],"10":[0,0],"11":[0,0],"12":[0,0],"13":[0,0],"14":[0,0],"15":[0,0],"16":[0,0],"17":[0,0],"18":[0,0],"19":[0,0],"20":[0,0],"21":[0,0],"22":[0,0],"23":[0,0],"24":[0,0],"25":[0,0],"26":[0,0],"27":[0,0],"28":[0,0],"29":[0,0],"30":[0,0]}}
,"C:\\Users\\Suraj\\Downloads\\movie_explorer_React_Suraj-features-pushNotification VishalAPi\\movie_explorer_React_Suraj-features-pushNotification\\src\\component\\MovieCard.tsx": {"path":"C:\\Users\\Suraj\\Downloads\\movie_explorer_React_Suraj-features-pushNotification VishalAPi\\movie_explorer_React_Suraj-features-pushNotification\\src\\component\\MovieCard.tsx","statementMap":{"0":{"start":{"line":1,"column":0},"end":{"line":1,"column":48}},"1":{"start":{"line":3,"column":0},"end":{"line":3,"column":47}},"2":{"start":{"line":12,"column":44},"end":{"line":147,"column":1}},"3":{"start":{"line":13,"column":19},"end":{"line":13,"column":32}},"4":{"start":{"line":14,"column":19},"end":{"line":14,"column":47}},"5":{"start":{"line":15,"column":16},"end":{"line":15,"column":45}},"6":{"start":{"line":16,"column":40},"end":{"line":16,"column":55}},"7":{"start":{"line":17,"column":26},"end":{"line":17,"column":61}},"8":{"start":{"line":18,"column":24},"end":{"line":18,"column":33}},"9":{"start":{"line":21,"column":2},"end":{"line":27,"column":3}},"10":{"start":{"line":22,"column":4},"end":{"line":26,"column":6}},"11":{"start":{"line":29,"column":22},"end":{"line":58,"column":3}},"12":{"start":{"line":30,"column":4},"end":{"line":30,"column":31}},"13":{"start":{"line":32,"column":4},"end":{"line":57,"column":5}},"14":{"start":{"line":33,"column":6},"end":{"line":33,"column":27}},"15":{"start":{"line":34,"column":6},"end":{"line":37,"column":15}},"16":{"start":{"line":35,"column":8},"end":{"line":35,"column":30}},"17":{"start":{"line":36,"column":8},"end":{"line":36,"column":34}},"18":{"start":{"line":38,"column":11},"end":{"line":57,"column":5}},"19":{"start":{"line":39,"column":6},"end":{"line":42,"column":7}},"20":{"start":{"line":40,"column":8},"end":{"line":40,"column":46}},"21":{"start":{"line":41,"column":8},"end":{"line":41,"column":39}},"22":{"start":{"line":43,"column":6},"end":{"line":43,"column":28}},"23":{"start":{"line":45,"column":6},"end":{"line":50,"column":7}},"24":{"start":{"line":46,"column":8},"end":{"line":46,"column":53}},"25":{"start":{"line":48,"column":8},"end":{"line":48,"column":26}},"26":{"start":{"line":49,"column":8},"end":{"line":49,"column":15}},"27":{"start":{"line":52,"column":6},"end":{"line":54,"column":7}},"28":{"start":{"line":53,"column":8},"end":{"line":53,"column":28}},"29":{"start":{"line":55,"column":6},"end":{"line":55,"column":44}},"30":{"start":{"line":56,"column":6},"end":{"line":56,"column":32}},"31":{"start":{"line":60,"column":26},"end":{"line":64,"column":3}},"32":{"start":{"line":61,"column":4},"end":{"line":61,"column":24}},"33":{"start":{"line":62,"column":4},"end":{"line":62,"column":26}},"34":{"start":{"line":63,"column":4},"end":{"line":63,"column":45}},"35":{"start":{"line":66,"column":28},"end":{"line":76,"column":3}},"36":{"start":{"line":67,"column":4},"end":{"line":67,"column":24}},"37":{"start":{"line":68,"column":4},"end":{"line":68,"column":26}},"38":{"start":{"line":69,"column":4},"end":{"line":75,"column":5}},"39":{"start":{"line":70,"column":6},"end":{"line":74,"column":7}},"40":{"start":{"line":71,"column":8},"end":{"line":71,"column":38}},"41":{"start":{"line":73,"column":8},"end":{"line":73,"column":52}},"42":{"start":{"line":78,"column":2},"end":{"line":146,"column":4}},"43":{"start":{"line":149,"column":0},"end":{"line":149,"column":25}}},"fnMap":{"0":{"name":"(anonymous_0)","decl":{"start":{"line":12,"column":44},"end":{"line":12,"column":45}},"loc":{"start":{"line":12,"column":87},"end":{"line":147,"column":1}}},"1":{"name":"(anonymous_1)","decl":{"start":{"line":29,"column":22},"end":{"line":29,"column":25}},"loc":{"start":{"line":29,"column":27},"end":{"line":58,"column":3}}},"2":{"name":"(anonymous_2)","decl":{"start":{"line":34,"column":43},"end":{"line":34,"column":46}},"loc":{"start":{"line":34,"column":48},"end":{"line":37,"column":7}}},"3":{"name":"(anonymous_3)","decl":{"start":{"line":60,"column":26},"end":{"line":60,"column":27}},"loc":{"start":{"line":60,"column":50},"end":{"line":64,"column":3}}},"4":{"name":"(anonymous_4)","decl":{"start":{"line":66,"column":28},"end":{"line":66,"column":33}},"loc":{"start":{"line":66,"column":58},"end":{"line":76,"column":3}}}},"branchMap":{"0":{"loc":{"start":{"line":21,"column":2},"end":{"line":27,"column":3}},"type":"if","locations":[{"start":{"line":21,"column":2},"end":{"line":27,"column":3}}]},"1":{"loc":{"start":{"line":21,"column":6},"end":{"line":21,"column":41}},"type":"binary-expr","locations":[{"start":{"line":21,"column":6},"end":{"line":21,"column":12}},{"start":{"line":21,"column":16},"end":{"line":21,"column":25}},{"start":{"line":21,"column":29},"end":{"line":21,"column":41}}]},"2":{"loc":{"start":{"line":32,"column":4},"end":{"line":57,"column":5}},"type":"if","locations":[{"start":{"line":32,"column":4},"end":{"line":57,"column":5}},{"start":{"line":38,"column":11},"end":{"line":57,"column":5}}]},"3":{"loc":{"start":{"line":38,"column":11},"end":{"line":57,"column":5}},"type":"if","locations":[{"start":{"line":38,"column":11},"end":{"line":57,"column":5}}]},"4":{"loc":{"start":{"line":39,"column":6},"end":{"line":42,"column":7}},"type":"if","locations":[{"start":{"line":39,"column":6},"end":{"line":42,"column":7}}]},"5":{"loc":{"start":{"line":45,"column":6},"end":{"line":50,"column":7}},"type":"if","locations":[{"start":{"line":45,"column":6},"end":{"line":50,"column":7}}]},"6":{"loc":{"start":{"line":52,"column":6},"end":{"line":54,"column":7}},"type":"if","locations":[{"start":{"line":52,"column":6},"end":{"line":54,"column":7}}]},"7":{"loc":{"start":{"line":69,"column":4},"end":{"line":75,"column":5}},"type":"if","locations":[{"start":{"line":69,"column":4},"end":{"line":75,"column":5}}]},"8":{"loc":{"start":{"line":69,"column":8},"end":{"line":69,"column":86}},"type":"binary-expr","locations":[{"start":{"line":69,"column":8},"end":{"line":69,"column":21}},{"start":{"line":69,"column":25},"end":{"line":69,"column":86}}]},"9":{"loc":{"start":{"line":84,"column":13},"end":{"line":84,"column":42}},"type":"binary-expr","locations":[{"start":{"line":84,"column":13},"end":{"line":84,"column":29}},{"start":{"line":84,"column":32},"end":{"line":84,"column":42}}]},"10":{"loc":{"start":{"line":89,"column":7},"end":{"line":135,"column":null}},"type":"binary-expr","locations":[{"start":{"line":89,"column":7},"end":{"line":89,"column":32}},{"start":{"line":90,"column":8},"end":{"line":134,"column":null}}]},"11":{"loc":{"start":{"line":93,"column":14},"end":{"line":93,"column":null}},"type":"cond-expr","locations":[{"start":{"line":93,"column":28},"end":{"line":93,"column":41}},{"start":{"line":93,"column":44},"end":{"line":93,"column":null}}]},"12":{"loc":{"start":{"line":116,"column":14},"end":{"line":116,"column":null}},"type":"cond-expr","locations":[{"start":{"line":116,"column":28},"end":{"line":116,"column":41}},{"start":{"line":116,"column":44},"end":{"line":116,"column":null}}]},"13":{"loc":{"start":{"line":139,"column":46},"end":{"line":139,"column":70}},"type":"binary-expr","locations":[{"start":{"line":139,"column":46},"end":{"line":139,"column":57}},{"start":{"line":139,"column":61},"end":{"line":139,"column":70}}]},"14":{"loc":{"start":{"line":141,"column":11},"end":{"line":141,"column":103}},"type":"cond-expr","locations":[{"start":{"line":141,"column":49},"end":{"line":141,"column":95}},{"start":{"line":141,"column":98},"end":{"line":141,"column":103}}]}},"s":{"0":0,"1":0,"2":0,"3":0,"4":0,"5":0,"6":0,"7":0,"8":0,"9":0,"10":0,"11":0,"12":0,"13":0,"14":0,"15":0,"16":0,"17":0,"18":0,"19":0,"20":0,"21":0,"22":0,"23":0,"24":0,"25":0,"26":0,"27":0,"28":0,"29":0,"30":0,"31":0,"32":0,"33":0,"34":0,"35":0,"36":0,"37":0,"38":0,"39":0,"40":0,"41":0,"42":0,"43":0},"f":{"0":0,"1":0,"2":0,"3":0,"4":0},"b":{"0":[0],"1":[0,0,0],"2":[0,0],"3":[0],"4":[0],"5":[0],"6":[0],"7":[0],"8":[0,0],"9":[0,0],"10":[0,0],"11":[0,0],"12":[0,0],"13":[0,0],"14":[0,0]}}
,"C:\\Users\\Suraj\\Downloads\\movie_explorer_React_Suraj-features-pushNotification VishalAPi\\movie_explorer_React_Suraj-features-pushNotification\\src\\component\\MovieDetails.tsx": {"path":"C:\\Users\\Suraj\\Downloads\\movie_explorer_React_Suraj-features-pushNotification VishalAPi\\movie_explorer_React_Suraj-features-pushNotification\\src\\component\\MovieDetails.tsx","statementMap":{"0":{"start":{"line":1,"column":0},"end":{"line":1,"column":51}},"1":{"start":{"line":2,"column":0},"end":{"line":2,"column":58}},"2":{"start":{"line":3,"column":0},"end":{"line":3,"column":47}},"3":{"start":{"line":10,"column":48},"end":{"line":299,"column":1}},"4":{"start":{"line":11,"column":17},"end":{"line":11,"column":44}},"5":{"start":{"line":12,"column":19},"end":{"line":12,"column":32}},"6":{"start":{"line":13,"column":28},"end":{"line":13,"column":56}},"7":{"start":{"line":14,"column":32},"end":{"line":14,"column":55}},"8":{"start":{"line":15,"column":28},"end":{"line":15,"column":57}},"9":{"start":{"line":16,"column":16},"end":{"line":16,"column":45}},"10":{"start":{"line":18,"column":2},"end":{"line":22,"column":24}},"11":{"start":{"line":19,"column":4},"end":{"line":21,"column":5}},"12":{"start":{"line":20,"column":6},"end":{"line":20,"column":20}},"13":{"start":{"line":24,"column":2},"end":{"line":42,"column":11}},"14":{"start":{"line":25,"column":29},"end":{"line":39,"column":5}},"15":{"start":{"line":26,"column":6},"end":{"line":26,"column":22}},"16":{"start":{"line":26,"column":15},"end":{"line":26,"column":22}},"17":{"start":{"line":28,"column":6},"end":{"line":38,"column":7}},"18":{"start":{"line":29,"column":8},"end":{"line":29,"column":25}},"19":{"start":{"line":30,"column":21},"end":{"line":30,"column":51}},"20":{"start":{"line":31,"column":8},"end":{"line":31,"column":23}},"21":{"start":{"line":32,"column":8},"end":{"line":32,"column":23}},"22":{"start":{"line":34,"column":8},"end":{"line":34,"column":60}},"23":{"start":{"line":35,"column":8},"end":{"line":35,"column":64}},"24":{"start":{"line":37,"column":8},"end":{"line":37,"column":26}},"25":{"start":{"line":41,"column":4},"end":{"line":41,"column":23}},"26":{"start":{"line":44,"column":2},"end":{"line":44,"column":33}},"27":{"start":{"line":44,"column":21},"end":{"line":44,"column":33}},"28":{"start":{"line":47,"column":30},"end":{"line":53,"column":3}},"29":{"start":{"line":48,"column":4},"end":{"line":52,"column":5}},"30":{"start":{"line":49,"column":6},"end":{"line":49,"column":70}},"31":{"start":{"line":50,"column":6},"end":{"line":50,"column":16}},"32":{"start":{"line":51,"column":6},"end":{"line":51,"column":20}},"33":{"start":{"line":56,"column":22},"end":{"line":61,"column":3}},"34":{"start":{"line":57,"column":4},"end":{"line":57,"column":24}},"35":{"start":{"line":58,"column":4},"end":{"line":58,"column":72}},"36":{"start":{"line":59,"column":4},"end":{"line":59,"column":14}},"37":{"start":{"line":60,"column":4},"end":{"line":60,"column":18}},"38":{"start":{"line":64,"column":26},"end":{"line":68,"column":3}},"39":{"start":{"line":65,"column":4},"end":{"line":65,"column":24}},"40":{"start":{"line":66,"column":4},"end":{"line":66,"column":46}},"41":{"start":{"line":67,"column":4},"end":{"line":67,"column":25}},"42":{"start":{"line":70,"column":2},"end":{"line":298,"column":4}},"43":{"start":{"line":301,"column":0},"end":{"line":301,"column":27}}},"fnMap":{"0":{"name":"(anonymous_0)","decl":{"start":{"line":10,"column":48},"end":{"line":10,"column":49}},"loc":{"start":{"line":10,"column":75},"end":{"line":299,"column":1}}},"1":{"name":"(anonymous_1)","decl":{"start":{"line":10,"column":61},"end":{"line":10,"column":64}},"loc":{"start":{"line":10,"column":66},"end":{"line":10,"column":69}}},"2":{"name":"(anonymous_2)","decl":{"start":{"line":18,"column":12},"end":{"line":18,"column":15}},"loc":{"start":{"line":18,"column":17},"end":{"line":22,"column":3}}},"3":{"name":"(anonymous_3)","decl":{"start":{"line":24,"column":12},"end":{"line":24,"column":15}},"loc":{"start":{"line":24,"column":17},"end":{"line":42,"column":3}}},"4":{"name":"(anonymous_4)","decl":{"start":{"line":25,"column":29},"end":{"line":25,"column":34}},"loc":{"start":{"line":25,"column":40},"end":{"line":39,"column":5}}},"5":{"name":"(anonymous_5)","decl":{"start":{"line":47,"column":30},"end":{"line":47,"column":31}},"loc":{"start":{"line":47,"column":54},"end":{"line":53,"column":3}}},"6":{"name":"(anonymous_6)","decl":{"start":{"line":56,"column":22},"end":{"line":56,"column":23}},"loc":{"start":{"line":56,"column":46},"end":{"line":61,"column":3}}},"7":{"name":"(anonymous_7)","decl":{"start":{"line":64,"column":26},"end":{"line":64,"column":27}},"loc":{"start":{"line":64,"column":50},"end":{"line":68,"column":3}}}},"branchMap":{"0":{"loc":{"start":{"line":10,"column":51},"end":{"line":10,"column":69}},"type":"default-arg","locations":[{"start":{"line":10,"column":61},"end":{"line":10,"column":69}}]},"1":{"loc":{"start":{"line":19,"column":4},"end":{"line":21,"column":5}},"type":"if","locations":[{"start":{"line":19,"column":4},"end":{"line":21,"column":5}}]},"2":{"loc":{"start":{"line":26,"column":6},"end":{"line":26,"column":22}},"type":"if","locations":[{"start":{"line":26,"column":6},"end":{"line":26,"column":22}}]},"3":{"loc":{"start":{"line":35,"column":17},"end":{"line":35,"column":62}},"type":"binary-expr","locations":[{"start":{"line":35,"column":17},"end":{"line":35,"column":28}},{"start":{"line":35,"column":32},"end":{"line":35,"column":62}}]},"4":{"loc":{"start":{"line":44,"column":2},"end":{"line":44,"column":33}},"type":"if","locations":[{"start":{"line":44,"column":2},"end":{"line":44,"column":33}}]},"5":{"loc":{"start":{"line":44,"column":6},"end":{"line":44,"column":19}},"type":"binary-expr","locations":[{"start":{"line":44,"column":6},"end":{"line":44,"column":9}},{"start":{"line":44,"column":13},"end":{"line":44,"column":19}}]},"6":{"loc":{"start":{"line":48,"column":4},"end":{"line":52,"column":5}},"type":"if","locations":[{"start":{"line":48,"column":4},"end":{"line":52,"column":5}}]},"7":{"loc":{"start":{"line":75,"column":10},"end":{"line":76,"column":null}},"type":"binary-expr","locations":[{"start":{"line":75,"column":10},"end":{"line":75,"column":27}},{"start":{"line":76,"column":10},"end":{"line":76,"column":null}}]},"8":{"loc":{"start":{"line":88,"column":9},"end":{"line":294,"column":null}},"type":"cond-expr","locations":[{"start":{"line":89,"column":10},"end":{"line":90,"column":null}},{"start":{"line":92,"column":12},"end":{"line":294,"column":null}}]},"9":{"loc":{"start":{"line":92,"column":12},"end":{"line":294,"column":null}},"type":"cond-expr","locations":[{"start":{"line":93,"column":10},"end":{"line":100,"column":null}},{"start":{"line":102,"column":12},"end":{"line":294,"column":null}}]},"10":{"loc":{"start":{"line":102,"column":12},"end":{"line":294,"column":null}},"type":"cond-expr","locations":[{"start":{"line":103,"column":10},"end":{"line":291,"column":null}},{"start":{"line":294,"column":10},"end":{"line":294,"column":70}}]},"11":{"loc":{"start":{"line":131,"column":22},"end":{"line":132,"column":194}},"type":"binary-expr","locations":[{"start":{"line":131,"column":22},"end":{"line":131,"column":38}},{"start":{"line":132,"column":22},"end":{"line":132,"column":194}}]},"12":{"loc":{"start":{"line":287,"column":58},"end":{"line":287,"column":86}},"type":"cond-expr","locations":[{"start":{"line":287,"column":74},"end":{"line":287,"column":79}},{"start":{"line":287,"column":82},"end":{"line":287,"column":86}}]}},"s":{"0":0,"1":0,"2":0,"3":0,"4":0,"5":0,"6":0,"7":0,"8":0,"9":0,"10":0,"11":0,"12":0,"13":0,"14":0,"15":0,"16":0,"17":0,"18":0,"19":0,"20":0,"21":0,"22":0,"23":0,"24":0,"25":0,"26":0,"27":0,"28":0,"29":0,"30":0,"31":0,"32":0,"33":0,"34":0,"35":0,"36":0,"37":0,"38":0,"39":0,"40":0,"41":0,"42":0,"43":0},"f":{"0":0,"1":0,"2":0,"3":0,"4":0,"5":0,"6":0,"7":0},"b":{"0":[0],"1":[0],"2":[0],"3":[0,0],"4":[0],"5":[0,0],"6":[0],"7":[0,0],"8":[0,0],"9":[0,0],"10":[0,0],"11":[0,0],"12":[0,0]}}
,"C:\\Users\\Suraj\\Downloads\\movie_explorer_React_Suraj-features-pushNotification VishalAPi\\movie_explorer_React_Suraj-features-pushNotification\\src\\component\\MovieList.tsx": {"path":"C:\\Users\\Suraj\\Downloads\\movie_explorer_React_Suraj-features-pushNotification VishalAPi\\movie_explorer_React_Suraj-features-pushNotification\\src\\component\\MovieList.tsx","statementMap":{"0":{"start":{"line":1,"column":0},"end":{"line":1,"column":74}},"1":{"start":{"line":2,"column":0},"end":{"line":2,"column":36}},"2":{"start":{"line":3,"column":0},"end":{"line":3,"column":43}},"3":{"start":{"line":22,"column":30},"end":{"line":22,"column":67}},"4":{"start":{"line":25,"column":4},"end":{"line":25,"column":59}},"5":{"start":{"line":29,"column":4},"end":{"line":29,"column":37}},"6":{"start":{"line":33,"column":4},"end":{"line":33,"column":70}},"7":{"start":{"line":37,"column":4},"end":{"line":44,"column":5}},"8":{"start":{"line":38,"column":6},"end":{"line":43,"column":8}},"9":{"start":{"line":45,"column":4},"end":{"line":45,"column":31}},"10":{"start":{"line":49,"column":44},"end":{"line":170,"column":1}},"11":{"start":{"line":50,"column":2},"end":{"line":53,"column":9}},"12":{"start":{"line":51,"column":4},"end":{"line":51,"column":27}},"13":{"start":{"line":52,"column":4},"end":{"line":52,"column":38}},"14":{"start":{"line":56,"column":27},"end":{"line":56,"column":80}},"15":{"start":{"line":56,"column":52},"end":{"line":56,"column":79}},"16":{"start":{"line":59,"column":25},"end":{"line":59,"column":75}},"17":{"start":{"line":59,"column":50},"end":{"line":59,"column":74}},"18":{"start":{"line":61,"column":20},"end":{"line":70,"column":4}},"19":{"start":{"line":73,"column":47},"end":{"line":85,"column":4}},"20":{"start":{"line":76,"column":6},"end":{"line":81,"column":null}},"21":{"start":{"line":88,"column":46},"end":{"line":100,"column":4}},"22":{"start":{"line":91,"column":6},"end":{"line":96,"column":null}},"23":{"start":{"line":103,"column":41},"end":{"line":115,"column":4}},"24":{"start":{"line":106,"column":6},"end":{"line":111,"column":null}},"25":{"start":{"line":118,"column":44},"end":{"line":141,"column":4}},"26":{"start":{"line":121,"column":6},"end":{"line":130,"column":null}},"27":{"start":{"line":127,"column":12},"end":{"line":127,"column":82}},"28":{"start":{"line":143,"column":2},"end":{"line":169,"column":4}},"29":{"start":{"line":172,"column":0},"end":{"line":172,"column":25}}},"fnMap":{"0":{"name":"(anonymous_1)","decl":{"start":{"line":24,"column":2},"end":{"line":24,"column":8}},"loc":{"start":{"line":24,"column":46},"end":{"line":26,"column":3}}},"1":{"name":"(anonymous_2)","decl":{"start":{"line":28,"column":2},"end":{"line":28,"column":19}},"loc":{"start":{"line":28,"column":19},"end":{"line":30,"column":3}}},"2":{"name":"(anonymous_3)","decl":{"start":{"line":32,"column":2},"end":{"line":32,"column":19}},"loc":{"start":{"line":32,"column":54},"end":{"line":34,"column":3}}},"3":{"name":"(anonymous_4)","decl":{"start":{"line":36,"column":2},"end":{"line":36,"column":8}},"loc":{"start":{"line":36,"column":8},"end":{"line":46,"column":3}}},"4":{"name":"(anonymous_5)","decl":{"start":{"line":49,"column":44},"end":{"line":49,"column":45}},"loc":{"start":{"line":49,"column":88},"end":{"line":170,"column":1}}},"5":{"name":"(anonymous_6)","decl":{"start":{"line":50,"column":12},"end":{"line":50,"column":15}},"loc":{"start":{"line":50,"column":17},"end":{"line":53,"column":3}}},"6":{"name":"(anonymous_7)","decl":{"start":{"line":56,"column":41},"end":{"line":56,"column":42}},"loc":{"start":{"line":56,"column":52},"end":{"line":56,"column":79}}},"7":{"name":"(anonymous_8)","decl":{"start":{"line":59,"column":39},"end":{"line":59,"column":40}},"loc":{"start":{"line":59,"column":50},"end":{"line":59,"column":74}}},"8":{"name":"(anonymous_9)","decl":{"start":{"line":75,"column":17},"end":{"line":75,"column":18}},"loc":{"start":{"line":76,"column":6},"end":{"line":81,"column":null}}},"9":{"name":"(anonymous_10)","decl":{"start":{"line":90,"column":17},"end":{"line":90,"column":18}},"loc":{"start":{"line":91,"column":6},"end":{"line":96,"column":null}}},"10":{"name":"(anonymous_11)","decl":{"start":{"line":105,"column":17},"end":{"line":105,"column":18}},"loc":{"start":{"line":106,"column":6},"end":{"line":111,"column":null}}},"11":{"name":"(anonymous_12)","decl":{"start":{"line":120,"column":17},"end":{"line":120,"column":18}},"loc":{"start":{"line":121,"column":6},"end":{"line":130,"column":null}}},"12":{"name":"(anonymous_13)","decl":{"start":{"line":126,"column":19},"end":{"line":126,"column":20}},"loc":{"start":{"line":126,"column":25},"end":{"line":128,"column":11}}}},"branchMap":{"0":{"loc":{"start":{"line":37,"column":4},"end":{"line":44,"column":5}},"type":"if","locations":[{"start":{"line":37,"column":4},"end":{"line":44,"column":5}}]},"1":{"loc":{"start":{"line":148,"column":9},"end":{"line":148,"column":104}},"type":"cond-expr","locations":[{"start":{"line":148,"column":29},"end":{"line":148,"column":48}},{"start":{"line":148,"column":51},"end":{"line":148,"column":104}}]},"2":{"loc":{"start":{"line":154,"column":9},"end":{"line":154,"column":120}},"type":"cond-expr","locations":[{"start":{"line":154,"column":37},"end":{"line":154,"column":55}},{"start":{"line":154,"column":58},"end":{"line":154,"column":120}}]},"3":{"loc":{"start":{"line":160,"column":9},"end":{"line":160,"column":134}},"type":"cond-expr","locations":[{"start":{"line":160,"column":39},"end":{"line":160,"column":52}},{"start":{"line":160,"column":55},"end":{"line":160,"column":134}}]},"4":{"loc":{"start":{"line":166,"column":9},"end":{"line":166,"column":104}},"type":"cond-expr","locations":[{"start":{"line":166,"column":32},"end":{"line":166,"column":48}},{"start":{"line":166,"column":51},"end":{"line":166,"column":104}}]}},"s":{"0":0,"1":0,"2":0,"3":0,"4":0,"5":0,"6":0,"7":0,"8":0,"9":0,"10":0,"11":0,"12":0,"13":0,"14":0,"15":0,"16":0,"17":0,"18":0,"19":0,"20":0,"21":0,"22":0,"23":0,"24":0,"25":0,"26":0,"27":0,"28":0,"29":0},"f":{"0":0,"1":0,"2":0,"3":0,"4":0,"5":0,"6":0,"7":0,"8":0,"9":0,"10":0,"11":0,"12":0},"b":{"0":[0],"1":[0,0],"2":[0,0],"3":[0,0],"4":[0,0]}}
,"C:\\Users\\Suraj\\Downloads\\movie_explorer_React_Suraj-features-pushNotification VishalAPi\\movie_explorer_React_Suraj-features-pushNotification\\src\\component\\PricingPlans.tsx": {"path":"C:\\Users\\Suraj\\Downloads\\movie_explorer_React_Suraj-features-pushNotification VishalAPi\\movie_explorer_React_Suraj-features-pushNotification\\src\\component\\PricingPlans.tsx","statementMap":{"0":{"start":{"line":1,"column":0},"end":{"line":1,"column":51}},"1":{"start":{"line":2,"column":0},"end":{"line":2,"column":39}},"2":{"start":{"line":3,"column":0},"end":{"line":3,"column":78}},"3":{"start":{"line":4,"column":0},"end":{"line":4,"column":28}},"4":{"start":{"line":5,"column":0},"end":{"line":5,"column":61}},"5":{"start":{"line":6,"column":0},"end":{"line":6,"column":55}},"6":{"start":{"line":7,"column":0},"end":{"line":7,"column":47}},"7":{"start":{"line":8,"column":0},"end":{"line":8,"column":20}},"8":{"start":{"line":9,"column":0},"end":{"line":9,"column":37}},"9":{"start":{"line":10,"column":0},"end":{"line":10,"column":31}},"10":{"start":{"line":11,"column":0},"end":{"line":11,"column":47}},"11":{"start":{"line":12,"column":0},"end":{"line":12,"column":77}},"12":{"start":{"line":15,"column":22},"end":{"line":46,"column":2}},"13":{"start":{"line":48,"column":35},"end":{"line":289,"column":1}},"14":{"start":{"line":49,"column":2},"end":{"line":49,"column":24}},"15":{"start":{"line":50,"column":17},"end":{"line":50,"column":28}},"16":{"start":{"line":51,"column":19},"end":{"line":51,"column":32}},"17":{"start":{"line":52,"column":19},"end":{"line":52,"column":32}},"18":{"start":{"line":53,"column":42},"end":{"line":53,"column":71}},"19":{"start":{"line":54,"column":42},"end":{"line":54,"column":57}},"20":{"start":{"line":55,"column":28},"end":{"line":55,"column":57}},"21":{"start":{"line":56,"column":36},"end":{"line":56,"column":65}},"22":{"start":{"line":58,"column":2},"end":{"line":79,"column":9}},"23":{"start":{"line":59,"column":19},"end":{"line":76,"column":6}},"24":{"start":{"line":78,"column":4},"end":{"line":78,"column":34}},"25":{"start":{"line":78,"column":17},"end":{"line":78,"column":33}},"26":{"start":{"line":81,"column":26},"end":{"line":122,"column":3}},"27":{"start":{"line":82,"column":4},"end":{"line":85,"column":5}},"28":{"start":{"line":83,"column":6},"end":{"line":83,"column":40}},"29":{"start":{"line":84,"column":6},"end":{"line":84,"column":13}},"30":{"start":{"line":87,"column":4},"end":{"line":90,"column":5}},"31":{"start":{"line":88,"column":6},"end":{"line":88,"column":63}},"32":{"start":{"line":89,"column":6},"end":{"line":89,"column":13}},"33":{"start":{"line":92,"column":4},"end":{"line":92,"column":26}},"34":{"start":{"line":93,"column":4},"end":{"line":93,"column":19}},"35":{"start":{"line":94,"column":4},"end":{"line":94,"column":23}},"36":{"start":{"line":96,"column":4},"end":{"line":121,"column":5}},"37":{"start":{"line":98,"column":68},"end":{"line":98,"column":106}},"38":{"start":{"line":99,"column":6},"end":{"line":99,"column":98}},"39":{"start":{"line":101,"column":21},"end":{"line":106,"column":8}},"40":{"start":{"line":108,"column":6},"end":{"line":112,"column":7}},"41":{"start":{"line":109,"column":8},"end":{"line":109,"column":89}},"42":{"start":{"line":110,"column":8},"end":{"line":110,"column":31}},"43":{"start":{"line":111,"column":8},"end":{"line":111,"column":15}},"44":{"start":{"line":114,"column":28},"end":{"line":114,"column":72}},"45":{"start":{"line":115,"column":6},"end":{"line":115,"column":60}},"46":{"start":{"line":116,"column":6},"end":{"line":116,"column":40}},"47":{"start":{"line":118,"column":6},"end":{"line":118,"column":54}},"48":{"start":{"line":119,"column":6},"end":{"line":119,"column":83}},"49":{"start":{"line":120,"column":6},"end":{"line":120,"column":29}},"50":{"start":{"line":124,"column":2},"end":{"line":288,"column":4}},"51":{"start":{"line":130,"column":27},"end":{"line":130,"column":40}},"52":{"start":{"line":164,"column":16},"end":{"line":164,"column":35}},"53":{"start":{"line":181,"column":24},"end":{"line":181,"column":40}},"54":{"start":{"line":199,"column":37},"end":{"line":199,"column":61}},"55":{"start":{"line":220,"column":57},"end":{"line":220,"column":78}},"56":{"start":{"line":221,"column":35},"end":{"line":221,"column":56}},"57":{"start":{"line":291,"column":0},"end":{"line":291,"column":32}}},"fnMap":{"0":{"name":"(anonymous_1)","decl":{"start":{"line":48,"column":35},"end":{"line":48,"column":38}},"loc":{"start":{"line":48,"column":40},"end":{"line":289,"column":1}}},"1":{"name":"(anonymous_2)","decl":{"start":{"line":58,"column":12},"end":{"line":58,"column":15}},"loc":{"start":{"line":58,"column":17},"end":{"line":79,"column":3}}},"2":{"name":"(anonymous_3)","decl":{"start":{"line":78,"column":11},"end":{"line":78,"column":14}},"loc":{"start":{"line":78,"column":17},"end":{"line":78,"column":33}}},"3":{"name":"(anonymous_4)","decl":{"start":{"line":81,"column":26},"end":{"line":81,"column":31}},"loc":{"start":{"line":81,"column":37},"end":{"line":122,"column":3}}},"4":{"name":"(anonymous_5)","decl":{"start":{"line":130,"column":21},"end":{"line":130,"column":24}},"loc":{"start":{"line":130,"column":27},"end":{"line":130,"column":40}}},"5":{"name":"(anonymous_6)","decl":{"start":{"line":163,"column":25},"end":{"line":163,"column":26}},"loc":{"start":{"line":164,"column":16},"end":{"line":164,"column":35}}},"6":{"name":"(anonymous_7)","decl":{"start":{"line":180,"column":41},"end":{"line":180,"column":42}},"loc":{"start":{"line":181,"column":24},"end":{"line":181,"column":40}}},"7":{"name":"(anonymous_8)","decl":{"start":{"line":199,"column":31},"end":{"line":199,"column":34}},"loc":{"start":{"line":199,"column":37},"end":{"line":199,"column":61}}},"8":{"name":"(anonymous_9)","decl":{"start":{"line":220,"column":50},"end":{"line":220,"column":51}},"loc":{"start":{"line":220,"column":57},"end":{"line":220,"column":78}}},"9":{"name":"(anonymous_10)","decl":{"start":{"line":221,"column":28},"end":{"line":221,"column":29}},"loc":{"start":{"line":221,"column":35},"end":{"line":221,"column":56}}}},"branchMap":{"0":{"loc":{"start":{"line":82,"column":4},"end":{"line":85,"column":5}},"type":"if","locations":[{"start":{"line":82,"column":4},"end":{"line":85,"column":5}}]},"1":{"loc":{"start":{"line":87,"column":4},"end":{"line":90,"column":5}},"type":"if","locations":[{"start":{"line":87,"column":4},"end":{"line":90,"column":5}}]},"2":{"loc":{"start":{"line":87,"column":8},"end":{"line":87,"column":28}},"type":"binary-expr","locations":[{"start":{"line":87,"column":8},"end":{"line":87,"column":15}},{"start":{"line":87,"column":19},"end":{"line":87,"column":28}}]},"3":{"loc":{"start":{"line":104,"column":36},"end":{"line":104,"column":96}},"type":"binary-expr","locations":[{"start":{"line":104,"column":36},"end":{"line":104,"column":90}},{"start":{"line":104,"column":94},"end":{"line":104,"column":96}}]},"4":{"loc":{"start":{"line":104,"column":47},"end":{"line":104,"column":83}},"type":"binary-expr","locations":[{"start":{"line":104,"column":47},"end":{"line":104,"column":75}},{"start":{"line":104,"column":79},"end":{"line":104,"column":83}}]},"5":{"loc":{"start":{"line":108,"column":6},"end":{"line":112,"column":7}},"type":"if","locations":[{"start":{"line":108,"column":6},"end":{"line":112,"column":7}}]},"6":{"loc":{"start":{"line":109,"column":21},"end":{"line":109,"column":87}},"type":"binary-expr","locations":[{"start":{"line":109,"column":21},"end":{"line":109,"column":41}},{"start":{"line":109,"column":45},"end":{"line":109,"column":87}}]},"7":{"loc":{"start":{"line":119,"column":15},"end":{"line":119,"column":81}},"type":"binary-expr","locations":[{"start":{"line":119,"column":15},"end":{"line":119,"column":26}},{"start":{"line":119,"column":30},"end":{"line":119,"column":81}}]},"8":{"loc":{"start":{"line":168,"column":22},"end":{"line":168,"column":null}},"type":"cond-expr","locations":[{"start":{"line":168,"column":49},"end":{"line":168,"column":66}},{"start":{"line":168,"column":69},"end":{"line":168,"column":null}}]},"9":{"loc":{"start":{"line":171,"column":21},"end":{"line":174,"column":null}},"type":"binary-expr","locations":[{"start":{"line":171,"column":21},"end":{"line":171,"column":33}},{"start":{"line":172,"column":22},"end":{"line":172,"column":null}}]},"10":{"loc":{"start":{"line":195,"column":24},"end":{"line":197,"column":null}},"type":"cond-expr","locations":[{"start":{"line":196,"column":28},"end":{"line":196,"column":52}},{"start":{"line":197,"column":28},"end":{"line":197,"column":null}}]},"11":{"loc":{"start":{"line":201,"column":23},"end":{"line":201,"column":76}},"type":"cond-expr","locations":[{"start":{"line":201,"column":50},"end":{"line":201,"column":60}},{"start":{"line":201,"column":63},"end":{"line":201,"column":76}}]},"12":{"loc":{"start":{"line":211,"column":11},"end":{"line":283,"column":null}},"type":"binary-expr","locations":[{"start":{"line":211,"column":11},"end":{"line":211,"column":23}},{"start":{"line":212,"column":12},"end":{"line":282,"column":null}}]},"13":{"loc":{"start":{"line":239,"column":17},"end":{"line":239,"column":86}},"type":"binary-expr","locations":[{"start":{"line":239,"column":17},"end":{"line":239,"column":26}},{"start":{"line":239,"column":30},"end":{"line":239,"column":86}}]},"14":{"loc":{"start":{"line":241,"column":15},"end":{"line":241,"column":76}},"type":"binary-expr","locations":[{"start":{"line":241,"column":15},"end":{"line":241,"column":20}},{"start":{"line":241,"column":24},"end":{"line":241,"column":76}}]},"15":{"loc":{"start":{"line":244,"column":18},"end":{"line":246,"column":null}},"type":"cond-expr","locations":[{"start":{"line":245,"column":22},"end":{"line":245,"column":54}},{"start":{"line":246,"column":22},"end":{"line":246,"column":null}}]},"16":{"loc":{"start":{"line":244,"column":18},"end":{"line":244,"column":54}},"type":"binary-expr","locations":[{"start":{"line":244,"column":18},"end":{"line":244,"column":30}},{"start":{"line":244,"column":34},"end":{"line":244,"column":41}},{"start":{"line":244,"column":45},"end":{"line":244,"column":54}}]},"17":{"loc":{"start":{"line":248,"column":26},"end":{"line":248,"column":62}},"type":"binary-expr","locations":[{"start":{"line":248,"column":26},"end":{"line":248,"column":38}},{"start":{"line":248,"column":42},"end":{"line":248,"column":49}},{"start":{"line":248,"column":53},"end":{"line":248,"column":62}}]},"18":{"loc":{"start":{"line":251,"column":17},"end":{"line":277,"column":null}},"type":"cond-expr","locations":[{"start":{"line":252,"column":18},"end":{"line":264,"column":null}},{"start":{"line":268,"column":18},"end":{"line":276,"column":null}}]}},"s":{"0":0,"1":0,"2":0,"3":0,"4":0,"5":0,"6":0,"7":0,"8":0,"9":0,"10":0,"11":0,"12":0,"13":0,"14":0,"15":0,"16":0,"17":0,"18":0,"19":0,"20":0,"21":0,"22":0,"23":0,"24":0,"25":0,"26":0,"27":0,"28":0,"29":0,"30":0,"31":0,"32":0,"33":0,"34":0,"35":0,"36":0,"37":0,"38":0,"39":0,"40":0,"41":0,"42":0,"43":0,"44":0,"45":0,"46":0,"47":0,"48":0,"49":0,"50":0,"51":0,"52":0,"53":0,"54":0,"55":0,"56":0,"57":0},"f":{"0":0,"1":0,"2":0,"3":0,"4":0,"5":0,"6":0,"7":0,"8":0,"9":0},"b":{"0":[0],"1":[0],"2":[0,0],"3":[0,0],"4":[0,0],"5":[0],"6":[0,0],"7":[0,0],"8":[0,0],"9":[0,0],"10":[0,0],"11":[0,0],"12":[0,0],"13":[0,0],"14":[0,0],"15":[0,0],"16":[0,0,0],"17":[0,0,0],"18":[0,0]}}
,"C:\\Users\\Suraj\\Downloads\\movie_explorer_React_Suraj-features-pushNotification VishalAPi\\movie_explorer_React_Suraj-features-pushNotification\\src\\component\\Profile.tsx": {"path":"C:\\Users\\Suraj\\Downloads\\movie_explorer_React_Suraj-features-pushNotification VishalAPi\\movie_explorer_React_Suraj-features-pushNotification\\src\\component\\Profile.tsx","statementMap":{"0":{"start":{"line":1,"column":0},"end":{"line":1,"column":41}},"1":{"start":{"line":19,"column":24},"end":{"line":21,"column":4}},"2":{"start":{"line":24,"column":4},"end":{"line":32,"column":5}},"3":{"start":{"line":25,"column":23},"end":{"line":25,"column":51}},"4":{"start":{"line":26,"column":6},"end":{"line":29,"column":7}},"5":{"start":{"line":27,"column":27},"end":{"line":27,"column":47}},"6":{"start":{"line":28,"column":8},"end":{"line":28,"column":32}},"7":{"start":{"line":31,"column":6},"end":{"line":31,"column":71}},"8":{"start":{"line":35,"column":15},"end":{"line":44,"column":3}},"9":{"start":{"line":36,"column":4},"end":{"line":43,"column":7}},"10":{"start":{"line":46,"column":17},"end":{"line":48,"column":3}},"11":{"start":{"line":47,"column":4},"end":{"line":47,"column":31}},"12":{"start":{"line":51,"column":21},"end":{"line":51,"column":31}},"13":{"start":{"line":53,"column":4},"end":{"line":68,"column":5}},"14":{"start":{"line":54,"column":6},"end":{"line":67,"column":8}},"15":{"start":{"line":70,"column":4},"end":{"line":117,"column":6}},"16":{"start":{"line":121,"column":0},"end":{"line":121,"column":23}}},"fnMap":{"0":{"name":"(anonymous_0)","decl":{"start":{"line":23,"column":2},"end":{"line":23,"column":19}},"loc":{"start":{"line":23,"column":19},"end":{"line":33,"column":3}}},"1":{"name":"(anonymous_1)","decl":{"start":{"line":35,"column":15},"end":{"line":35,"column":16}},"loc":{"start":{"line":35,"column":46},"end":{"line":44,"column":3}}},"2":{"name":"(anonymous_2)","decl":{"start":{"line":46,"column":17},"end":{"line":46,"column":20}},"loc":{"start":{"line":46,"column":22},"end":{"line":48,"column":3}}},"3":{"name":"(anonymous_3)","decl":{"start":{"line":50,"column":2},"end":{"line":50,"column":8}},"loc":{"start":{"line":50,"column":8},"end":{"line":118,"column":3}}}},"branchMap":{"0":{"loc":{"start":{"line":26,"column":6},"end":{"line":29,"column":7}},"type":"if","locations":[{"start":{"line":26,"column":6},"end":{"line":29,"column":7}}]},"1":{"loc":{"start":{"line":53,"column":4},"end":{"line":68,"column":5}},"type":"if","locations":[{"start":{"line":53,"column":4},"end":{"line":68,"column":5}}]}},"s":{"0":0,"1":0,"2":0,"3":0,"4":0,"5":0,"6":0,"7":0,"8":0,"9":0,"10":0,"11":0,"12":0,"13":0,"14":0,"15":0,"16":0},"f":{"0":0,"1":0,"2":0,"3":0},"b":{"0":[0],"1":[0]}}
,"C:\\Users\\Suraj\\Downloads\\movie_explorer_React_Suraj-features-pushNotification VishalAPi\\movie_explorer_React_Suraj-features-pushNotification\\src\\component\\Success.tsx": {"path":"C:\\Users\\Suraj\\Downloads\\movie_explorer_React_Suraj-features-pushNotification VishalAPi\\movie_explorer_React_Suraj-features-pushNotification\\src\\component\\Success.tsx","statementMap":{"0":{"start":{"line":188,"column":0},"end":{"line":188,"column":51}},"1":{"start":{"line":189,"column":0},"end":{"line":189,"column":null}},"2":{"start":{"line":197,"column":0},"end":{"line":197,"column":50}},"3":{"start":{"line":198,"column":0},"end":{"line":198,"column":59}},"4":{"start":{"line":200,"column":16},"end":{"line":337,"column":1}},"5":{"start":{"line":201,"column":32},"end":{"line":201,"column":46}},"6":{"start":{"line":202,"column":28},"end":{"line":202,"column":57}},"7":{"start":{"line":203,"column":56},"end":{"line":203,"column":142}},"8":{"start":{"line":205,"column":2},"end":{"line":220,"column":9}},"9":{"start":{"line":206,"column":36},"end":{"line":217,"column":5}},"10":{"start":{"line":207,"column":6},"end":{"line":216,"column":7}},"11":{"start":{"line":208,"column":25},"end":{"line":208,"column":54}},"12":{"start":{"line":209,"column":8},"end":{"line":209,"column":67}},"13":{"start":{"line":210,"column":8},"end":{"line":210,"column":41}},"14":{"start":{"line":211,"column":8},"end":{"line":211,"column":26}},"15":{"start":{"line":213,"column":8},"end":{"line":213,"column":66}},"16":{"start":{"line":214,"column":8},"end":{"line":214,"column":84}},"17":{"start":{"line":215,"column":8},"end":{"line":215,"column":26}},"18":{"start":{"line":219,"column":4},"end":{"line":219,"column":30}},"19":{"start":{"line":222,"column":2},"end":{"line":336,"column":4}},"20":{"start":{"line":278,"column":34},"end":{"line":278,"column":69}},"21":{"start":{"line":322,"column":34},"end":{"line":322,"column":60}},"22":{"start":{"line":339,"column":0},"end":{"line":339,"column":23}}},"fnMap":{"0":{"name":"(anonymous_0)","decl":{"start":{"line":200,"column":16},"end":{"line":200,"column":19}},"loc":{"start":{"line":200,"column":21},
[...]
:121,"column":44}},"type":"cond-expr","locations":[{"start":{"line":120,"column":10},"end":{"line":120,"column":47}},{"start":{"line":121,"column":10},"end":{"line":121,"column":44}}]},"4":{"loc":{"start":{"line":122,"column":8},"end":{"line":122,"column":60}},"type":"binary-expr","locations":[{"start":{"line":122,"column":8},"end":{"line":122,"column":37}},{"start":{"line":122,"column":41},"end":{"line":122,"column":60}}]},"5":{"loc":{"start":{"line":123,"column":35},"end":{"line":123,"column":72}},"type":"binary-expr","locations":[{"start":{"line":123,"column":35},"end":{"line":123,"column":55}},{"start":{"line":123,"column":59},"end":{"line":123,"column":72}}]},"6":{"loc":{"start":{"line":143,"column":25},"end":{"line":143,"column":76}},"type":"binary-expr","locations":[{"start":{"line":143,"column":25},"end":{"line":143,"column":54}},{"start":{"line":143,"column":58},"end":{"line":143,"column":76}}]},"7":{"loc":{"start":{"line":144,"column":34},"end":{"line":144,"column":71}},"type":"binary-expr","locations":[{"start":{"line":144,"column":34},"end":{"line":144,"column":54}},{"start":{"line":144,"column":58},"end":{"line":144,"column":71}}]},"8":{"loc":{"start":{"line":153,"column":4},"end":{"line":155,"column":5}},"type":"if","locations":[{"start":{"line":153,"column":4},"end":{"line":155,"column":5}}]},"9":{"loc":{"start":{"line":169,"column":25},"end":{"line":169,"column":77}},"type":"binary-expr","locations":[{"start":{"line":169,"column":25},"end":{"line":169,"column":54}},{"start":{"line":169,"column":58},"end":{"line":169,"column":77}}]},"10":{"loc":{"start":{"line":170,"column":35},"end":{"line":170,"column":72}},"type":"binary-expr","locations":[{"start":{"line":170,"column":35},"end":{"line":170,"column":55}},{"start":{"line":170,"column":59},"end":{"line":170,"column":72}}]},"11":{"loc":{"start":{"line":193,"column":25},"end":{"line":193,"column":82}},"type":"binary-expr","locations":[{"start":{"line":193,"column":25},"end":{"line":193,"column":54}},{"start":{"line":193,"column":58},"end":{"line":193,"column":82}}]},"12":{"loc":{"start":{"line":194,"column":39},"end":{"line":194,"column":76}},"type":"binary-expr","locations":[{"start":{"line":194,"column":39},"end":{"line":194,"column":59}},{"start":{"line":194,"column":63},"end":{"line":194,"column":76}}]},"13":{"loc":{"start":{"line":209,"column":25},"end":{"line":209,"column":62}},"type":"cond-expr","locations":[{"start":{"line":209,"column":33},"end":{"line":209,"column":50}},{"start":{"line":209,"column":53},"end":{"line":209,"column":62}}]},"14":{"loc":{"start":{"line":215,"column":25},"end":{"line":215,"column":95}},"type":"binary-expr","locations":[{"start":{"line":215,"column":25},"end":{"line":215,"column":54}},{"start":{"line":215,"column":58},"end":{"line":215,"column":95}}]},"15":{"loc":{"start":{"line":216,"column":57},"end":{"line":216,"column":94}},"type":"binary-expr","locations":[{"start":{"line":216,"column":57},"end":{"line":216,"column":77}},{"start":{"line":216,"column":81},"end":{"line":216,"column":94}}]},"16":{"loc":{"start":{"line":222,"column":37},"end":{"line":222,"column":53}},"type":"default-arg","locations":[{"start":{"line":222,"column":52},"end":{"line":222,"column":53}}]},"17":{"loc":{"start":{"line":228,"column":2},"end":{"line":230,"column":3}},"type":"if","locations":[{"start":{"line":228,"column":2},"end":{"line":230,"column":3}}]},"18":{"loc":{"start":{"line":228,"column":6},"end":{"line":228,"column":30}},"type":"binary-expr","locations":[{"start":{"line":228,"column":6},"end":{"line":228,"column":11}},{"start":{"line":228,"column":15},"end":{"line":228,"column":30}}]},"19":{"loc":{"start":{"line":241,"column":25},"end":{"line":241,"column":62}},"type":"cond-expr","locations":[{"start":{"line":241,"column":33},"end":{"line":241,"column":50}},{"start":{"line":241,"column":53},"end":{"line":241,"column":62}}]},"20":{"loc":{"start":{"line":247,"column":15},"end":{"line":247,"column":60}},"type":"binary-expr","locations":[{"start":{"line":247,"column":15},"end":{"line":247,"column":54}},{"start":{"line":247,"column":58},"end":{"line":247,"column":60}}]},"21":{"loc":{"start":{"line":248,"column":13},"end":{"line":253,"column":null}},"type":"binary-expr","locations":[{"start":{"line":248,"column":13},"end":{"line":248,"column":50}},{"start":{"line":248,"column":54},"end":{"line":253,"column":null}}]},"22":{"loc":{"start":{"line":251,"column":22},"end":{"line":251,"column":74}},"type":"binary-expr","locations":[{"start":{"line":251,"column":22},"end":{"line":251,"column":69}},{"start":{"line":251,"column":73},"end":{"line":251,"column":74}}]},"23":{"loc":{"start":{"line":258,"column":25},"end":{"line":258,"column":83}},"type":"binary-expr","locations":[{"start":{"line":258,"column":25},"end":{"line":258,"column":54}},{"start":{"line":258,"column":58},"end":{"line":258,"column":83}}]},"24":{"loc":{"start":{"line":259,"column":88},"end":{"line":259,"column":125}},"type":"binary-expr","locations":[{"start":{"line":259,"column":88},"end":{"line":259,"column":108}},{"start":{"line":259,"column":112},"end":{"line":259,"column":125}}]},"25":{"loc":{"start":{"line":279,"column":4},"end":{"line":281,"column":5}},"type":"if","locations":[{"start":{"line":279,"column":4},"end":{"line":281,"column":5}}]},"26":{"loc":{"start":{"line":282,"column":4},"end":{"line":284,"column":5}},"type":"if","locations":[{"start":{"line":282,"column":4},"end":{"line":284,"column":5}}]},"27":{"loc":{"start":{"line":285,"column":4},"end":{"line":287,"column":5}},"type":"if","locations":[{"start":{"line":285,"column":4},"end":{"line":287,"column":5}}]},"28":{"loc":{"start":{"line":288,"column":4},"end":{"line":290,"column":5}},"type":"if","locations":[{"start":{"line":288,"column":4},"end":{"line":290,"column":5}}]},"29":{"loc":{"start":{"line":299,"column":25},"end":{"line":299,"column":62}},"type":"cond-expr","locations":[{"start":{"line":299,"column":33},"end":{"line":299,"column":50}},{"start":{"line":299,"column":53},"end":{"line":299,"column":62}}]},"30":{"loc":{"start":{"line":305,"column":25},"end":{"line":305,"column":82}},"type":"binary-expr","locations":[{"start":{"line":305,"column":25},"end":{"line":305,"column":54}},{"start":{"line":305,"column":58},"end":{"line":305,"column":82}}]},"31":{"loc":{"start":{"line":306,"column":41},"end":{"line":306,"column":78}},"type":"binary-expr","locations":[{"start":{"line":306,"column":41},"end":{"line":306,"column":61}},{"start":{"line":306,"column":65},"end":{"line":306,"column":78}}]},"32":{"loc":{"start":{"line":326,"column":4},"end":{"line":328,"column":5}},"type":"if","locations":[{"start":{"line":326,"column":4},"end":{"line":328,"column":5}}]},"33":{"loc":{"start":{"line":329,"column":4},"end":{"line":331,"column":5}},"type":"if","locations":[{"start":{"line":329,"column":4},"end":{"line":331,"column":5}}]},"34":{"loc":{"start":{"line":332,"column":4},"end":{"line":334,"column":5}},"type":"if","locations":[{"start":{"line":332,"column":4},"end":{"line":334,"column":5}}]},"35":{"loc":{"start":{"line":335,"column":4},"end":{"line":337,"column":5}},"type":"if","locations":[{"start":{"line":335,"column":4},"end":{"line":337,"column":5}}]},"36":{"loc":{"start":{"line":346,"column":25},"end":{"line":346,"column":62}},"type":"cond-expr","locations":[{"start":{"line":346,"column":33},"end":{"line":346,"column":50}},{"start":{"line":346,"column":53},"end":{"line":346,"column":62}}]},"37":{"loc":{"start":{"line":352,"column":25},"end":{"line":352,"column":96}},"type":"binary-expr","locations":[{"start":{"line":352,"column":25},"end":{"line":352,"column":54}},{"start":{"line":352,"column":58},"end":{"line":352,"column":96}}]},"38":{"loc":{"start":{"line":353,"column":54},"end":{"line":353,"column":91}},"type":"binary-expr","locations":[{"start":{"line":353,"column":54},"end":{"line":353,"column":74}},{"start":{"line":353,"column":78},"end":{"line":353,"column":91}}]},"39":{"loc":{"start":{"line":363,"column":4},"end":{"line":365,"column":5}},"type":"if","locations":[{"start":{"line":363,"column":4},"end":{"line":365,"column":5}}]},"40":{"loc":{"start":{"line":385,"column":25},"end":{"line":385,"column":87}},"type":"binary-expr","locations":[{"start":{"line":385,"column":25},"end":{"line":385,"column":54}},{"start":{"line":385,"column":58},"end":{"line":385,"column":87}}]},"41":{"loc":{"start":{"line":386,"column":60},"end":{"line":386,"column":97}},"type":"binary-expr","locations":[{"start":{"line":386,"column":60},"end":{"line":386,"column":80}},{"start":{"line":386,"column":84},"end":{"line":386,"column":97}}]},"42":{"loc":{"start":{"line":395,"column":4},"end":{"line":397,"column":5}},"type":"if","locations":[{"start":{"line":395,"column":4},"end":{"line":397,"column":5}}]},"43":{"loc":{"start":{"line":411,"column":25},"end":{"line":411,"column":96}},"type":"binary-expr","locations":[{"start":{"line":411,"column":25},"end":{"line":411,"column":54}},{"start":{"line":411,"column":58},"end":{"line":411,"column":96}}]},"44":{"loc":{"start":{"line":412,"column":54},"end":{"line":412,"column":91}},"type":"binary-expr","locations":[{"start":{"line":412,"column":54},"end":{"line":412,"column":74}},{"start":{"line":412,"column":78},"end":{"line":412,"column":91}}]}},"s":{"0":0,"1":0,"2":0,"3":0,"4":0,"5":0,"6":0,"7":0,"8":0,"9":0,"10":0,"11":0,"12":0,"13":0,"14":0,"15":0,"16":0,"17":0,"18":0,"19":0,"20":0,"21":0,"22":0,"23":0,"24":0,"25":0,"26":0,"27":0,"28":0,"29":0,"30":0,"31":0,"32":0,"33":0,"34":0,"35":0,"36":0,"37":0,"38":0,"39":0,"40":0,"41":0,"42":0,"43":0,"44":0,"45":0,"46":0,"47":0,"48":0,"49":0,"50":0,"51":0,"52":0,"53":0,"54":0,"55":0,"56":0,"57":0,"58":0,"59":0,"60":0,"61":0,"62":0,"63":0,"64":0,"65":0,"66":0,"67":0,"68":0,"69":0,"70":0,"71":0,"72":0,"73":0,"74":0,"75":0,"76":0,"77":0,"78":0,"79":0,"80":0,"81":0,"82":0,"83":0,"84":0,"85":0,"86":0,"87":0,"88":0,"89":0,"90":0,"91":0,"92":0,"93":0,"94":0,"95":0,"96":0,"97":0,"98":0,"99":0,"100":0,"101":0,"102":0,"103":0,"104":0,"105":0,"106":0,"107":0,"108":0,"109":0,"110":0,"111":0,"112":0,"113":0,"114":0,"115":0,"116":0,"117":0,"118":0,"119":0,"120":0,"121":0,"122":0,"123":0,"124":0,"125":0,"126":0,"127":0,"128":0,"129":0,"130":0,"131":0,"132":0,"133":0,"134":0,"135":0,"136":0,"137":0},"f":{"0":0,"1":0,"2":0,"3":0,"4":0,"5":0,"6":0,"7":0,"8":0,"9":0},"b":{"0":[0,0],"1":[0,0],"2":[0,0],"3":[0,0],"4":[0,0],"5":[0,0],"6":[0,0],"7":[0,0],"8":[0],"9":[0,0],"10":[0,0],"11":[0,0],"12":[0,0],"13":[0,0],"14":[0,0],"15":[0,0],"16":[0],"17":[0],"18":[0,0],"19":[0,0],"20":[0,0],"21":[0,0],"22":[0,0],"23":[0,0],"24":[0,0],"25":[0],"26":[0],"27":[0],"28":[0],"29":[0,0],"30":[0,0],"31":[0,0],"32":[0],"33":[0],"34":[0],"35":[0],"36":[0,0],"37":[0,0],"38":[0,0],"39":[0],"40":[0,0],"41":[0,0],"42":[0],"43":[0,0],"44":[0,0]}}
,"C:\\Users\\Suraj\\Downloads\\movie_explorer_React_Suraj-features-pushNotification VishalAPi\\movie_explorer_React_Suraj-features-pushNotification\\src\\services\\subApi.ts": {"path":"C:\\Users\\Suraj\\Downloads\\movie_explorer_React_Suraj-features-pushNotification VishalAPi\\movie_explorer_React_Suraj-features-pushNotification\\src\\services\\subApi.ts","statementMap":{"0":{"start":{"line":139,"column":0},"end":{"line":139,"column":26}},"1":{"start":{"line":140,"column":0},"end":{"line":140,"column":36}},"2":{"start":{"line":142,"column":17},"end":{"line":142,"column":80}},"3":{"start":{"line":144,"column":25},"end":{"line":163,"column":1}},"4":{"start":{"line":145,"column":2},"end":{"line":162,"column":3}},"5":{"start":{"line":146,"column":21},"end":{"line":149,"column":null}},"6":{"start":{"line":151,"column":4},"end":{"line":151,"column":50}},"7":{"start":{"line":152,"column":4},"end":{"line":152,"column":25}},"8":{"start":{"line":154,"column":4},"end":{"line":158,"column":7}},"9":{"start":{"line":159,"column":25},"end":{"line":159,"column":75}},"10":{"start":{"line":160,"column":4},"end":{"line":160,"column":30}},"11":{"start":{"line":161,"column":4},"end":{"line":161,"column":34}},"12":{"start":{"line":144,"column":13},"end":{"line":144,"column":25}},"13":{"start":{"line":165,"column":34},"end":{"line":211,"column":1}},"14":{"start":{"line":166,"column":2},"end":{"line":210,"column":3}},"15":{"start":{"line":167,"column":18},"end":{"line":167,"column":47}},"16":{"start":{"line":168,"column":4},"end":{"line":168,"column":60}},"17":{"start":{"line":169,"column":4},"end":{"line":172,"column":5}},"18":{"start":{"line":170,"column":6},"end":{"line":170,"column":48}},"19":{"start":{"line":171,"column":6},"end":{"line":171,"column":55}},"20":{"start":{"line":174,"column":21},"end":{"line":182,"column":null}},"21":{"start":{"line":185,"column":4},"end":{"line":185,"column":64}},"22":{"start":{"line":187,"column":25},"end":{"line":187,"column":138}},"23":{"start":{"line":188,"column":4},"end":{"line":190,"column":5}},"24":{"start":{"line":189,"column":6},"end":{"line":189,"column":42}},"25":{"start":{"line":192,"column":4},"end":{"line":194,"column":5}},"26":{"start":{"line":193,"column":6},"end":{"line":193,"column":104}},"27":{"start":{"line":196,"column":4},"end":{"line":200,"column":6}},"28":{"start":{"line":202,"column":4},"end":{"line":206,"column":7}},"29":{"start":{"line":207,"column":25},"end":{"line":207,"column":106}},"30":{"start":{"line":208,"column":4},"end":{"line":208,"column":30}},"31":{"start":{"line":209,"column":4},"end":{"line":209,"column":34}},"32":{"start":{"line":165,"column":13},"end":{"line":165,"column":34}},"33":{"start":{"line":213,"column":35},"end":{"line":252,"column":1}},"34":{"start":{"line":214,"column":2},"end":{"line":251,"column":3}},"35":{"start":{"line":215,"column":18},"end":{"line":215,"column":47}},"36":{"start":{"line":216,"column":4},"end":{"line":216,"column":105}},"37":{"start":{"line":217,"column":4},"end":{"line":220,"column":5}},"38":{"start":{"line":218,"column":6},"end":{"line":218,"column":48}},"39":{"start":{"line":219,"column":6},"end":{"line":219,"column":55}},"40":{"start":{"line":222,"column":21},"end":{"line":230,"column":null}},"41":{"start":{"line":233,"column":4},"end":{"line":233,"column":65}},"42":{"start":{"line":235,"column":25},"end":{"line":235,"column":121}},"43":{"start":{"line":236,"column":4},"end":{"line":238,"column":5}},"44":{"start":{"line":237,"column":6},"end":{"line":237,"column":42}},"45":{"start":{"line":240,"column":4},"end":{"line":240,"column":24}},"46":{"start":{"line":242,"column":4},"end":{"line":247,"column":7}},"47":{"start":{"line":248,"column":25},"end":{"line":248,"column":105}},"48":{"start":{"line":249,"column":4},"end":{"line":249,"column":30}},"49":{"start":{"line":250,"column":4},"end":{"line":250,"column":34}},"50":{"start":{"line":213,"column":13},"end":{"line":213,"column":35}},"51":{"start":{"line":254,"column":37},"end":{"line":288,"column":1}},"52":{"start":{"line":255,"column":2},"end":{"line":287,"column":3}},"53":{"start":{"line":256,"column":18},"end":{"line":256,"column":47}},"54":{"start":{"line":257,"column":4},"end":{"line":257,"column":67}},"55":{"start":{"line":258,"column":4},"end":{"line":261,"column":5}},"56":{"start":{"line":259,"column":6},"end":{"line":259,"column":48}},"57":{"start":{"line":260,"column":6},"end":{"line":260,"column":55}},"58":{"start":{"line":263,"column":21},"end":{"line":268,"column":6}},"59":{"start":{"line":270,"column":4},"end":{"line":270,"column":64}},"60":{"start":{"line":272,"column":25},"end":{"line":272,"column":121}},"61":{"start":{"line":273,"column":4},"end":{"line":275,"column":5}},"62":{"start":{"line":274,"column":6},"end":{"line":274,"column":42}},"63":{"start":{"line":277,"column":4},"end":{"line":277,"column":24}},"64":{"start":{"line":279,"column":4},"end":{"line":283,"column":7}},"65":{"start":{"line":284,"column":25},"end":{"line":284,"column":110}},"66":{"start":{"line":285,"column":4},"end":{"line":285,"column":30}},"67":{"start":{"line":286,"column":4},"end":{"line":286,"column":34}},"68":{"start":{"line":254,"column":13},"end":{"line":254,"column":37}}},"fnMap":{"0":{"name":"(anonymous_1)","decl":{"start":{"line":144,"column":25},"end":{"line":144,"column":30}},"loc":{"start":{"line":144,"column":92},"end":{"line":163,"column":1}}},"1":{"name":"(anonymous_2)","decl":{"start":{"line":165,"column":34},"end":{"line":165,"column":39}},"loc":{"start":{"line":165,"column":61},"end":{"line":211,"column":1}}},"2":{"name":"(anonymous_3)","decl":{"start":{"line":213,"column":35},"end":{"line":213,"column":40}},"loc":{"start":{"line":213,"column":69},"end":{"line":252,"column":1}}},"3":{"name":"(anonymous_4)","decl":{"start":{"line":254,"column":37},"end":{"line":254,"column":42}},"loc":{"start":{"line":254,"column":48},"end":{"line":288,"column":1}}}},"branchMap":{"0":{"loc":{"start":{"line":159,"column":25},"end":{"line":159,"column":75}},"type":"binary-expr","locations":[{"start":{"line":159,"column":25},"end":{"line":159,"column":52}},{"start":{"line":159,"column":56},"end":{"line":159,"column":75}}]},"1":{"loc":{"start":{"line":169,"column":4},"end":{"line":172,"column":5}},"type":"if","locations":[{"start":{"line":169,"column":4},"end":{"line":172,"column":5}}]},"2":{"loc":{"start":{"line":188,"column":4},"end":{"line":190,"column":5}},"type":"if","locations":[{"start":{"line":188,"column":4},"end":{"line":190,"column":5}}]},"3":{"loc":{"start":{"line":192,"column":4},"end":{"line":194,"column":5}},"type":"if","locations":[{"start":{"line":192,"column":4},"end":{"line":194,"column":5}}]},"4":{"loc":{"start":{"line":192,"column":8},"end":{"line":192,"column":103}},"type":"binary-expr","locations":[{"start":{"line":192,"column":8},"end":{"line":192,"column":35}},{"start":{"line":192,"column":39},"end":{"line":192,"column":70}},{"start":{"line":192,"column":74},"end":{"line":192,"column":103}}]},"5":{"loc":{"start":{"line":207,"column":25},"end":{"line":207,"column":106}},"type":"binary-expr","locations":[{"start":{"line":207,"column":25},"end":{"line":207,"column":52}},{"start":{"line":207,"column":56},"end":{"line":207,"column":69}},{"start":{"line":207,"column":73},"end":{"line":207,"column":106}}]},"6":{"loc":{"start":{"line":217,"column":4},"end":{"line":220,"column":5}},"type":"if","locations":[{"start":{"line":217,"column":4},"end":{"line":220,"column":5}}]},"7":{"loc":{"start":{"line":236,"column":4},"end":{"line":238,"column":5}},"type":"if","locations":[{"start":{"line":236,"column":4},"end":{"line":238,"column":5}}]},"8":{"loc":{"start":{"line":248,"column":25},"end":{"line":248,"column":105}},"type":"binary-expr","locations":[{"start":{"line":248,"column":25},"end":{"line":248,"column":52}},{"start":{"line":248,"column":56},"end":{"line":248,"column":69}},{"start":{"line":248,"column":73},"end":{"line":248,"column":105}}]},"9":{"loc":{"start":{"line":258,"column":4},"end":{"line":261,"column":5}},"type":"if","locations":[{"start":{"line":258,"column":4},"end":{"line":261,"column":5}}]},"10":{"loc":{"start":{"line":273,"column":4},"end":{"line":275,"column":5}},"type":"if","locations":[{"start":{"line":273,"column":4},"end":{"line":275,"column":5}}]},"11":{"loc":{"start":{"line":284,"column":25},"end":{"line":284,"column":110}},"type":"binary-expr","locations":[{"start":{"line":284,"column":25},"end":{"line":284,"column":52}},{"start":{"line":284,"column":56},"end":{"line":284,"column":69}},{"start":{"line":284,"column":73},"end":{"line":284,"column":110}}]}},"s":{"0":0,"1":0,"2":0,"3":0,"4":0,"5":0,"6":0,"7":0,"8":0,"9":0,"10":0,"11":0,"12":0,"13":0,"14":0,"15":0,"16":0,"17":0,"18":0,"19":0,"20":0,"21":0,"22":0,"23":0,"24":0,"25":0,"26":0,"27":0,"28":0,"29":0,"30":0,"31":0,"32":0,"33":0,"34":0,"35":0,"36":0,"37":0,"38":0,"39":0,"40":0,"41":0,"42":0,"43":0,"44":0,"45":0,"46":0,"47":0,"48":0,"49":0,"50":0,"51":0,"52":0,"53":0,"54":0,"55":0,"56":0,"57":0,"58":0,"59":0,"60":0,"61":0,"62":0,"63":0,"64":0,"65":0,"66":0,"67":0,"68":0},"f":{"0":0,"1":0,"2":0,"3":0},"b":{"0":[0,0],"1":[0],"2":[0],"3":[0],"4":[0,0,0],"5":[0,0,0],"6":[0],"7":[0],"8":[0,0,0],"9":[0],"10":[0],"11":[0,0,0]}}
}
