{"D:\\Movie_EXp-Json\\movie-explorer-plus\\src\\AdminPanel.tsx": {"path":"D:\\Movie_EXp-Json\\movie-explorer-plus\\src\\AdminPanel.tsx","statementMap":{"0":{"start":{"line":1,"column":0},"end":{"line":1,"column":40}},"1":{"start":{"line":19,"column":29},"end":{"line":322,"column":1}},"2":{"start":{"line":20,"column":34},"end":{"line":34,"column":4}},"3":{"start":{"line":35,"column":28},"end":{"line":35,"column":57}},"4":{"start":{"line":36,"column":32},"end":{"line":36,"column":61}},"5":{"start":{"line":38,"column":23},"end":{"line":44,"column":3}},"6":{"start":{"line":39,"column":28},"end":{"line":39,"column":36}},"7":{"start":{"line":40,"column":4},"end":{"line":43,"column":8}},"8":{"start":{"line":40,"column":26},"end":{"line":42,"column":null}},"9":{"start":{"line":46,"column":32},"end":{"line":52,"column":3}},"10":{"start":{"line":47,"column":4},"end":{"line":51,"column":7}},"11":{"start":{"line":48,"column":26},"end":{"line":48,"column":47}},"12":{"start":{"line":49,"column":6},"end":{"line":49,"column":33}},"13":{"start":{"line":50,"column":6},"end":{"line":50,"column":51}},"14":{"start":{"line":54,"column":28},"end":{"line":59,"column":3}},"15":{"start":{"line":55,"column":4},"end":{"line":58,"column":8}},"16":{"start":{"line":55,"column":26},"end":{"line":57,"column":null}},"17":{"start":{"line":61,"column":23},"end":{"line":91,"column":3}},"18":{"start":{"line":62,"column":4},"end":{"line":62,"column":23}},"19":{"start":{"line":63,"column":4},"end":{"line":63,"column":19}},"20":{"start":{"line":64,"column":4},"end":{"line":64,"column":21}},"21":{"start":{"line":66,"column":4},"end":{"line":90,"column":5}},"22":{"start":{"line":67,"column":21},"end":{"line":69,"column":null}},"23":{"start":{"line":69,"column":58},"end":{"line":69,"column":75}},"24":{"start":{"line":71,"column":6},"end":{"line":71,"column":44}},"25":{"start":{"line":72,"column":6},"end":{"line":72,"column":66}},"26":{"start":{"line":73,"column":6},"end":{"line":87,"column":9}},"27":{"start":{"line":89,"column":6},"end":{"line":89,"column":64}},"28":{"start":{"line":93,"column":2},"end":{"line":321,"column":4}},"29":{"start":{"line":292,"column":16},"end":{"line":292,"column":33}},"30":{"start":{"line":296,"column":37},"end":{"line":296,"column":81}},"31":{"start":{"line":324,"column":0},"end":{"line":324,"column":26}}},"fnMap":{"0":{"name":"(anonymous_0)","decl":{"start":{"line":19,"column":29},"end":{"line":19,"column":32}},"loc":{"start":{"line":19,"column":34},"end":{"line":322,"column":1}}},"1":{"name":"(anonymous_1)","decl":{"start":{"line":38,"column":23},"end":{"line":38,"column":24}},"loc":{"start":{"line":38,"column":108},"end":{"line":44,"column":3}}},"2":{"name":"(anonymous_2)","decl":{"start":{"line":40,"column":16},"end":{"line":40,"column":17}},"loc":{"start":{"line":40,"column":26},"end":{"line":42,"column":null}}},"3":{"name":"(anonymous_3)","decl":{"start":{"line":46,"column":32},"end":{"line":46,"column":33}},"loc":{"start":{"line":46,"column":65},"end":{"line":52,"column":3}}},"4":{"name":"(anonymous_4)","decl":{"start":{"line":47,"column":16},"end":{"line":47,"column":17}},"loc":{"start":{"line":47,"column":25},"end":{"line":51,"column":5}}},"5":{"name":"(anonymous_5)","decl":{"start":{"line":54,"column":28},"end":{"line":54,"column":31}},"loc":{"start":{"line":54,"column":33},"end":{"line":59,"column":3}}},"6":{"name":"(anonymous_6)","decl":{"start":{"line":55,"column":16},"end":{"line":55,"column":17}},"loc":{"start":{"line":55,"column":26},"end":{"line":57,"column":null}}},"7":{"name":"(anonymous_7)","decl":{"start":{"line":61,"column":23},"end":{"line":61,"column":24}},"loc":{"start":{"line":61,"column":46},"end":{"line":91,"column":3}}},"8":{"name":"(anonymous_8)","decl":{"start":{"line":69,"column":49},"end":{"line":69,"column":50}},"loc":{"start":{"line":69,"column":58},"end":{"line":69,"column":75}}},"9":{"name":"(anonymous_9)","decl":{"start":{"line":291,"column":40},"end":{"line":291,"column":41}},"loc":{"start":{"line":292,"column":16},"end":{"line":292,"column":33}}},"10":{"name":"(anonymous_10)","decl":{"start":{"line":296,"column":30},"end":{"line":296,"column":31}},"loc":{"start":{"line":296,"column":37},"end":{"line":296,"column":81}}}},"branchMap":{"0":{"loc":{"start":{"line":42,"column":14},"end":{"line":42,"column":105}},"type":"cond-expr","locations":[{"start":{"line":42,"column":84},"end":{"line":42,"column":97}},{"start":{"line":42,"column":100},"end":{"line":42,"column":105}}]},"1":{"loc":{"start":{"line":42,"column":14},"end":{"line":42,"column":81}},"type":"binary-expr","locations":[{"start":{"line":42,"column":14},"end":{"line":42,"column":37}},{"start":{"line":42,"column":41},"end":{"line":42,"column":58}},{"start":{"line":42,"column":62},"end":{"line":42,"column":81}}]},"2":{"loc":{"start":{"line":104,"column":11},"end":{"line":107,"column":null}},"type":"binary-expr","locations":[{"start":{"line":104,"column":11},"end":{"line":104,"column":16}},{"start":{"line":105,"column":12},"end":{"line":106,"column":null}}]},"3":{"loc":{"start":{"line":109,"column":11},"end":{"line":112,"column":null}},"type":"binary-expr","locations":[{"start":{"line":109,"column":11},"end":{"line":109,"column":18}},{"start":{"line":110,"column":12},"end":{"line":111,"column":null}}]}},"s":{"0":1,"1":1,"2":33,"3":33,"4":33,"5":33,"6":24,"7":24,"8":24,"9":33,"10":2,"11":2,"12":2,"13":2,"14":33,"15":1,"16":1,"17":33,"18":2,"19":2,"20":2,"21":2,"22":2,"23":2,"24":2,"25":1,"26":1,"27":1,"28":33,"29":34,"30":2,"31":1},"f":{"0":33,"1":24,"2":24,"3":2,"4":2,"5":1,"6":1,"7":2,"8":2,"9":34,"10":2},"b":{"0":[6,18],"1":[24,22,20],"2":[33,1],"3":[33,1]}}
,"D:\\Movie_EXp-Json\\movie-explorer-plus\\src\\Api.ts": {"path":"D:\\Movie_EXp-Json\\movie-explorer-plus\\src\\Api.ts","statementMap":{"0":{"start":{"line":1,"column":0},"end":{"line":1,"column":26}},"1":{"start":{"line":50,"column":21},"end":{"line":50,"column":84}},"2":{"start":{"line":52,"column":22},"end":{"line":68,"column":2}},"3":{"start":{"line":52,"column":76},"end":{"line":68,"column":2}},"4":{"start":{"line":53,"column":2},"end":{"line":67,"column":3}},"5":{"start":{"line":54,"column":21},"end":{"line":62,"column":null}},"6":{"start":{"line":64,"column":4},"end":{"line":64,"column":41}},"7":{"start":{"line":66,"column":4},"end":{"line":66,"column":16}},"8":{"start":{"line":52,"column":13},"end":{"line":52,"column":22}},"9":{"start":{"line":70,"column":21},"end":{"line":87,"column":2}},"10":{"start":{"line":70,"column":77},"end":{"line":87,"column":2}},"11":{"start":{"line":71,"column":2},"end":{"line":86,"column":3}},"12":{"start":{"line":72,"column":21},"end":{"line":80,"column":null}},"13":{"start":{"line":82,"column":4},"end":{"line":82,"column":41}},"14":{"start":{"line":84,"column":4},"end":{"line":84,"column":42}},"15":{"start":{"line":85,"column":4},"end":{"line":85,"column":16}},"16":{"start":{"line":70,"column":13},"end":{"line":70,"column":21}},"17":{"start":{"line":89,"column":25},"end":{"line":108,"column":2}},"18":{"start":{"line":89,"column":77},"end":{"line":108,"column":2}},"19":{"start":{"line":90,"column":2},"end":{"line":107,"column":3}},"20":{"start":{"line":91,"column":18},"end":{"line":91,"column":47}},"21":{"start":{"line":92,"column":21},"end":{"line":101,"column":null}},"22":{"start":{"line":103,"column":4},"end":{"line":103,"column":43}},"23":{"start":{"line":105,"column":4},"end":{"line":105,"column":47}},"24":{"start":{"line":106,"column":4},"end":{"line":106,"column":16}},"25":{"start":{"line":89,"column":13},"end":{"line":89,"column":25}},"26":{"start":{"line":111,"column":28},"end":{"line":129,"column":2}},"27":{"start":{"line":111,"column":65},"end":{"line":129,"column":2}},"28":{"start":{"line":112,"column":2},"end":{"line":128,"column":3}},"29":{"start":{"line":113,"column":18},"end":{"line":113,"column":47}},"30":{"start":{"line":114,"column":21},"end":{"line":122,"column":null}},"31":{"start":{"line":124,"column":4},"end":{"line":124,"column":34}},"32":{"start":{"line":126,"column":4},"end":{"line":126,"column":64}},"33":{"start":{"line":127,"column":4},"end":{"line":127,"column":16}},"34":{"start":{"line":111,"column":13},"end":{"line":111,"column":28}}},"fnMap":{"0":{"name":"(anonymous_8)","decl":{"start":{"line":52,"column":22},"end":{"line":52,"column":29}},"loc":{"start":{"line":52,"column":76},"end":{"line":68,"column":2}}},"1":{"name":"(anonymous_9)","decl":{"start":{"line":52,"column":76},"end":{"line":52,"column":null}},"loc":{"start":{"line":52,"column":76},"end":{"line":68,"column":1}}},"2":{"name":"(anonymous_10)","decl":{"start":{"line":70,"column":21},"end":{"line":70,"column":28}},"loc":{"start":{"line":70,"column":77},"end":{"line":87,"column":2}}},"3":{"name":"(anonymous_11)","decl":{"start":{"line":70,"column":77},"end":{"line":70,"column":null}},"loc":{"start":{"line":70,"column":77},"end":{"line":87,"column":1}}},"4":{"name":"(anonymous_12)","decl":{"start":{"line":89,"column":25},"end":{"line":89,"column":32}},"loc":{"start":{"line":89,"column":77},"end":{"line":108,"column":2}}},"5":{"name":"(anonymous_13)","decl":{"start":{"line":89,"column":77},"end":{"line":89,"column":null}},"loc":{"start":{"line":89,"column":48},"end":{"line":108,"column":1}}},"6":{"name":"(anonymous_14)","decl":{"start":{"line":111,"column":28},"end":{"line":111,"column":35}},"loc":{"start":{"line":111,"column":65},"end":{"line":129,"column":2}}},"7":{"name":"(anonymous_15)","decl":{"start":{"line":111,"column":65},"end":{"line":111,"column":null}},"loc":{"start":{"line":111,"column":65},"end":{"line":129,"column":1}}}},"branchMap":{"0":{"loc":{"start":{"line":89,"column":32},"end":{"line":89,"column":48}},"type":"default-arg","locations":[{"start":{"line":89,"column":47},"end":{"line":89,"column":48}}]},"1":{"loc":{"start":{"line":98,"column":25},"end":{"line":98,"column":62}},"type":"cond-expr","locations":[{"start":{"line":98,"column":33},"end":{"line":98,"column":50}},{"start":{"line":98,"column":53},"end":{"line":98,"column":62}}]},"2":{"loc":{"start":{"line":120,"column":25},"end":{"line":120,"column":62}},"type":"cond-expr","locations":[{"start":{"line":120,"column":33},"end":{"line":120,"column":50}},{"start":{"line":120,"column":53},"end":{"line":120,"column":62}}]}},"s":{"0":2,"1":2,"2":2,"3":0,"4":0,"5":0,"6":0,"7":0,"8":2,"9":2,"10":0,"11":0,"12":0,"13":0,"14":0,"15":0,"16":2,"17":2,"18":0,"19":0,"20":0,"21":0,"22":0,"23":0,"24":0,"25":2,"26":2,"27":0,"28":0,"29":0,"30":0,"31":0,"32":0,"33":0,"34":2},"f":{"0":0,"1":0,"2":0,"3":0,"4":0,"5":0,"6":0,"7":0},"b":{"0":[0],"1":[0,0],"2":[0,0]}}
,"D:\\Movie_EXp-Json\\movie-explorer-plus\\src\\Dashboard.tsx": {"path":"D:\\Movie_EXp-Json\\movie-explorer-plus\\src\\Dashboard.tsx","statementMap":{"0":{"start":{"line":1,"column":0},"end":{"line":1,"column":51}},"1":{"start":{"line":2,"column":0},"end":{"line":2,"column":36}},"2":{"start":{"line":3,"column":0},"end":{"line":3,"column":34}},"3":{"start":{"line":4,"column":0},"end":{"line":4,"column":53}},"4":{"start":{"line":5,"column":0},"end":{"line":5,"column":51}},"5":{"start":{"line":6,"column":0},"end":{"line":6,"column":66}},"6":{"start":{"line":9,"column":0},"end":{"line":9,"column":20}},"7":{"start":{"line":10,"column":0},"end":{"line":10,"column":31}},"8":{"start":{"line":32,"column":28},"end":{"line":263,"column":1}},"9":{"start":{"line":33,"column":34},"end":{"line":33,"column":49}},"10":{"start":{"line":34,"column":40},"end":{"line":34,"column":52}},"11":{"start":{"line":35,"column":44},"end":{"line":35,"column":59}},"12":{"start":{"line":36,"column":30},"end":{"line":36,"column":51}},"13":{"start":{"line":37,"column":30},"end":{"line":37,"column":57}},"14":{"start":{"line":38,"column":32},"end":{"line":38,"column":55}},"15":{"start":{"line":39,"column":28},"end":{"line":39,"column":57}},"16":{"start":{"line":40,"column":26},"end":{"line":40,"column":37}},"17":{"start":{"line":41,"column":38},"end":{"line":41,"column":49}},"18":{"start":{"line":42,"column":19},"end":{"line":42,"column":58}},"19":{"start":{"line":43,"column":19},"end":{"line":43,"column":32}},"20":{"start":{"line":45,"column":2},"end":{"line":62,"column":13}},"21":{"start":{"line":46,"column":24},"end":{"line":60,"column":6}},"22":{"start":{"line":46,"column":35},"end":{"line":60,"column":6}},"23":{"start":{"line":47,"column":6},"end":{"line":59,"column":7}},"24":{"start":{"line":48,"column":8},"end":{"line":48,"column":25}},"25":{"start":{"line":49,"column":25},"end":{"line":49,"column":46}},"26":{"start":{"line":50,"column":8},"end":{"line":50,"column":33}},"27":{"start":{"line":51,"column":8},"end":{"line":51,"column":49}},"28":{"start":{"line":52,"column":29},"end":{"line":52,"column":103}},"29":{"start":{"line":52,"column":88},"end":{"line":52,"column":99}},"30":{"start":{"line":53,"column":8},"end":{"line":53,"column":32}},"31":{"start":{"line":55,"column":8},"end":{"line":55,"column":53}},"32":{"start":{"line":56,"column":8},"end":{"line":56,"column":67}},"33":{"start":{"line":58,"column":8},"end":{"line":58,"column":26}},"34":{"start":{"line":61,"column":4},"end":{"line":61,"column":18}},"35":{"start":{"line":64,"column":25},"end":{"line":68,"column":4}},"36":{"start":{"line":65,"column":25},"end":{"line":65,"column":86}},"37":{"start":{"line":66,"column":25},"end":{"line":66,"column":81}},"38":{"start":{"line":67,"column":4},"end":{"line":67,"column":40}},"39":{"start":{"line":70,"column":2},"end":{"line":70,"column":137}},"40":{"start":{"line":70,"column":15},"end":{"line":70,"column":137}},"41":{"start":{"line":71,"column":2},"end":{"line":71,"column":131}},"42":{"start":{"line":71,"column":13},"end":{"line":71,"column":131}},"43":{"start":{"line":73,"column":2},"end":{"line":262,"column":4}},"44":{"start":{"line":82,"column":35},"end":{"line":82,"column":57}},"45":{"start":{"line":94,"column":14},"end":{"line":95,"column":null}},"46":{"start":{"line":127,"column":14},"end":{"line":128,"column":null}},"47":{"start":{"line":131,"column":31},"end":{"line":131,"column":49}},"48":{"start":{"line":139,"column":29},"end":{"line":139,"column":47}},"49":{"start":{"line":206,"column":29},"end":{"line":206,"column":59}},"50":{"start":{"line":211,"column":29},"end":{"line":211,"column":61}},"51":{"start":{"line":215,"column":14},"end":{"line":215,"column":34}},"52":{"start":{"line":229,"column":29},"end":{"line":229,"column":69}},"53":{"start":{"line":229,"column":47},"end":{"line":229,"column":68}},"54":{"start":{"line":239,"column":29},"end":{"line":239,"column":78}},"55":{"start":{"line":239,"column":47},"end":{"line":239,"column":77}},"56":{"start":{"line":265,"column":0},"end":{"line":265,"column":25}}},"fnMap":{"0":{"name":"(anonymous_8)","decl":{"start":{"line":32,"column":28},"end":{"line":32,"column":31}},"loc":{"start":{"line":32,"column":33},"end":{"line":263,"column":1}}},"1":{"name":"(anonymous_9)","decl":{"start":{"line":45,"column":12},"end":{"line":45,"column":15}},"loc":{"start":{"line":45,"column":17},"end":{"line":62,"column":3}}},"2":{"name":"(anonymous_10)","decl":{"start":{"line":46,"column":24},"end":{"line":46,"column":33}},"loc":{"start":{"line":46,"column":35},"end":{"line":60,"column":6}}},"3":{"name":"(anonymous_11)","decl":{"start":{"line":46,"column":35},"end":{"line":46,"column":null}},"loc":{"start":{"line":46,"column":35},"end":{"line":60,"column":5}}},"4":{"name":"(anonymous_12)","decl":{"start":{"line":52,"column":77},"end":{"line":52,"column":78}},"loc":{"start":{"line":52,"column":88},"end":{"line":52,"column":99}}},"5":{"name":"(anonymous_13)","decl":{"start":{"line":64,"column":39},"end":{"line":64,"column":40}},"loc":{"start":{"line":64,"column":49},"end":{"line":68,"column":3}}},"6":{"name":"(anonymous_14)","decl":{"start":{"line":82,"column":29},"end":{"line":82,"column":32}},"loc":{"start":{"line":82,"column":35},"end":{"line":82,"column":57}}},"7":{"name":"(anonymous_15)","decl":{"start":{"line":93,"column":26},"end":{"line":93,"column":27}},"loc":{"start":{"line":94,"column":14},"end":{"line":95,"column":null}}},"8":{"name":"(anonymous_16)","decl":{"start":{"line":126,"column":26},"end":{"line":126,"column":27}},"loc":{"start":{"line":127,"column":14},"end":{"line":128,"column":null}}},"9":{"name":"(anonymous_17)","decl":{"start":{"line":131,"column":25},"end":{"line":131,"column":28}},"loc":{"start":{"line":131,"column":31},"end":{"line":131,"column":49}}},"10":{"name":"(anonymous_18)","decl":{"start":{"line":139,"column":23},"end":{"line":139,"column":26}},"loc":{"start":{"line":139,"column":29},"end":{"line":139,"column":47}}},"11":{"name":"(anonymous_19)","decl":{"start":{"line":206,"column":22},"end":{"line":206,"column":23}},"loc":{"start":{"line":206,"column":29},"end":{"line":206,"column":59}}},"12":{"name":"(anonymous_20)","decl":{"start":{"line":211,"column":22},"end":{"line":211,"column":23}},"loc":{"start":{"line":211,"column":29},"end":{"line":211,"column":61}}},"13":{"name":"(anonymous_21)","decl":{"start":{"line":214,"column":24},"end":{"line":214,"column":25}},"loc":{"start":{"line":215,"column":14},"end":{"line":215,"column":34}}},"14":{"name":"(anonymous_22)","decl":{"start":{"line":229,"column":23},"end":{"line":229,"column":26}},"loc":{"start":{"line":229,"column":29},"end":{"line":229,"column":69}}},"15":{"name":"(anonymous_23)","decl":{"start":{"line":229,"column":37},"end":{"line":229,"column":38}},"loc":{"start":{"line":229,"column":47},"end":{"line":229,"column":68}}},"16":{"name":"(anonymous_24)","decl":{"start":{"line":239,"column":23},"end":{"line":239,"column":26}},"loc":{"start":{"line":239,"column":29},"end":{"line":239,"column":78}}},"17":{"name":"(anonymous_25)","decl":{"start":{"line":239,"column":37},"end":{"line":239,"column":38}},"loc":{"start":{"line":239,"column":47},"end":{"line":239,"column":77}}}},"branchMap":{"0":{"loc":{"start":{"line":66,"column":25},"end":{"line":66,"column":81}},"type":"binary-expr","locations":[{"start":{"line":66,"column":25},"end":{"line":66,"column":48}},{"start":{"line":66,"column":52},"end":{"line":66,"column":81}}]},"1":{"loc":{"start":{"line":67,"column":11},"end":{"line":67,"column":39}},"type":"binary-expr","locations":[{"start":{"line":67,"column":11},"end":{"line":67,"column":23}},{"start":{"line":67,"column":27},"end":{"line":67,"column":39}}]},"2":{"loc":{"start":{"line":70,"column":2},"end":{"line":70,"column":137}},"type":"if","locations":[{"start":{"line":70,"column":2},"end":{"line":70,"column":137}}]},"3":{"loc":{"start":{"line":71,"column":2},"end":{"line":71,"column":131}},"type":"if","locations":[{"start":{"line":71,"column":2},"end":{"line":71,"column":131}}]},"4":{"loc":{"start":{"line":84,"column":17},"end":{"line":87,"column":null}},"type":"cond-expr","locations":[{"start":{"line":85,"column":18},"end":{"line":85,"column":112}},{"start":{"line":87,"column":18},"end":{"line":87,"column":115}}]},"5":{"loc":{"start":{"line":96,"column":20},"end":{"line":96,"column":72}},"type":"cond-expr","locations":[{"start":{"line":96,"column":38},"end":{"line":96,"column":45}},{"start":{"line":96,"column":48},"end":{"line":96,"column":72}}]},"6":{"loc":{"start":{"line":123,"column":7},"end":{"line":144,"column":null}},"type":"binary-expr","locations":[{"start":{"line":123,"column":7},"end":{"line":123,"column":15}},{"start":{"line":124,"column":8},"end":{"line":143,"column":null}}]},"7":{"loc":{"start":{"line":129,"column":20},"end":{"line":129,"column":72}},"type":"cond-expr","locations":[{"start":{"line":129,"column":38},"end":{"line":129,"column":45}},{"start":{"line":129,"column":48},"end":{"line":129,"column":72}}]},"8":{"loc":{"start":{"line":226,"column":9},"end":{"line":245,"column":null}},"type":"binary-expr","locations":[{"start":{"line":226,"column":9},"end":{"line":226,"column":23}},{"start":{"line":227,"column":10},"end":{"line":244,"column":null}}]}},"s":{"0":0,"1":0,"2":0,"3":0,"4":0,"5":0,"6":0,"7":0,"8":0,"9":0,"10":0,"11":0,"12":0,"13":0,"14":0,"15":0,"16":0,"17":0,"18":0,"19":0,"20":0,"21":0,"22":0,"23":0,"24":0,"25":0,"26":0,"27":0,"28":0,"29":0,"30":0,"31":0,"32":0,"33":0,"34":0,"35":0,"36":0,"37":0,"38":0,"39":0,"40":0,"41":0,"42":0,"43":0,"44":0,"45":0,"46":0,"47":0,"48":0,"49":0,"50":0,"51":0,"52":0,"53":0,"54":0,"55":0,"56":0},"f":{"0":0,"1":0,"2":0,"3":0,"4":0,"5":0,"6":0,"7":0,"8":0,"9":0,"10":0,"11":0,"12":0,"13":0,"14":0,"15":0,"16":0,"17":0},"b":{"0":[0,0],"1":[0,0],"2":[0],"3":[0],"4":[0,0],"5":[0,0],"6":[0,0],"7":[0,0],"8":[0,0]}}
,"D:\\Movie_EXp-Json\\movie-explorer-plus\\src\\HomePage.tsx": {"path":"D:\\Movie_EXp-Json\\movie-explorer-plus\\src\\HomePage.tsx","statementMap":{"0":{"start":{"line":1,"column":0},"end":{"line":1,"column":59}},"1":{"start":{"line":2,"column":0},"end":{"line":2,"column":47}},"2":{"start":{"line":3,"column":0},"end":{"line":3,"column":44}},"3":{"start":{"line":4,"column":0},"end":{"line":4,"column":44}},"4":{"start":{"line":5,"column":0},"end":{"line":5,"column":44}},"5":{"start":{"line":6,"column":0},"end":{"line":6,"column":44}},"6":{"start":{"line":13,"column":26},"end":{"line":13,"column":62}},"7":{"start":{"line":15,"column":27},"end":{"line":81,"column":1}},"8":{"start":{"line":16,"column":20},"end":{"line":16,"column":55}},"9":{"start":{"line":17,"column":24},"end":{"line":17,"column":58}},"10":{"start":{"line":18,"column":19},"end":{"line":18,"column":32}},"11":{"start":{"line":20,"column":2},"end":{"line":33,"column":9}},"12":{"start":{"line":21,"column":23},"end":{"line":29,"column":5}},"13":{"start":{"line":22,"column":35},"end":{"line":22,"column":40}},"14":{"start":{"line":23,"column":6},"end":{"line":23,"column":41}},"15":{"start":{"line":25,"column":6},"end":{"line":28,"column":7}},"16":{"start":{"line":26,"column":8},"end":{"line":26,"column":54}},"17":{"start":{"line":27,"column":8},"end":{"line":27,"column":53}},"18":{"start":{"line":31,"column":4},"end":{"line":31,"column":53}},"19":{"start":{"line":32,"column":4},"end":{"line":32,"column":69}},"20":{"start":{"line":32,"column":17},"end":{"line":32,"column":68}},"21":{"start":{"line":35,"column":2},"end":{"line":80,"column":4}},"22":{"start":{"line":48,"column":10},"end":{"line":49,"column":null}},"23":{"start":{"line":64,"column":25},"end":{"line":64,"column":43}},"24":{"start":{"line":83,"column":0},"end":{"line":83,"column":24}}},"fnMap":{"0":{"name":"(anonymous_1)","decl":{"start":{"line":15,"column":27},"end":{"line":15,"column":30}},"loc":{"start":{"line":15,"column":32},"end":{"line":81,"column":1}}},"1":{"name":"(anonymous_2)","decl":{"start":{"line":20,"column":12},"end":{"line":20,"column":15}},"loc":{"start":{"line":20,"column":17},"end":{"line":33,"column":3}}},"2":{"name":"(anonymous_3)","decl":{"start":{"line":21,"column":23},"end":{"line":21,"column":24}},"loc":{"start":{"line":21,"column":45},"end":{"line":29,"column":5}}},"3":{"name":"(anonymous_4)","decl":{"start":{"line":32,"column":11},"end":{"line":32,"column":14}},"loc":{"start":{"line":32,"column":17},"end":{"line":32,"column":68}}},"4":{"name":"(anonymous_5)","decl":{"start":{"line":47,"column":21},"end":{"line":47,"column":22}},"loc":{"start":{"line":48,"column":10},"end":{"line":49,"column":null}}},"5":{"name":"(anonymous_6)","decl":{"start":{"line":64,"column":19},"end":{"line":64,"column":22}},"loc":{"start":{"line":64,"column":25},"end":{"line":64,"column":43}}}},"branchMap":{"0":{"loc":{"start":{"line":25,"column":6},"end":{"line":28,"column":7}},"type":"if","locations":[{"start":{"line":25,"column":6},"end":{"line":28,"column":7}}]}},"s":{"0":1,"1":1,"2":1,"3":1,"4":1,"5":1,"6":1,"7":1,"8":4,"9":4,"10":4,"11":4,"12":4,"13":0,"14":0,"15":0,"16":0,"17":0,"18":4,"19":4,"20":4,"21":4,"22":16,"23":1,"24":1},"f":{"0":4,"1":4,"2":0,"3":4,"4":16,"5":1},"b":{"0":[0]}}
,"D:\\Movie_EXp-Json\\movie-explorer-plus\\src\\LoginPage.tsx": {"path":"D:\\Movie_EXp-Json\\movie-explorer-plus\\src\\LoginPage.tsx","statementMap":{"0":{"start":{"line":1,"column":0},"end":{"line":1,"column":41}},"1":{"start":{"line":2,"column":0},"end":{"line":2,"column":null}},"2":{"start":{"line":11,"column":0},"end":{"line":11,"column":49}},"3":{"start":{"line":12,"column":0},"end":{"line":12,"column":42}},"4":{"start":{"line":13,"column":0},"end":{"line":13,"column":41}},"5":{"start":{"line":14,"column":0},"end":{"line":14,"column":47}},"6":{"start":{"line":15,"column":0},"end":{"line":15,"column":30}},"7":{"start":{"line":16,"column":0},"end":{"line":16,"column":46}},"8":{"start":{"line":18,"column":0},"end":{"line":18,"column":34}},"9":{"start":{"line":42,"column":4},"end":{"line":42,"column":17}},"10":{"start":{"line":54,"column":2},"end":{"line":60,"column":4}},"11":{"start":{"line":55,"column":28},"end":{"line":55,"column":40}},"12":{"start":{"line":56,"column":4},"end":{"line":59,"column":7}},"13":{"start":{"line":62,"column":2},"end":{"line":79,"column":4}},"14":{"start":{"line":62,"column":27},"end":{"line":79,"column":4}},"15":{"start":{"line":63,"column":32},"end":{"line":63,"column":42}},"16":{"start":{"line":64,"column":25},"end":{"line":64,"column":35}},"17":{"start":{"line":66,"column":4},"end":{"line":78,"column":5}},"18":{"start":{"line":67,"column":24},"end":{"line":67,"column":56}},"19":{"start":{"line":70,"column":6},"end":{"line":70,"column":66}},"20":{"start":{"line":71,"column":6},"end":{"line":71,"column":52}},"21":{"start":{"line":73,"column":6},"end":{"line":73,"column":33}},"22":{"start":{"line":74,"column":6},"end":{"line":74,"column":24}},"23":{"start":{"line":76,"column":6},"end":{"line":76,"column":67}},"24":{"start":{"line":77,"column":6},"end":{"line":77,"column":43}},"25":{"start":{"line":43,"column":4},"end":{"line":46,"column":6}},"26":{"start":{"line":49,"column":4},"end":{"line":51,"column":7}},"27":{"start":{"line":82,"column":32},"end":{"line":82,"column":42}},"28":{"start":{"line":83,"column":25},"end":{"line":83,"column":35}},"29":{"start":{"line":85,"column":4},"end":{"line":206,"column":6}},"30":{"start":{"line":198,"column":31},"end":{"line":198,"column":50}},"31":{"start":{"line":210,"column":0},"end":{"line":210,"column":39}}},"fnMap":{"0":{"name":"(anonymous_8)","decl":{"start":{"line":41,"column":2},"end":{"line":41,"column":14}},"loc":{"start":{"line":41,"column":35},"end":{"line":52,"column":3}}},"1":{"name":"(anonymous_9)","decl":{"start":{"line":54,"column":17},"end":{"line":54,"column":18}},"loc":{"start":{"line":54,"column":64},"end":{"line":60,"column":3}}},"2":{"name":"(anonymous_10)","decl":{"start":{"line":62,"column":16},"end":{"line":62,"column":25}},"loc":{"start":{"line":62,"column":27},"end":{"line":79,"column":4}}},"3":{"name":"(anonymous_11)","decl":{"start":{"line":62,"column":27},"end":{"line":62,"column":null}},"loc":{"start":{"line":62,"column":27},"end":{"line":79,"column":3}}},"4":{"name":"(anonymous_12)","decl":{"start":{"line":81,"column":2},"end":{"line":81,"column":8}},"loc":{"start":{"line":81,"column":8},"end":{"line":207,"column":3}}},"5":{"name":"(anonymous_13)","decl":{"start":{"line":198,"column":25},"end":{"line":198,"column":28}},"loc":{"start":{"line":198,"column":31},"end":{"line":198,"column":50}}}},"branchMap":{},"s":{"0":0,"1":0,"2":0,"3":0,"4":0,"5":0,"6":0,"7":0,"8":0,"9":0,"10":0,"11":0,"12":0,"13":0,"14":0,"15":0,"16":0,"17":0,"18":0,"19":0,"20":0,"21":0,"22":0,"23":0,"24":0,"25":0,"26":0,"27":0,"28":0,"29":0,"30":0,"31":0},"f":{"0":0,"1":0,"2":0,"3":0,"4":0,"5":0},"b":{}}
,"D:\\Movie_EXp-Json\\movie-explorer-plus\\src\\MovieCard.tsx": {"path":"D:\\Movie_EXp-Json\\movie-explorer-plus\\src\\MovieCard.tsx","statementMap":{"0":{"start":{"line":12,"column":44},"end":{"line":34,"column":1}},"1":{"start":{"line":13,"column":22},"end":{"line":15,"column":3}},"2":{"start":{"line":14,"column":4},"end":{"line":14,"column":21}},"3":{"start":{"line":17,"column":2},"end":{"line":33,"column":4}},"4":{"start":{"line":36,"column":0},"end":{"line":36,"column":25}}},"fnMap":{"0":{"name":"(anonymous_0)","decl":{"start":{"line":12,"column":44},"end":{"line":12,"column":45}},"loc":{"start":{"line":12,"column":99},"end":{"line":34,"column":1}}},"1":{"name":"(anonymous_1)","decl":{"start":{"line":13,"column":22},"end":{"line":13,"column":25}},"loc":{"start":{"line":13,"column":27},"end":{"line":15,"column":3}}}},"branchMap":{},"s":{"0":1,"1":2,"2":1,"3":2,"4":1},"f":{"0":2,"1":1},"b":{}}
,"D:\\Movie_EXp-Json\\movie-explorer-plus\\src\\MovieDetails.tsx": {"path":"D:\\Movie_EXp-Json\\movie-explorer-plus\\src\\MovieDetails.tsx","statementMap":{"0":{"start":{"line":1,"column":0},"end":{"line":1,"column":51}},"1":{"start":{"line":2,"column":0},"end":{"line":2,"column":37}},"2":{"start":{"line":29,"column":48},"end":{"line":233,"column":1}},"3":{"start":{"line":30,"column":28},"end":{"line":30,"column":56}},"4":{"start":{"line":31,"column":32},"end":{"line":31,"column":55}},"5":{"start":{"line":32,"column":28},"end":{"line":32,"column":57}},"6":{"start":{"line":34,"column":2},"end":{"line":52,"column":16}},"7":{"start":{"line":35,"column":29},"end":{"line":49,"column":6}},"8":{"start":{"line":35,"column":40},"end":{"line":49,"column":6}},"9":{"start":{"line":36,"column":6},"end":{"line":36,"column":27}},"10":{"start":{"line":36,"column":20},"end":{"line":36,"column":27}},"11":{"start":{"line":38,"column":6},"end":{"line":48,"column":7}},"12":{"start":{"line":39,"column":8},"end":{"line":39,"column":25}},"13":{"start":{"line":40,"column":21},"end":{"line":40,"column":48}},"14":{"start":{"line":41,"column":8},"end":{"line":41,"column":23}},"15":{"start":{"line":42,"column":8},"end":{"line":42,"column":23}},"16":{"start":{"line":44,"column":8},"end":{"line":44,"column":60}},"17":{"start":{"line":45,"column":8},"end":{"line":45,"column":49}},"18":{"start":{"line":47,"column":8},"end":{"line":47,"column":26}},"19":{"start":{"line":51,"column":4},"end":{"line":51,"column":23}},"20":{"start":{"line":54,"column":2},"end":{"line":54,"column":28}},"21":{"start":{"line":54,"column":16},"end":{"line":54,"column":28}},"22":{"start":{"line":57,"column":30},"end":{"line":61,"column":3}},"23":{"start":{"line":58,"column":4},"end":{"line":60,"column":5}},"24":{"start":{"line":59,"column":6},"end":{"line":59,"column":16}},"25":{"start":{"line":64,"column":20},"end":{"line":72,"column":3}},"26":{"start":{"line":65,"column":4},"end":{"line":65,"column":34}},"27":{"start":{"line":65,"column":24},"end":{"line":65,"column":34}},"28":{"start":{"line":66,"column":4},"end":{"line":71,"column":5}},"29":{"start":{"line":67,"column":6},"end":{"line":67,"column":38}},"30":{"start":{"line":69,"column":6},"end":{"line":69,"column":48}},"31":{"start":{"line":70,"column":6},"end":{"line":70,"column":16}},"32":{"start":{"line":74,"column":2},"end":{"line":232,"column":4}},"33":{"start":{"line":217,"column":22},"end":{"line":218,"column":null}},"34":{"start":{"line":235,"column":0},"end":{"line":235,"column":27}}},"fnMap":{"0":{"name":"(anonymous_7)","decl":{"start":{"line":29,"column":48},"end":{"line":29,"column":49}},"loc":{"start":{"line":29,"column":73},"end":{"line":233,"column":1}}},"1":{"name":"(anonymous_8)","decl":{"start":{"line":34,"column":12},"end":{"line":34,"column":15}},"loc":{"start":{"line":34,"column":17},"end":{"line":52,"column":3}}},"2":{"name":"(anonymous_9)","decl":{"start":{"line":35,"column":29},"end":{"line":35,"column":38}},"loc":{"start":{"line":35,"column":40},"end":{"line":49,"column":6}}},"3":{"name":"(anonymous_10)","decl":{"start":{"line":35,"column":40},"end":{"line":35,"column":null}},"loc":{"start":{"line":35,"column":40},"end":{"line":49,"column":5}}},"4":{"name":"(anonymous_11)","decl":{"start":{"line":57,"column":30},"end":{"line":57,"column":31}},"loc":{"start":{"line":57,"column":54},"end":{"line":61,"column":3}}},"5":{"name":"(anonymous_12)","decl":{"start":{"line":64,"column":20},"end":{"line":64,"column":23}},"loc":{"start":{"line":64,"column":25},"end":{"line":72,"column":3}}},"6":{"name":"(anonymous_13)","decl":{"start":{"line":216,"column":37},"end":{"line":216,"column":38}},"loc":{"start":{"line":217,"column":22},"end":{"line":218,"column":null}}}},"branchMap":{"0":{"loc":{"start":{"line":36,"column":6},"end":{"line":36,"column":27}},"type":"if","locations":[{"start":{"line":36,"column":6},"end":{"line":36,"column":27}}]},"1":{"loc":{"start":{"line":54,"column":2},"end":{"line":54,"column":28}},"type":"if","locations":[{"start":{"line":54,"column":2},"end":{"line":54,"column":28}}]},"2":{"loc":{"start":{"line":58,"column":4},"end":{"line":60,"column":5}},"type":"if","locations":[{"start":{"line":58,"column":4},"end":{"line":60,"column":5}}]},"3":{"loc":{"start":{"line":65,"column":4},"end":{"line":65,"column":34}},"type":"if","locations":[{"start":{"line":65,"column":4},"end":{"line":65,"column":34}}]},"4":{"loc":{"start":{"line":65,"column":9},"end":{"line":65,"column":22}},"type":"cond-expr","locations":[{"start":{"line":65,"column":14},"end":{"line":65,"column":16}},{"start":{"line":65,"column":9},"end":{"line":65,"column":22}}]},"5":{"loc":{"start":{"line":65,"column":9},"end":{"line":65,"column":16}},"type":"binary-expr","locations":[{"start":{"line":65,"column":9},"end":{"line":65,"column":16}},{"start":{"line":65,"column":9},"end":{"line":65,"column":16}}]},"6":{"loc":{"start":{"line":80,"column":9},"end":{"line":229,"column":16}},"type":"cond-expr","locations":[{"start":{"line":81,"column":10},"end":{"line":82,"column":null}},{"start":{"line":84,"column":12},"end":{"line":229,"column":16}}]},"7":{"loc":{"start":{"line":84,"column":12},"end":{"line":229,"column":16}},"type":"cond-expr","locations":[{"start":{"line":85,"column":10},"end":{"line":92,"column":null}},{"start":{"line":94,"column":12},"end":{"line":229,"column":16}}]},"8":{"loc":{"start":{"line":94,"column":12},"end":{"line":229,"column":16}},"type":"cond-expr","locations":[{"start":{"line":95,"column":10},"end":{"line":227,"column":null}},{"start":{"line":229,"column":12},"end":{"line":229,"column":16}}]},"9":{"loc":{"start":{"line":112,"column":25},"end":{"line":112,"column":225}},"type":"binary-expr","locations":[{"start":{"line":112,"column":25},"end":{"line":112,"column":45}},{"start":{"line":112,"column":49},"end":{"line":112,"column":225}}]}},"s":{"0":1,"1":1,"2":1,"3":7,"4":7,"5":7,"6":7,"7":5,"8":5,"9":5,"10":0,"11":5,"12":5,"13":5,"14":3,"15":3,"16":1,"17":1,"18":4,"19":5,"20":7,"21":0,"22":7,"23":1,"24":1,"25":7,"26":1,"27":0,"28":1,"29":1,"30":0,"31":0,"32":7,"33":2,"34":1},"f":{"0":7,"1":5,"2":5,"3":5,"4":1,"5":1,"6":2},"b":{"0":[0],"1":[0],"2":[1],"3":[0],"4":[0,1],"5":[1,1],"6":[5,2],"7":[1,1],"8":[1,0],"9":[1,0]}}
,"D:\\Movie_EXp-Json\\movie-explorer-plus\\src\\MovieList.tsx": {"path":"D:\\Movie_EXp-Json\\movie-explorer-plus\\src\\MovieList.tsx","statementMap":{"0":{"start":{"line":1,"column":0},"end":{"line":1,"column":48}},"1":{"start":{"line":2,"column":0},"end":{"line":2,"column":36}},"2":{"start":{"line":3,"column":0},"end":{"line":3,"column":41}},"3":{"start":{"line":4,"column":0},"end":{"line":4,"column":51}},"4":{"start":{"line":5,"column":0},"end":{"line":5,"column":54}},"5":{"start":{"line":7,"column":0},"end":{"line":7,"column":20}},"6":{"start":{"line":8,"column":0},"end":{"line":8,"column":31}},"7":{"start":{"line":34,"column":44},"end":{"line":174,"column":1}},"8":{"start":{"line":35,"column":48},"end":{"line":35,"column":77}},"9":{"start":{"line":37,"column":29},"end":{"line":37,"column":60}},"10":{"start":{"line":38,"column":28},"end":{"line":38,"column":59}},"11":{"start":{"line":42,"column":25},"end":{"line":42,"column":67}},"12":{"start":{"line":42,"column":50},"end":{"line":42,"column":66}},"13":{"start":{"line":44,"column":27},"end":{"line":46,"column":3}},"14":{"start":{"line":45,"column":4},"end":{"line":45,"column":32}},"15":{"start":{"line":48,"column":28},"end":{"line":50,"column":3}},"16":{"start":{"line":49,"column":4},"end":{"line":49,"column":29}},"17":{"start":{"line":52,"column":2},"end":{"line":173,"column":4}},"18":{"start":{"line":60,"column":32},"end":{"line":60,"column":null}},"19":{"start":{"line":61,"column":32},"end":{"line":61,"column":null}},"20":{"start":{"line":64,"column":37},"end":{"line":64,"column":72}},"21":{"start":{"line":84,"column":16},"end":{"line":84,"column":null}},"22":{"start":{"line":117,"column":32},"end":{"line":117,"column":null}},"23":{"start":{"line":118,"column":32},"end":{"line":118,"column":null}},"24":{"start":{"line":121,"column":37},"end":{"line":121,"column":71}},"25":{"start":{"line":141,"column":16},"end":{"line":141,"column":null}},"26":{"start":{"line":176,"column":0},"end":{"line":176,"column":25}}},"fnMap":{"0":{"name":"(anonymous_1)","decl":{"start":{"line":34,"column":44},"end":{"line":34,"column":45}},"loc":{"start":{"line":34,"column":59},"end":{"line":174,"column":1}}},"1":{"name":"(anonymous_2)","decl":{"start":{"line":42,"column":39},"end":{"line":42,"column":40}},"loc":{"start":{"line":42,"column":50},"end":{"line":42,"column":66}}},"2":{"name":"(anonymous_3)","decl":{"start":{"line":44,"column":27},"end":{"line":44,"column":28}},"loc":{"start":{"line":44,"column":47},"end":{"line":46,"column":3}}},"3":{"name":"(anonymous_4)","decl":{"start":{"line":48,"column":28},"end":{"line":48,"column":31}},"loc":{"start":{"line":48,"column":33},"end":{"line":50,"column":3}}},"4":{"name":"(anonymous_5)","decl":{"start":{"line":60,"column":26},"end":{"line":60,"column":29}},"loc":{"start":{"line":60,"column":31},"end":{"line":60,"column":null}}},"5":{"name":"(anonymous_6)","decl":{"start":{"line":61,"column":26},"end":{"line":61,"column":29}},"loc":{"start":{"line":61,"column":31},"end":{"line":61,"column":null}}},"6":{"name":"(anonymous_7)","decl":{"start":{"line":64,"column":24},"end":{"line":64,"column":25}},"loc":{"start":{"line":64,"column":37},"end":{"line":64,"column":72}}},"7":{"name":"(anonymous_8)","decl":{"start":{"line":83,"column":26},"end":{"line":83,"column":27}},"loc":{"start":{"line":84,"column":16},"end":{"line":84,"column":null}}},"8":{"name":"(anonymous_9)","decl":{"start":{"line":117,"column":26},"end":{"line":117,"column":29}},"loc":{"start":{"line":117,"column":31},"end":{"line":117,"column":null}}},"9":{"name":"(anonymous_10)","decl":{"start":{"line":118,"column":26},"end":{"line":118,"column":29}},"loc":{"start":{"line":118,"column":31},"end":{"line":118,"column":null}}},"10":{"name":"(anonymous_11)","decl":{"start":{"line":121,"column":24},"end":{"line":121,"column":25}},"loc":{"start":{"line":121,"column":37},"end":{"line":121,"column":71}}},"11":{"name":"(anonymous_12)","decl":{"start":{"line":140,"column":34},"end":{"line":140,"column":35}},"loc":{"start":{"line":141,"column":16},"end":{"line":141,"column":null}}}},"branchMap":{"0":{"loc":{"start":{"line":57,"column":9},"end":{"line":107,"column":null}},"type":"cond-expr","locations":[{"start":{"line":58,"column":10},"end":{"line":104,"column":null}},{"start":{"line":107,"column":10},"end":{"line":107,"column":63}}]},"1":{"loc":{"start":{"line":60,"column":32},"end":{"line":60,"column":76}},"type":"cond-expr","locations":[{"start":{"line":60,"column":68},"end":{"line":60,"column":70}},{"start":{"line":60,"column":68},"end":{"line":60,"column":76}}]},"2":{"loc":{"start":{"line":60,"column":32},"end":{"line":60,"column":70}},"type":"binary-expr","locations":[{"start":{"line":60,"column":32},"end":{"line":60,"column":70}},{"start":{"line":60,"column":68},"end":{"line":60,"column":70}}]},"3":{"loc":{"start":{"line":60,"column":32},"end":{"line":60,"column":68}},"type":"cond-expr","locations":[{"start":{"line":60,"column":58},"end":{"line":60,"column":60}},{"start":{"line":60,"column":58},"end":{"line":60,"column":68}}]},"4":{"loc":{"start":{"line":60,"column":32},"end":{"line":60,"column":60}},"type":"binary-expr","locations":[{"start":{"line":60,"column":32},"end":{"line":60,"column":60}},{"start":{"line":60,"column":58},"end":{"line":60,"column":60}}]},"5":{"loc":{"start":{"line":61,"column":32},"end":{"line":61,"column":77}},"type":"cond-expr","locations":[{"start":{"line":61,"column":68},"end":{"line":61,"column":70}},{"start":{"line":61,"column":68},"end":{"line":61,"column":77}}]},"6":{"loc":{"start":{"line":61,"column":32},"end":{"line":61,"column":70}},"type":"binary-expr","locations":[{"start":{"line":61,"column":32},"end":{"line":61,"column":70}},{"start":{"line":61,"column":68},"end":{"line":61,"column":70}}]},"7":{"loc":{"start":{"line":61,"column":32},"end":{"line":61,"column":68}},"type":"cond-expr","locations":[{"start":{"line":61,"column":58},"end":{"line":61,"column":60}},{"start":{"line":61,"column":58},"end":{"line":61,"column":68}}]},"8":{"loc":{"start":{"line":61,"column":32},"end":{"line":61,"column":60}},"type":"binary-expr","locations":[{"start":{"line":61,"column":32},"end":{"line":61,"column":60}},{"start":{"line":61,"column":58},"end":{"line":61,"column":60}}]},"9":{"loc":{"start":{"line":89,"column":22},"end":{"line":90,"column":198}},"type":"binary-expr","locations":[{"start":{"line":89,"column":22},"end":{"line":89,"column":42}},{"start":{"line":90,"column":22},"end":{"line":90,"column":198}}]},"10":{"loc":{"start":{"line":114,"column":9},"end":{"line":164,"column":null}},"type":"cond-expr","locations":[{"start":{"line":115,"column":10},"end":{"line":161,"column":null}},{"start":{"line":164,"column":10},"end":{"line":164,"column":72}}]},"11":{"loc":{"start":{"line":117,"column":32},"end":{"line":117,"column":75}},"type":"cond-expr","locations":[{"start":{"line":117,"column":67},"end":{"line":117,"column":69}},{"start":{"line":117,"column":67},"end":{"line":117,"column":75}}]},"12":{"loc":{"start":{"line":117,"column":32},"end":{"line":117,"column":69}},"type":"binary-expr","locations":[{"start":{"line":117,"column":32},"end":{"line":117,"column":69}},{"start":{"line":117,"column":67},"end":{"line":117,"column":69}}]},"13":{"loc":{"start":{"line":117,"column":32},"end":{"line":117,"column":67}},"type":"cond-expr","locations":[{"start":{"line":117,"column":57},"end":{"line":117,"column":59}},{"start":{"line":117,"column":57},"end":{"line":117,"column":67}}]},"14":{"loc":{"start":{"line":117,"column":32},"end":{"line":117,"column":59}},"type":"binary-expr","locations":[{"start":{"line":117,"column":32},"end":{"line":117,"column":59}},{"start":{"line":117,"column":57},"end":{"line":117,"column":59}}]},"15":{"loc":{"start":{"line":118,"column":32},"end":{"line":118,"column":76}},"type":"cond-expr","locations":[{"start":{"line":118,"column":67},"end":{"line":118,"column":69}},{"start":{"line":118,"column":67},"end":{"line":118,"column":76}}]},"16":{"loc":{"start":{"line":118,"column":32},"end":{"line":118,"column":69}},"type":"binary-expr","locations":[{"start":{"line":118,"column":32},"end":{"line":118,"column":69}},{"start":{"line":118,"column":67},"end":{"line":118,"column":69}}]},"17":{"loc":{"start":{"line":118,"column":32},"end":{"line":118,"column":67}},"type":"cond-expr","locations":[{"start":{"line":118,"column":57},"end":{"line":118,"column":59}},{"start":{"line":118,"column":57},"end":{"line":118,"column":67}}]},"18":{"loc":{"start":{"line":118,"column":32},"end":{"line":118,"column":59}},"type":"binary-expr","locations":[{"start":{"line":118,"column":32},"end":{"line":118,"column":59}},{"start":{"line":118,"column":57},"end":{"line":118,"column":59}}]},"19":{"loc":{"start":{"line":146,"column":22},"end":{"line":147,"column":198}},"type":"binary-expr","locations":[{"start":{"line":146,"column":22},"end":{"line":146,"column":42}},{"start":{"line":147,"column":22},"end":{"line":147,"column":198}}]},"20":{"loc":{"start":{"line":169,"column":7},"end":{"line":170,"column":null}},"type":"binary-expr","locations":[{"start":{"line":169,"column":7},"end":{"line":169,"column":22}},{"start":{"line":170,"column":8},"end":{"line":170,"column":77}}]}},"s":{"0":0,"1":0,"2":0,"3":0,"4":0,"5":0,"6":0,"7":0,"8":0,"9":0,"10":0,"11":0,"12":0,"13":0,"14":0,"15":0,"16":0,"17":0,"18":0,"19":0,"20":0,"21":0,"22":0,"23":0,"24":0,"25":0,"26":0},"f":{"0":0,"1":0,"2":0,"3":0,"4":0,"5":0,"6":0,"7":0,"8":0,"9":0,"10":0,"11":0},"b":{"0":[0,0],"1":[0,0],"2":[0,0],"3":[0,0],"4":[0,0],"5":[0,0],"6":[0,0],"7":[0,0],"8":[0,0],"9":[0,0],"10":[0,0],"11":[0,0],"12":[0,0],"13":[0,0],"14":[0,0],"15":[0,0],"16":[0,0],"17":[0,0],"18":[0,0],"19":[0,0],"20":[0,0]}}
,"D:\\Movie_EXp-Json\\movie-explorer-plus\\src\\PricingPlans.tsx": {"path":"D:\\Movie_EXp-Json\\movie-explorer-plus\\src\\PricingPlans.tsx","statementMap":{"0":{"start":{"line":2,"column":0},"end":{"line":2,"column":39}},"1":{"start":{"line":3,"column":0},"end":{"line":3,"column":47}},"2":{"start":{"line":4,"column":0},"end":{"line":4,"column":51}},"3":{"start":{"line":5,"column":0},"end":{"line":5,"column":61}},"4":{"start":{"line":6,"column":0},"end":{"line":6,"column":20}},"5":{"start":{"line":8,"column":0},"end":{"line":8,"column":37}},"6":{"start":{"line":9,"column":0},"end":{"line":9,"column":31}},"7":{"start":{"line":11,"column":21},"end":{"line":51,"column":2}},"8":{"start":{"line":53,"column":21},"end":{"line":142,"column":1}},"9":{"start":{"line":54,"column":19},"end":{"line":54,"column":32}},"10":{"start":{"line":56,"column":2},"end":{"line":141,"column":4}},"11":{"start":{"line":60,"column":25},"end":{"line":60,"column":42}},"12":{"start":{"line":108,"column":10},"end":{"line":108,"column":null}},"13":{"start":{"line":118,"column":20},"end":{"line":118,"column":32}},"14":{"start":{"line":144,"column":0},"end":{"line":144,"column":28}}},"fnMap":{"0":{"name":"(anonymous_0)","decl":{"start":{"line":53,"column":21},"end":{"line":53,"column":24}},"loc":{"start":{"line":53,"column":26},"end":{"line":142,"column":1}}},"1":{"name":"(anonymous_1)","decl":{"start":{"line":60,"column":19},"end":{"line":60,"column":22}},"loc":{"start":{"line":60,"column":25},"end":{"line":60,"column":42}}},"2":{"name":"(anonymous_2)","decl":{"start":{"line":107,"column":26},"end":{"line":107,"column":27}},"loc":{"start":{"line":108,"column":10},"end":{"line":108,"column":null}}},"3":{"name":"(anonymous_3)","decl":{"start":{"line":117,"column":37},"end":{"line":117,"column":38}},"loc":{"start":{"line":118,"column":20},"end":{"line":118,"column":32}}}},"branchMap":{},"s":{"0":0,"1":0,"2":0,"3":0,"4":0,"5":0,"6":0,"7":0,"8":0,"9":0,"10":0,"11":0,"12":0,"13":0,"14":0},"f":{"0":0,"1":0,"2":0,"3":0},"b":{}}
,"D:\\Movie_EXp-Json\\movie-explorer-plus\\src\\SignupPage.tsx": {"path":"D:\\Movie_EXp-Json\\movie-explorer-plus\\src\\SignupPage.tsx","statementMap":{"0":{"start":{"line":1,"column":0},"end":{"line":1,"column":41}},"1":{"start":{"line":2,"column":0},"end":{"line":2,"column":null}},"2":{"start":{"line":11,"column":0},"end":{"line":11,"column":68}},"3":{"start":{"line":12,"column":0},"end":{"line":12,"column":31}},"4":{"start":{"line":13,"column":0},"end":{"line":13,"column":41}},"5":{"start":{"line":14,"column":0},"end":{"line":14,"column":42}},"6":{"start":{"line":15,"column":0},"end":{"line":15,"column":39}},"7":{"start":{"line":16,"column":0},"end":{"line":16,"column":47}},"8":{"start":{"line":31,"column":4},"end":{"line":31,"column":17}},"9":{"start":{"line":49,"column":2},"end":{"line":52,"column":4}},"10":{"start":{"line":50,"column":28},"end":{"line":50,"column":36}},"11":{"start":{"line":51,"column":4},"end":{"line":51,"column":44}},"12":{"start":{"line":54,"column":2},"end":{"line":124,"column":4}},"13":{"start":{"line":54,"column":29},"end":{"line":124,"column":4}},"14":{"start":{"line":55,"column":63},"end":{"line":55,"column":73}},"15":{"start":{"line":57,"column":4},"end":{"line":60,"column":5}},"16":{"start":{"line":58,"column":6},"end":{"line":58,"column":57}},"17":{"start":{"line":59,"column":6},"end":{"line":59,"column":13}},"18":{"start":{"line":62,"column":23},"end":{"line":62,"column":51}},"19":{"start":{"line":63,"column":4},"end":{"line":66,"column":5}},"20":{"start":{"line":64,"column":6},"end":{"line":64,"column":69}},"21":{"start":{"line":65,"column":6},"end":{"line":65,"column":13}},"22":{"start":{"line":68,"column":4},"end":{"line":71,"column":5}},"23":{"start":{"line":69,"column":6},"end":{"line":69,"column":78}},"24":{"start":{"line":70,"column":6},"end":{"line":70,"column":13}},"25":{"start":{"line":73,"column":4},"end":{"line":76,"column":5}},"26":{"start":{"line":74,"column":6},"end":{"line":74,"column":57}},"27":{"start":{"line":75,"column":6},"end":{"line":75,"column":13}},"28":{"start":{"line":78,"column":4},"end":{"line":81,"column":5}},"29":{"start":{"line":79,"column":6},"end":{"line":79,"column":66}},"30":{"start":{"line":80,"column":6},"end":{"line":80,"column":13}},"31":{"start":{"line":83,"column":4},"end":{"line":123,"column":5}},"32":{"start":{"line":84,"column":25},"end":{"line":90,"column":8}},"33":{"start":{"line":92,"column":23},"end":{"line":92,"column":47}},"34":{"start":{"line":94,"column":6},"end":{"line":99,"column":7}},"35":{"start":{"line":95,"column":8},"end":{"line":95,"column":47}},"36":{"start":{"line":96,"column":8},"end":{"line":96,"column":40}},"37":{"start":{"line":98,"column":8},"end":{"line":98,"column":69}},"38":{"start":{"line":101,"column":25},"end":{"line":101,"column":59}},"39":{"start":{"line":103,"column":6},"end":{"line":119,"column":7}},"40":{"start":{"line":104,"column":8},"end":{"line":114,"column":9}},"41":{"start":{"line":105,"column":32},"end":{"line":105,"column":58}},"42":{"start":{"line":106,"column":10},"end":{"line":108,"column":28}},"43":{"start":{"line":110,"column":10},"end":{"line":113,"column":26}},"44":{"start":{"line":115,"column":13},"end":{"line":119,"column":7}},"45":{"start":{"line":116,"column":8},"end":{"line":116,"column":77}},"46":{"start":{"line":118,"column":8},"end":{"line":118,"column":37}},"47":{"start":{"line":121,"column":6},"end":{"line":121,"column":45}},"48":{"start":{"line":122,"column":6},"end":{"line":122,"column":44}},"49":{"start":{"line":32,"column":4},"end":{"line":39,"column":6}},"50":{"start":{"line":42,"column":4},"end":{"line":46,"column":5}},"51":{"start":{"line":43,"column":6},"end":{"line":43,"column":59}},"52":{"start":{"line":45,"column":6},"end":{"line":45,"column":75}},"53":{"start":{"line":128,"column":6},"end":{"line":128,"column":16}},"54":{"start":{"line":130,"column":4},"end":{"line":282,"column":6}},"55":{"start":{"line":286,"column":0},"end":{"line":286,"column":26}}},"fnMap":{"0":{"name":"(anonymous_8)","decl":{"start":{"line":30,"column":2},"end":{"line":30,"column":14}},"loc":{"start":{"line":30,"column":23},"end":{"line":47,"column":3}}},"1":{"name":"(anonymous_9)","decl":{"start":{"line":49,"column":22},"end":{"line":49,"column":23}},"loc":{"start":{"line":49,"column":65},"end":{"line":52,"column":3}}},"2":{"name":"(anonymous_10)","decl":{"start":{"line":54,"column":18},"end":{"line":54,"column":27}},"loc":{"start":{"line":54,"column":29},"end":{"line":124,"column":4}}},"3":{"name":"(anonymous_11)","decl":{"start":{"line":54,"column":29},"end":{"line":54,"column":null}},"loc":{"start":{"line":54,"column":29},"end":{"line":124,"column":3}}},"4":{"name":"(anonymous_12)","decl":{"start":{"line":126,"column":2},"end":{"line":126,"column":8}},"loc":{"start":{"line":126,"column":8},"end":{"line":283,"column":3}}}},"branchMap":{"0":{"loc":{"start":{"line":57,"column":4},"end":{"line":60,"column":5}},"type":"if","locations":[{"start":{"line":57,"column":4},"end":{"line":60,"column":5}}]},"1":{"loc":{"start":{"line":57,"column":8},"end":{"line":57,"column":67}},"type":"binary-expr","locations":[{"start":{"line":57,"column":8},"end":{"line":57,"column":13}},{"start":{"line":57,"column":17},"end":{"line":57,"column":23}},{"start":{"line":57,"column":27},"end":{"line":57,"column":36}},{"start":{"line":57,"column":40},"end":{"line":57,"column":56}},{"start":{"line":57,"column":60},"end":{"line":57,"column":67}}]},"2":{"loc":{"start":{"line":63,"column":4},"end":{"line":66,"column":5}},"type":"if","locations":[{"start":{"line":63,"column":4},"end":{"line":66,"column":5}}]},"3":{"loc":{"start":{"line":68,"column":4},"end":{"line":71,"column":5}},"type":"if","locations":[{"start":{"line":68,"column":4},"end":{"line":71,"column":5}}]},"4":{"loc":{"start":{"line":73,"column":4},"end":{"line":76,"column":5}},"type":"if","locations":[{"start":{"line":73,"column":4},"end":{"line":76,"column":5}}]},"5":{"loc":{"start":{"line":78,"column":4},"end":{"line":81,"column":5}},"type":"if","locations":[{"start":{"line":78,"column":4},"end":{"line":81,"column":5}}]},"6":{"loc":{"start":{"line":94,"column":6},"end":{"line":99,"column":7}},"type":"if","locations":[{"start":{"line":94,"column":6},"end":{"line":99,"column":7}},{"start":{"line":97,"column":13},"end":{"line":99,"column":7}}]},"7":{"loc":{"start":{"line":94,"column":10},"end":{"line":94,"column":27}},"type":"cond-expr","locations":[{"start":{"line":94,"column":23},"end":{"line":94,"column":25}},{"start":{"line":94,"column":23},"end":{"line":94,"column":27}}]},"8":{"loc":{"start":{"line":94,"column":10},"end":{"line":94,"column":25}},"type":"binary-expr","locations":[{"start":{"line":94,"column":10},"end":{"line":94,"column":25}},{"start":{"line":94,"column":23},"end":{"line":94,"column":25}}]},"9":{"loc":{"start":{"line":103,"column":6},"end":{"line":119,"column":7}},"type":"if","locations":[{"start":{"line":103,"column":6},"end":{"line":119,"column":7}},{"start":{"line":115,"column":13},"end":{"line":119,"column":7}}]},"10":{"loc":{"start":{"line":104,"column":8},"end":{"line":114,"column":9}},"type":"if","locations":[{"start":{"line":104,"column":8},"end":{"line":114,"column":9}},{"start":{"line":109,"column":15},"end":{"line":114,"column":9}}]},"11":{"loc":{"start":{"line":106,"column":25},"end":{"line":108,"column":27}},"type":"cond-expr","locations":[{"start":{"line":107,"column":14},"end":{"line":107,"column":38}},{"start":{"line":108,"column":14},"end":{"line":108,"column":27}}]},"12":{"loc":{"start":{"line":111,"column":12},"end":{"line":113,"column":25}},"type":"binary-expr","locations":[{"start":{"line":111,"column":12},"end":{"line":111,"column":40}},{"start":{"line":112,"column":12},"end":{"line":112,"column":31}},{"start":{"line":113,"column":12},"end":{"line":113,"column":25}}]},"13":{"loc":{"start":{"line":111,"column":12},"end":{"line":111,"column":40}},"type":"cond-expr","locations":[{"start":{"line":111,"column":31},"end":{"line":111,"column":33}},{"start":{"line":111,"column":31},"end":{"line":111,"column":40}}]},"14":{"loc":{"start":{"line":111,"column":12},"end":{"line":111,"column":33}},"type":"binary-expr","locations":[{"start":{"line":111,"column":12},"end":{"line":111,"column":33}},{"start":{"line":111,"column":31},"end":{"line":111,"column":33}}]},"15":{"loc":{"start":{"line":115,"column":13},"end":{"line":119,"column":7}},"type":"if","locations":[{"start":{"line":115,"column":13},"end":{"line":119,"column":7}},{"start":{"line":117,"column":13},"end":{"line":119,"column":7}}]},"16":{"loc":{"start":{"line":42,"column":4},"end":{"line":46,"column":5}},"type":"if","locations":[{"start":{"line":42,"column":4},"end":{"line":46,"column":5}},{"start":{"line":44,"column":11},"end":{"line":46,"column":5}}]},"17":{"loc":{"start":{"line":173,"column":11},"end":{"line":176,"column":null}},"type":"binary-expr","locations":[{"start":{"line":173,"column":11},"end":{"line":173,"column":16}},{"start":{"line":174,"column":12},"end":{"line":175,"column":null}}]}},"s":{"0":1,"1":1,"2":1,"3":1,"4":1,"5":1,"6":1,"7":1,"8":3,"9":3,"10":10,"11":10,"12":3,"13":2,"14":2,"15":2,"16":0,"17":0,"18":2,"19":2,"20":0,"21":0,"22":2,"23":0,"24":0,"25":2,"26":0,"27":0,"28":2,"29":0,"30":0,"31":2,"32":2,"33":2,"34":1,"35":1,"36":1,"37":0,"38":1,"39":1,"40":0,"41":0,"42":0,"43":0,"44":1,"45":0,"46":1,"47":1,"48":1,"49":3,"50":3,"51":3,"52":0,"53":13,"54":13,"55":1},"f":{"0":3,"1":10,"2":2,"3":2,"4":13},"b":{"0":[0],"1":[2,2,2,2,2],"2":[0],"3":[0],"4":[0],"5":[0],"6":[1,0],"7":[0,1],"8":[1,1],"9":[0,1],"10":[0,0],"11":[0,0],"12":[0,0,0],"13":[0,0],"14":[0,0],"15":[0,1],"16":[3,0],"17":[13,0]}}
}
