TN:
SF:src\AdminPanel.tsx
FN:20,(anonymous_0)
FN:60,(anonymous_1)
FN:64,(anonymous_2)
FN:66,(anonymous_3)
FN:75,(anonymous_4)
FN:77,(anonymous_5)
FN:83,(anonymous_6)
FN:147,(anonymous_7)
FNF:8
FNH:8
FNDA:36,(anonymous_0)
FNDA:9,(anonymous_1)
FNDA:18,(anonymous_2)
FNDA:18,(anonymous_3)
FNDA:1,(anonymous_4)
FNDA:1,(anonymous_5)
FNDA:2,(anonymous_6)
FNDA:1,(anonymous_7)
DA:1,1
DA:2,1
DA:3,1
DA:20,1
DA:21,36
DA:22,36
DA:23,36
DA:25,36
DA:55,36
DA:56,36
DA:57,36
DA:58,36
DA:60,36
DA:61,9
DA:64,36
DA:65,18
DA:66,18
DA:75,36
DA:76,1
DA:77,1
DA:83,36
DA:84,2
DA:85,2
DA:86,2
DA:88,2
DA:90,2
DA:94,2
DA:95,16
DA:96,0
DA:101,2
DA:102,0
DA:106,2
DA:107,2
DA:108,0
DA:112,2
DA:118,2
DA:120,1
DA:121,1
DA:122,1
DA:125,1
DA:126,1
DA:127,1
DA:143,0
DA:147,36
DA:148,1
DA:151,36
DA:365,1
LF:47
LH:43
BRDA:25,0,0,4
BRDA:25,0,1,32
BRDA:69,1,0,4
BRDA:69,1,1,14
BRDA:69,2,0,4
BRDA:69,2,1,0
BRDA:70,3,0,1
BRDA:70,3,1,13
BRDA:79,4,0,1
BRDA:79,4,1,0
BRDA:79,5,0,1
BRDA:79,5,1,1
BRDA:95,6,0,0
BRDA:95,7,0,16
BRDA:95,7,1,16
BRDA:95,7,2,12
BRDA:101,8,0,0
BRDA:107,9,0,0
BRDA:114,10,0,1
BRDA:114,10,1,1
BRDA:114,11,0,2
BRDA:114,11,1,1
BRDA:115,12,0,2
BRDA:115,12,1,0
BRDA:118,13,0,1
BRDA:118,13,1,1
BRDA:118,14,0,2
BRDA:118,14,1,1
BRDA:126,15,0,1
BRDA:126,15,1,0
BRDA:143,16,0,0
BRDA:143,16,1,0
BRDA:143,17,0,0
BRDA:143,17,1,0
BRDA:156,18,0,4
BRDA:156,18,1,32
BRDA:158,19,0,4
BRDA:158,19,1,32
BRDA:168,20,0,36
BRDA:168,20,1,0
BRDA:173,21,0,36
BRDA:173,21,1,3
BRDA:213,22,0,36
BRDA:213,22,1,0
BRDA:229,23,0,4
BRDA:229,23,1,32
BRDA:259,24,0,36
BRDA:259,24,1,23
BRDA:322,25,0,36
BRDA:322,25,1,31
BRDA:356,26,0,4
BRDA:356,26,1,32
BRF:52
BRH:39
end_of_record
TN:
SF:src\Api.ts
FN:94,(anonymous_1)
FN:119,(anonymous_2)
FN:140,(anonymous_3)
FN:165,(anonymous_4)
FN:188,(anonymous_5)
FN:210,(anonymous_6)
FN:253,(anonymous_7)
FN:302,(anonymous_8)
FN:351,(anonymous_9)
FN:371,(anonymous_10)
FN:384,(anonymous_11)
FNF:11
FNH:0
FNDA:0,(anonymous_1)
FNDA:0,(anonymous_2)
FNDA:0,(anonymous_3)
FNDA:0,(anonymous_4)
FNDA:0,(anonymous_5)
FNDA:0,(anonymous_6)
FNDA:0,(anonymous_7)
FNDA:0,(anonymous_8)
FNDA:0,(anonymous_9)
FNDA:0,(anonymous_10)
FNDA:0,(anonymous_11)
DA:1,1
DA:90,1
DA:91,1
DA:94,1
DA:95,0
DA:96,0
DA:106,0
DA:108,0
DA:113,0
DA:114,0
DA:119,1
DA:120,0
DA:121,0
DA:131,0
DA:133,0
DA:134,0
DA:135,0
DA:140,1
DA:141,0
DA:142,0
DA:143,0
DA:144,0
DA:146,0
DA:156,0
DA:158,0
DA:159,0
DA:160,0
DA:165,1
DA:166,0
DA:167,0
DA:168,0
DA:179,0
DA:181,0
DA:182,0
DA:183,0
DA:188,1
DA:189,0
DA:190,0
DA:191,0
DA:201,0
DA:203,0
DA:204,0
DA:205,0
DA:210,1
DA:211,0
DA:216,0
DA:217,0
DA:220,0
DA:221,0
DA:222,0
DA:234,0
DA:244,0
DA:246,0
DA:247,0
DA:248,0
DA:253,1
DA:254,0
DA:255,0
DA:256,0
DA:259,0
DA:260,0
DA:261,0
DA:262,0
DA:263,0
DA:264,0
DA:265,0
DA:266,0
DA:269,0
DA:270,0
DA:272,0
DA:273,0
DA:275,0
DA:276,0
DA:278,0
DA:279,0
DA:282,0
DA:293,0
DA:295,0
DA:296,0
DA:297,0
DA:302,1
DA:303,0
DA:304,0
DA:305,0
DA:308,0
DA:309,0
DA:310,0
DA:311,0
DA:312,0
DA:313,0
DA:314,0
DA:315,0
DA:318,0
DA:319,0
DA:321,0
DA:322,0
DA:324,0
DA:325,0
DA:327,0
DA:328,0
DA:331,0
DA:342,0
DA:344,0
DA:345,0
DA:346,0
DA:351,1
DA:352,0
DA:353,0
DA:354,0
DA:355,0
DA:358,0
DA:359,0
DA:361,0
DA:370,0
DA:371,0
DA:372,0
DA:375,0
DA:376,0
DA:377,0
DA:379,0
DA:380,0
DA:384,1
DA:385,0
DA:386,0
DA:387,0
DA:388,0
DA:391,0
DA:401,0
DA:403,0
DA:404,0
DA:405,0
LF:131
LH:13
BRDA:108,0,0,0
BRDA:108,0,1,0
BRDA:109,1,0,0
BRDA:109,1,1,0
BRDA:112,2,0,0
BRDA:112,2,1,0
BRDA:113,3,0,0
BRDA:113,3,1,0
BRDA:133,4,0,0
BRDA:133,4,1,0
BRDA:134,5,0,0
BRDA:134,5,1,0
BRDA:143,6,0,0
BRDA:158,7,0,0
BRDA:158,7,1,0
BRDA:159,8,0,0
BRDA:159,8,1,0
BRDA:165,9,0,0
BRDA:174,10,0,0
BRDA:174,10,1,0
BRDA:181,11,0,0
BRDA:181,11,1,0
BRDA:182,12,0,0
BRDA:182,12,1,0
BRDA:197,13,0,0
BRDA:197,13,1,0
BRDA:203,14,0,0
BRDA:203,14,1,0
BRDA:204,15,0,0
BRDA:204,15,1,0
BRDA:210,16,0,0
BRDA:216,17,0,0
BRDA:216,18,0,0
BRDA:216,18,1,0
BRDA:229,19,0,0
BRDA:229,19,1,0
BRDA:235,20,0,0
BRDA:235,20,1,0
BRDA:236,21,0,0
BRDA:236,21,1,0
BRDA:239,22,0,0
BRDA:239,22,1,0
BRDA:246,23,0,0
BRDA:246,23,1,0
BRDA:247,24,0,0
BRDA:247,24,1,0
BRDA:269,25,0,0
BRDA:272,26,0,0
BRDA:275,27,0,0
BRDA:278,28,0,0
BRDA:289,29,0,0
BRDA:289,29,1,0
BRDA:295,30,0,0
BRDA:295,30,1,0
BRDA:296,31,0,0
BRDA:296,31,1,0
BRDA:318,32,0,0
BRDA:321,33,0,0
BRDA:324,34,0,0
BRDA:327,35,0,0
BRDA:338,36,0,0
BRDA:338,36,1,0
BRDA:344,37,0,0
BRDA:344,37,1,0
BRDA:345,38,0,0
BRDA:345,38,1,0
BRDA:354,39,0,0
BRDA:370,40,0,0
BRDA:372,41,0,0
BRDA:372,41,1,0
BRDA:387,42,0,0
BRDA:403,43,0,0
BRDA:403,43,1,0
BRDA:404,44,0,0
BRDA:404,44,1,0
BRF:75
BRH:0
end_of_record
TN:
SF:src\App.tsx
FN:14,(anonymous_1)
FN:24,App
FN:25,(anonymous_3)
FN:27,(anonymous_4)
FNF:4
FNH:0
FNDA:0,(anonymous_1)
FNDA:0,App
FNDA:0,(anonymous_3)
FNDA:0,(anonymous_4)
DA:1,0
DA:2,0
DA:3,0
DA:4,0
DA:5,0
DA:6,0
DA:7,0
DA:8,0
DA:9,0
DA:10,0
DA:11,0
DA:14,0
DA:15,0
DA:17,0
DA:18,0
DA:21,0
DA:25,0
DA:26,0
DA:27,0
DA:28,0
DA:32,0
DA:52,0
LF:22
LH:0
BRDA:17,0,0,0
BRF:1
BRH:0
end_of_record
TN:
SF:src\Dashboard.tsx
FN:22,(anonymous_1)
FN:42,(anonymous_2)
FN:51,(anonymous_3)
FN:54,(anonymous_4)
FN:55,(anonymous_5)
FN:59,(anonymous_6)
FN:69,(anonymous_7)
FN:112,(anonymous_8)
FN:124,(anonymous_9)
FN:125,(anonymous_10)
FN:145,(anonymous_11)
FN:149,(anonymous_12)
FN:153,(anonymous_13)
FN:157,(anonymous_14)
FN:170,(anonymous_15)
FN:214,(anonymous_16)
FN:225,(anonymous_17)
FN:281,(anonymous_18)
FN:286,(anonymous_19)
FN:295,(anonymous_20)
FN:304,(anonymous_21)
FN:360,(anonymous_22)
FN:384,(anonymous_23)
FN:389,(anonymous_24)
FN:392,(anonymous_25)
FN:417,(anonymous_26)
FN:417,(anonymous_27)
FN:427,(anonymous_28)
FN:427,(anonymous_29)
FNF:29
FNH:0
FNDA:0,(anonymous_1)
FNDA:0,(anonymous_2)
FNDA:0,(anonymous_3)
FNDA:0,(anonymous_4)
FNDA:0,(anonymous_5)
FNDA:0,(anonymous_6)
FNDA:0,(anonymous_7)
FNDA:0,(anonymous_8)
FNDA:0,(anonymous_9)
FNDA:0,(anonymous_10)
FNDA:0,(anonymous_11)
FNDA:0,(anonymous_12)
FNDA:0,(anonymous_13)
FNDA:0,(anonymous_14)
FNDA:0,(anonymous_15)
FNDA:0,(anonymous_16)
FNDA:0,(anonymous_17)
FNDA:0,(anonymous_18)
FNDA:0,(anonymous_19)
FNDA:0,(anonymous_20)
FNDA:0,(anonymous_21)
FNDA:0,(anonymous_22)
FNDA:0,(anonymous_23)
FNDA:0,(anonymous_24)
FNDA:0,(anonymous_25)
FNDA:0,(anonymous_26)
FNDA:0,(anonymous_27)
FNDA:0,(anonymous_28)
FNDA:0,(anonymous_29)
DA:1,0
DA:2,0
DA:3,0
DA:4,0
DA:5,0
DA:6,0
DA:7,0
DA:8,0
DA:9,0
DA:22,0
DA:23,0
DA:24,0
DA:25,0
DA:26,0
DA:27,0
DA:28,0
DA:29,0
DA:30,0
DA:31,0
DA:32,0
DA:33,0
DA:34,0
DA:35,0
DA:36,0
DA:37,0
DA:38,0
DA:40,0
DA:41,0
DA:42,0
DA:43,0
DA:44,0
DA:45,0
DA:46,0
DA:48,0
DA:51,0
DA:52,0
DA:54,0
DA:55,0
DA:56,0
DA:59,0
DA:60,0
DA:64,0
DA:67,0
DA:69,0
DA:70,0
DA:71,0
DA:72,0
DA:73,0
DA:74,0
DA:75,0
DA:78,0
DA:79,0
DA:80,0
DA:81,0
DA:83,0
DA:84,0
DA:85,0
DA:86,0
DA:89,0
DA:91,0
DA:92,0
DA:94,0
DA:97,0
DA:98,0
DA:101,0
DA:102,0
DA:103,0
DA:105,0
DA:106,0
DA:110,0
DA:112,0
DA:114,0
DA:116,0
DA:117,0
DA:118,0
DA:120,0
DA:124,0
DA:125,0
DA:126,0
DA:127,0
DA:128,0
DA:129,0
DA:130,0
DA:132,0
DA:134,0
DA:135,0
DA:136,0
DA:138,0
DA:142,0
DA:145,0
DA:146,0
DA:149,0
DA:150,0
DA:153,0
DA:154,0
DA:157,0
DA:158,0
DA:159,0
DA:160,0
DA:161,0
DA:162,0
DA:163,0
DA:165,0
DA:166,0
DA:170,0
DA:171,0
DA:172,0
DA:174,0
DA:175,0
DA:176,0
DA:177,0
DA:178,0
DA:179,0
DA:180,0
DA:182,0
DA:183,0
DA:187,0
DA:214,0
DA:226,0
DA:282,0
DA:286,0
DA:295,0
DA:304,0
DA:361,0
DA:384,0
DA:389,0
DA:393,0
DA:417,0
DA:427,0
DA:450,0
LF:130
LH:0
BRDA:41,0,0,0
BRDA:41,0,1,0
BRDA:43,1,0,0
BRDA:43,1,1,0
BRDA:45,2,0,0
BRDA:75,3,0,0
BRDA:75,3,1,0
BRDA:78,4,0,0
BRDA:78,4,1,0
BRDA:85,5,0,0
BRDA:85,6,0,0
BRDA:85,6,1,0
BRDA:85,6,2,0
BRDA:91,7,0,0
BRDA:102,8,0,0
BRDA:102,9,0,0
BRDA:102,9,1,0
BRDA:102,9,2,0
BRDA:105,10,0,0
BRDA:105,10,1,0
BRDA:106,11,0,0
BRDA:106,11,1,0
BRDA:117,12,0,0
BRDA:117,12,1,0
BRDA:129,13,0,0
BRDA:129,14,0,0
BRDA:129,14,1,0
BRDA:166,15,0,0
BRDA:166,15,1,0
BRDA:216,16,0,0
BRDA:216,16,1,0
BRDA:228,17,0,0
BRDA:228,17,1,0
BRDA:234,18,0,0
BRDA:234,18,1,0
BRDA:242,19,0,0
BRDA:242,19,1,0
BRDA:278,20,0,0
BRDA:278,20,1,0
BRDA:284,21,0,0
BRDA:284,21,1,0
BRDA:291,22,0,0
BRDA:291,22,1,0
BRDA:300,23,0,0
BRDA:300,23,1,0
BRDA:320,24,0,0
BRDA:320,24,1,0
BRDA:325,25,0,0
BRDA:325,25,1,0
BRDA:341,26,0,0
BRDA:341,26,1,0
BRDA:347,27,0,0
BRDA:347,27,1,0
BRDA:353,28,0,0
BRDA:353,28,1,0
BRDA:364,29,0,0
BRDA:364,29,1,0
BRDA:401,30,0,0
BRDA:401,30,1,0
BRDA:405,31,0,0
BRDA:405,31,1,0
BRDA:405,32,0,0
BRDA:405,32,1,0
BRDA:414,33,0,0
BRDA:414,33,1,0
BRF:65
BRH:0
end_of_record
TN:
SF:src\HomePage.tsx
FN:15,(anonymous_1)
FN:20,(anonymous_2)
FN:21,(anonymous_3)
FN:32,(anonymous_4)
FN:47,(anonymous_5)
FN:64,(anonymous_6)
FNF:6
FNH:5
FNDA:4,(anonymous_1)
FNDA:4,(anonymous_2)
FNDA:0,(anonymous_3)
FNDA:4,(anonymous_4)
FNDA:16,(anonymous_5)
FNDA:1,(anonymous_6)
DA:1,1
DA:2,1
DA:3,1
DA:4,1
DA:5,1
DA:6,1
DA:13,1
DA:15,1
DA:16,4
DA:17,4
DA:18,4
DA:20,4
DA:21,4
DA:22,0
DA:23,0
DA:25,0
DA:26,0
DA:27,0
DA:31,4
DA:32,4
DA:35,4
DA:48,16
DA:64,1
DA:83,1
LF:24
LH:19
BRDA:25,0,0,0
BRF:1
BRH:0
end_of_record
TN:
SF:src\LoginPage.tsx
FN:42,(anonymous_1)
FN:55,(anonymous_2)
FN:63,(anonymous_3)
FN:83,(anonymous_4)
FN:200,(anonymous_5)
FNF:5
FNH:5
FNDA:5,(anonymous_1)
FNDA:6,(anonymous_2)
FNDA:3,(anonymous_3)
FNDA:11,(anonymous_4)
FNDA:1,(anonymous_5)
DA:1,1
DA:2,1
DA:11,1
DA:12,1
DA:13,1
DA:14,1
DA:15,1
DA:16,1
DA:18,1
DA:43,5
DA:44,5
DA:50,5
DA:55,5
DA:56,6
DA:57,6
DA:63,5
DA:64,3
DA:65,3
DA:67,3
DA:68,3
DA:69,2
DA:71,2
DA:72,2
DA:73,2
DA:75,2
DA:76,2
DA:78,1
DA:79,1
DA:84,11
DA:85,11
DA:87,11
DA:200,1
DA:212,1
LF:33
LH:33
BRF:0
BRH:0
end_of_record
TN:
SF:src\MovieCard.tsx
FN:10,(anonymous_0)
FN:18,(anonymous_1)
FN:25,(anonymous_2)
FN:48,(anonymous_3)
FN:54,(anonymous_4)
FNF:5
FNH:2
FNDA:3,(anonymous_0)
FNDA:1,(anonymous_1)
FNDA:0,(anonymous_2)
FNDA:0,(anonymous_3)
FNDA:0,(anonymous_4)
DA:1,1
DA:3,1
DA:10,1
DA:11,3
DA:12,3
DA:13,3
DA:14,3
DA:15,3
DA:16,3
DA:18,3
DA:19,1
DA:21,1
DA:23,1
DA:25,1
DA:26,0
DA:27,0
DA:29,0
DA:30,0
DA:31,0
DA:32,0
DA:34,0
DA:37,0
DA:38,0
DA:39,0
DA:40,0
DA:43,0
DA:44,0
DA:48,3
DA:49,0
DA:50,0
DA:51,0
DA:54,3
DA:55,0
DA:56,0
DA:57,0
DA:58,0
DA:59,0
DA:61,0
DA:66,3
DA:133,1
LF:40
LH:18
BRDA:21,0,0,1
BRDA:21,0,1,0
BRDA:29,1,0,0
BRDA:30,2,0,0
BRDA:37,3,0,0
BRDA:57,4,0,0
BRDA:57,5,0,0
BRDA:57,5,1,0
BRDA:76,6,0,3
BRDA:76,6,1,2
BRDA:80,7,0,1
BRDA:80,7,1,1
BRDA:103,8,0,1
BRDA:103,8,1,1
BRF:14
BRH:7
end_of_record
TN:
SF:src\MovieDetails.tsx
FN:10,(anonymous_0)
FN:10,(anonymous_1)
FN:18,(anonymous_2)
FN:24,(anonymous_3)
FN:25,(anonymous_4)
FN:47,(anonymous_5)
FN:56,(anonymous_6)
FNF:7
FNH:6
FNDA:10,(anonymous_0)
FNDA:0,(anonymous_1)
FNDA:6,(anonymous_2)
FNDA:6,(anonymous_3)
FNDA:6,(anonymous_4)
FNDA:1,(anonymous_5)
FNDA:1,(anonymous_6)
DA:1,1
DA:2,1
DA:3,1
DA:10,1
DA:11,10
DA:12,10
DA:13,10
DA:14,10
DA:15,10
DA:16,10
DA:18,10
DA:19,6
DA:20,1
DA:24,10
DA:25,6
DA:26,6
DA:28,6
DA:29,6
DA:30,6
DA:31,5
DA:32,5
DA:34,1
DA:35,1
DA:37,6
DA:41,6
DA:44,10
DA:47,9
DA:48,1
DA:49,1
DA:50,1
DA:51,1
DA:56,9
DA:57,1
DA:58,1
DA:59,1
DA:60,1
DA:63,9
DA:236,1
LF:38
LH:38
BRDA:10,0,0,6
BRDA:19,1,0,1
BRDA:26,2,0,0
BRDA:35,3,0,1
BRDA:35,3,1,0
BRDA:44,4,0,1
BRDA:44,5,0,10
BRDA:44,5,1,10
BRDA:48,6,0,1
BRDA:68,7,0,9
BRDA:68,7,1,6
BRDA:81,8,0,5
BRDA:81,8,1,4
BRDA:85,9,0,1
BRDA:85,9,1,3
BRDA:95,10,0,3
BRDA:95,10,1,0
BRDA:123,11,0,3
BRDA:123,11,1,0
BRF:19
BRH:15
end_of_record
TN:
SF:src\PricingPlans.tsx
FN:234,SubscriptionPage
FN:285,(anonymous_1)
FN:333,(anonymous_2)
FN:333,(anonymous_3)
FN:340,(anonymous_4)
FN:367,(anonymous_5)
FN:403,(anonymous_6)
FN:419,(anonymous_7)
FN:452,(anonymous_8)
FN:452,(anonymous_9)
FNF:10
FNH:0
FNDA:0,SubscriptionPage
FNDA:0,(anonymous_1)
FNDA:0,(anonymous_2)
FNDA:0,(anonymous_3)
FNDA:0,(anonymous_4)
FNDA:0,(anonymous_5)
FNDA:0,(anonymous_6)
FNDA:0,(anonymous_7)
FNDA:0,(anonymous_8)
FNDA:0,(anonymous_9)
DA:208,0
DA:209,0
DA:225,0
DA:231,0
DA:234,0
DA:235,0
DA:236,0
DA:237,0
DA:238,0
DA:239,0
DA:241,0
DA:285,0
DA:286,0
DA:287,0
DA:288,0
DA:291,0
DA:292,0
DA:294,0
DA:295,0
DA:296,0
DA:297,0
DA:298,0
DA:300,0
DA:303,0
DA:304,0
DA:305,0
DA:309,0
DA:310,0
DA:333,0
DA:340,0
DA:352,0
DA:368,0
DA:404,0
DA:419,0
DA:452,0
LF:35
LH:0
BRDA:286,0,0,0
BRDA:296,1,0,0
BRDA:296,1,1,0
BRDA:304,2,0,0
BRDA:304,2,1,0
BRDA:309,3,0,0
BRDA:370,4,0,0
BRDA:370,4,1,0
BRDA:376,5,0,0
BRDA:376,5,1,0
BRDA:377,6,0,0
BRDA:377,6,1,0
BRDA:384,7,0,0
BRDA:384,7,1,0
BRDA:415,8,0,0
BRDA:415,8,1,0
BRDA:421,9,0,0
BRDA:421,9,1,0
BRDA:423,10,0,0
BRDA:423,10,1,0
BRDA:424,11,0,0
BRDA:424,11,1,0
BRDA:427,12,0,0
BRDA:427,12,1,0
BRDA:434,13,0,0
BRDA:434,13,1,0
BRDA:454,14,0,0
BRDA:454,14,1,0
BRDA:467,15,0,0
BRDA:467,15,1,0
BRF:30
BRH:0
end_of_record
TN:
SF:src\SignupPage.tsx
FN:30,(anonymous_1)
FN:49,(anonymous_2)
FN:54,(anonymous_3)
FN:109,(anonymous_4)
FNF:4
FNH:4
FNDA:3,(anonymous_1)
FNDA:10,(anonymous_2)
FNDA:2,(anonymous_3)
FNDA:15,(anonymous_4)
DA:1,1
DA:2,1
DA:11,1
DA:12,1
DA:13,1
DA:14,1
DA:15,1
DA:16,1
DA:31,3
DA:32,3
DA:42,3
DA:43,3
DA:45,0
DA:49,3
DA:50,10
DA:51,10
DA:54,3
DA:55,2
DA:57,2
DA:58,0
DA:59,0
DA:62,2
DA:63,2
DA:64,0
DA:65,0
DA:68,2
DA:69,2
DA:70,2
DA:73,0
DA:74,0
DA:75,0
DA:78,0
DA:79,0
DA:80,0
DA:83,0
DA:84,0
DA:91,0
DA:93,0
DA:95,0
DA:96,0
DA:97,0
DA:98,0
DA:100,0
DA:103,0
DA:104,0
DA:105,0
DA:110,15
DA:112,15
DA:269,1
LF:49
LH:26
BRDA:42,0,0,3
BRDA:42,0,1,0
BRDA:57,1,0,0
BRDA:57,2,0,2
BRDA:57,2,1,2
BRDA:57,2,2,2
BRDA:57,2,3,2
BRDA:57,2,4,2
BRDA:63,3,0,0
BRDA:68,4,0,2
BRDA:73,5,0,0
BRDA:78,6,0,0
BRDA:95,7,0,0
BRDA:95,7,1,0
BRDA:103,8,0,0
BRDA:103,8,1,0
BRDA:155,9,0,15
BRDA:155,9,1,2
BRF:18
BRH:9
end_of_record
TN:
SF:src\setupTest.ts
FNF:0
FNH:0
DA:1,0
DA:3,0
DA:4,0
DA:5,0
DA:6,0
DA:11,0
DA:14,0
DA:20,0
LF:8
LH:0
BRDA:3,0,0,0
BRF:1
BRH:0
end_of_record
