TN:
SF:src\Api.ts
FN:125,(anonymous_1)
FN:168,(anonymous_2)
FN:188,(anonymous_3)
FN:213,(anonymous_4)
FN:236,(anonymous_5)
FN:258,(anonymous_6)
FN:301,(anonymous_7)
FN:350,(anonymous_8)
FN:399,(anonymous_9)
FN:419,(anonymous_10)
FN:432,(anonymous_11)
FNF:11
FNH:0
FNDA:0,(anonymous_1)
FNDA:0,(anonymous_2)
FNDA:0,(anonymous_3)
FNDA:0,(anonymous_4)
FNDA:0,(anonymous_5)
FNDA:0,(anonymous_6)
FNDA:0,(anonymous_7)
FNDA:0,(anonymous_8)
FNDA:0,(anonymous_9)
FNDA:0,(anonymous_10)
FNDA:0,(anonymous_11)
DA:1,1
DA:97,1
DA:98,1
DA:125,1
DA:126,0
DA:127,0
DA:137,0
DA:139,0
DA:144,0
DA:145,0
DA:168,1
DA:169,0
DA:170,0
DA:180,0
DA:182,0
DA:183,0
DA:184,0
DA:188,1
DA:189,0
DA:190,0
DA:191,0
DA:192,0
DA:194,0
DA:204,0
DA:206,0
DA:207,0
DA:208,0
DA:213,1
DA:214,0
DA:215,0
DA:216,0
DA:227,0
DA:229,0
DA:230,0
DA:231,0
DA:236,1
DA:237,0
DA:238,0
DA:239,0
DA:249,0
DA:251,0
DA:252,0
DA:253,0
DA:258,1
DA:259,0
DA:264,0
DA:265,0
DA:268,0
DA:269,0
DA:270,0
DA:282,0
DA:292,0
DA:294,0
DA:295,0
DA:296,0
DA:301,1
DA:302,0
DA:303,0
DA:304,0
DA:307,0
DA:308,0
DA:309,0
DA:310,0
DA:311,0
DA:312,0
DA:313,0
DA:314,0
DA:317,0
DA:318,0
DA:320,0
DA:321,0
DA:323,0
DA:324,0
DA:326,0
DA:327,0
DA:330,0
DA:341,0
DA:343,0
DA:344,0
DA:345,0
DA:350,1
DA:351,0
DA:352,0
DA:353,0
DA:356,0
DA:357,0
DA:358,0
DA:359,0
DA:360,0
DA:361,0
DA:362,0
DA:363,0
DA:366,0
DA:367,0
DA:369,0
DA:370,0
DA:372,0
DA:373,0
DA:375,0
DA:376,0
DA:379,0
DA:390,0
DA:392,0
DA:393,0
DA:394,0
DA:399,1
DA:400,0
DA:401,0
DA:402,0
DA:403,0
DA:406,0
DA:407,0
DA:409,0
DA:418,0
DA:419,0
DA:420,0
DA:423,0
DA:424,0
DA:425,0
DA:427,0
DA:428,0
DA:432,1
DA:433,0
DA:434,0
DA:435,0
DA:436,0
DA:439,0
DA:449,0
DA:451,0
DA:452,0
DA:453,0
LF:131
LH:13
BRDA:139,0,0,0
BRDA:139,0,1,0
BRDA:140,1,0,0
BRDA:140,1,1,0
BRDA:143,2,0,0
BRDA:143,2,1,0
BRDA:144,3,0,0
BRDA:144,3,1,0
BRDA:182,4,0,0
BRDA:182,4,1,0
BRDA:183,5,0,0
BRDA:183,5,1,0
BRDA:191,6,0,0
BRDA:206,7,0,0
BRDA:206,7,1,0
BRDA:207,8,0,0
BRDA:207,8,1,0
BRDA:213,9,0,0
BRDA:222,10,0,0
BRDA:222,10,1,0
BRDA:229,11,0,0
BRDA:229,11,1,0
BRDA:230,12,0,0
BRDA:230,12,1,0
BRDA:245,13,0,0
BRDA:245,13,1,0
BRDA:251,14,0,0
BRDA:251,14,1,0
BRDA:252,15,0,0
BRDA:252,15,1,0
BRDA:258,16,0,0
BRDA:264,17,0,0
BRDA:264,18,0,0
BRDA:264,18,1,0
BRDA:277,19,0,0
BRDA:277,19,1,0
BRDA:283,20,0,0
BRDA:283,20,1,0
BRDA:284,21,0,0
BRDA:284,21,1,0
BRDA:287,22,0,0
BRDA:287,22,1,0
BRDA:294,23,0,0
BRDA:294,23,1,0
BRDA:295,24,0,0
BRDA:295,24,1,0
BRDA:317,25,0,0
BRDA:320,26,0,0
BRDA:323,27,0,0
BRDA:326,28,0,0
BRDA:337,29,0,0
BRDA:337,29,1,0
BRDA:343,30,0,0
BRDA:343,30,1,0
BRDA:344,31,0,0
BRDA:344,31,1,0
BRDA:366,32,0,0
BRDA:369,33,0,0
BRDA:372,34,0,0
BRDA:375,35,0,0
BRDA:386,36,0,0
BRDA:386,36,1,0
BRDA:392,37,0,0
BRDA:392,37,1,0
BRDA:393,38,0,0
BRDA:393,38,1,0
BRDA:402,39,0,0
BRDA:418,40,0,0
BRDA:420,41,0,0
BRDA:420,41,1,0
BRDA:435,42,0,0
BRDA:451,43,0,0
BRDA:451,43,1,0
BRDA:452,44,0,0
BRDA:452,44,1,0
BRF:75
BRH:0
end_of_record
TN:
SF:src\subApi.ts
FN:5,(anonymous_1)
FN:51,(anonymous_2)
FNF:2
FNH:1
FNDA:0,(anonymous_1)
FNDA:4,(anonymous_2)
DA:1,2
DA:2,2
DA:3,2
DA:5,2
DA:6,0
DA:7,0
DA:8,0
DA:9,0
DA:10,0
DA:11,0
DA:14,0
DA:25,0
DA:34,0
DA:35,0
DA:36,0
DA:39,0
DA:40,0
DA:41,0
DA:44,0
DA:46,0
DA:47,0
DA:51,2
DA:52,4
DA:53,4
DA:54,0
DA:55,0
DA:58,4
DA:69,0
DA:71,0
DA:72,0
DA:76,0
DA:78,0
DA:83,3
DA:88,3
DA:89,3
DA:91,0
LF:36
LH:11
BRDA:9,0,0,0
BRDA:35,1,0,0
BRDA:39,2,0,0
BRDA:39,2,1,0
BRDA:39,2,2,0
BRDA:40,3,0,0
BRDA:47,4,0,0
BRDA:47,4,1,0
BRDA:53,5,0,0
BRDA:71,6,0,0
BRDA:84,7,0,3
BRDA:84,7,1,0
BRDA:86,8,0,3
BRDA:86,8,1,0
BRDA:88,9,0,3
BRDA:89,10,0,3
BRDA:89,10,1,0
BRF:17
BRH:4
end_of_record
TN:
SF:src\component\AdminPanel.tsx
FN:20,(anonymous_0)
FN:60,(anonymous_1)
FN:64,(anonymous_2)
FN:66,(anonymous_3)
FN:75,(anonymous_4)
FN:77,(anonymous_5)
FN:83,(anonymous_6)
FN:147,(anonymous_7)
FNF:8
FNH:8
FNDA:36,(anonymous_0)
FNDA:9,(anonymous_1)
FNDA:18,(anonymous_2)
FNDA:18,(anonymous_3)
FNDA:1,(anonymous_4)
FNDA:1,(anonymous_5)
FNDA:2,(anonymous_6)
FNDA:1,(anonymous_7)
DA:1,1
DA:2,1
DA:3,1
DA:20,1
DA:21,36
DA:22,36
DA:23,36
DA:25,36
DA:55,36
DA:56,36
DA:57,36
DA:58,36
DA:60,36
DA:61,9
DA:64,36
DA:65,18
DA:66,18
DA:75,36
DA:76,1
DA:77,1
DA:83,36
DA:84,2
DA:85,2
DA:86,2
DA:88,2
DA:90,2
DA:94,2
DA:95,16
DA:96,0
DA:101,2
DA:102,0
DA:106,2
DA:107,2
DA:108,0
DA:112,2
DA:118,2
DA:120,1
DA:121,1
DA:122,1
DA:125,1
DA:126,1
DA:127,1
DA:143,0
DA:147,36
DA:148,1
DA:151,36
DA:365,1
LF:47
LH:43
BRDA:25,0,0,4
BRDA:25,0,1,32
BRDA:69,1,0,4
BRDA:69,1,1,14
BRDA:69,2,0,4
BRDA:69,2,1,0
BRDA:70,3,0,1
BRDA:70,3,1,13
BRDA:79,4,0,1
BRDA:79,4,1,0
BRDA:79,5,0,1
BRDA:79,5,1,1
BRDA:95,6,0,0
BRDA:95,7,0,16
BRDA:95,7,1,16
BRDA:95,7,2,12
BRDA:101,8,0,0
BRDA:107,9,0,0
BRDA:114,10,0,1
BRDA:114,10,1,1
BRDA:114,11,0,2
BRDA:114,11,1,1
BRDA:115,12,0,2
BRDA:115,12,1,0
BRDA:118,13,0,1
BRDA:118,13,1,1
BRDA:118,14,0,2
BRDA:118,14,1,1
BRDA:126,15,0,1
BRDA:126,15,1,0
BRDA:143,16,0,0
BRDA:143,16,1,0
BRDA:143,17,0,0
BRDA:143,17,1,0
BRDA:156,18,0,4
BRDA:156,18,1,32
BRDA:158,19,0,4
BRDA:158,19,1,32
BRDA:168,20,0,36
BRDA:168,20,1,0
BRDA:173,21,0,36
BRDA:173,21,1,3
BRDA:213,22,0,36
BRDA:213,22,1,0
BRDA:229,23,0,4
BRDA:229,23,1,32
BRDA:259,24,0,36
BRDA:259,24,1,23
BRDA:322,25,0,36
BRDA:322,25,1,31
BRDA:356,26,0,4
BRDA:356,26,1,32
BRF:52
BRH:39
end_of_record
TN:
SF:src\component\MovieCard.tsx
FN:15,(anonymous_0)
FN:23,(anonymous_1)
FN:30,(anonymous_2)
FN:53,(anonymous_3)
FN:59,(anonymous_4)
FNF:5
FNH:2
FNDA:5,(anonymous_0)
FNDA:2,(anonymous_1)
FNDA:0,(anonymous_2)
FNDA:0,(anonymous_3)
FNDA:0,(anonymous_4)
DA:1,1
DA:3,1
DA:15,1
DA:16,5
DA:17,5
DA:18,5
DA:19,5
DA:20,5
DA:21,5
DA:23,5
DA:24,2
DA:26,2
DA:28,2
DA:30,2
DA:31,0
DA:32,0
DA:34,0
DA:35,0
DA:36,0
DA:37,0
DA:39,0
DA:42,0
DA:43,0
DA:44,0
DA:45,0
DA:48,0
DA:49,0
DA:53,5
DA:54,0
DA:55,0
DA:56,0
DA:59,5
DA:60,0
DA:61,0
DA:62,0
DA:63,0
DA:64,0
DA:66,0
DA:71,5
DA:138,1
LF:40
LH:18
BRDA:26,0,0,2
BRDA:26,0,1,0
BRDA:34,1,0,0
BRDA:35,2,0,0
BRDA:42,3,0,0
BRDA:62,4,0,0
BRDA:62,5,0,0
BRDA:62,5,1,0
BRDA:81,6,0,5
BRDA:81,6,1,2
BRDA:85,7,0,1
BRDA:85,7,1,1
BRDA:108,8,0,1
BRDA:108,8,1,1
BRF:14
BRH:7
end_of_record
TN:
SF:src\component\MovieDetails.tsx
FN:12,(anonymous_0)
FN:12,(anonymous_1)
FN:24,(anonymous_2)
FN:30,(anonymous_3)
FN:31,(anonymous_4)
FN:57,(anonymous_5)
FN:65,(anonymous_6)
FN:72,(anonymous_7)
FNF:8
FNH:4
FNDA:11,(anonymous_0)
FNDA:0,(anonymous_1)
FNDA:6,(anonymous_2)
FNDA:6,(anonymous_3)
FNDA:6,(anonymous_4)
FNDA:0,(anonymous_5)
FNDA:0,(anonymous_6)
FNDA:0,(anonymous_7)
DA:1,1
DA:2,1
DA:3,1
DA:5,1
DA:12,1
DA:13,11
DA:14,11
DA:15,11
DA:16,11
DA:17,11
DA:18,11
DA:22,11
DA:24,11
DA:25,6
DA:26,1
DA:30,11
DA:31,6
DA:32,6
DA:34,5
DA:35,5
DA:38,5
DA:39,4
DA:42,4
DA:43,0
DA:45,0
DA:47,4
DA:48,4
DA:50,4
DA:54,6
DA:57,11
DA:58,0
DA:59,0
DA:60,0
DA:61,0
DA:65,11
DA:66,0
DA:67,0
DA:68,0
DA:69,0
DA:72,11
DA:73,0
DA:77,11
DA:79,10
DA:80,10
DA:81,10
DA:83,10
DA:274,1
LF:47
LH:36
BRDA:12,0,0,6
BRDA:25,1,0,1
BRDA:32,2,0,1
BRDA:32,3,0,6
BRDA:32,3,1,6
BRDA:48,4,0,4
BRDA:48,4,1,0
BRDA:58,5,0,0
BRDA:77,6,0,1
BRDA:77,7,0,11
BRDA:77,7,1,11
BRDA:80,8,0,10
BRDA:80,8,1,10
BRDA:81,9,0,10
BRDA:81,9,1,0
BRDA:88,10,0,10
BRDA:88,10,1,6
BRDA:101,11,0,8
BRDA:101,11,1,2
BRDA:105,12,0,2
BRDA:105,12,1,0
BRDA:115,13,0,0
BRDA:115,13,1,0
BRDA:115,14,0,0
BRDA:115,14,1,0
BRDA:115,14,2,0
BRDA:134,15,0,0
BRDA:134,15,1,0
BRDA:160,16,0,0
BRDA:160,16,1,0
BRDA:192,17,0,0
BRDA:192,17,1,0
BRDA:195,18,0,0
BRDA:195,18,1,0
BRF:34
BRH:17
end_of_record
TN:
SF:src\component\MovieList.tsx
FN:12,(anonymous_1)
FN:13,(anonymous_2)
FN:14,(anonymous_3)
FN:24,(anonymous_4)
FN:44,(anonymous_5)
FN:64,(anonymous_6)
FNF:6
FNH:6
FNDA:7,(anonymous_1)
FNDA:18,(anonymous_2)
FNDA:18,(anonymous_3)
FNDA:18,(anonymous_4)
FNDA:12,(anonymous_5)
FNDA:12,(anonymous_6)
DA:2,1
DA:3,1
DA:12,1
DA:13,18
DA:14,18
DA:16,7
DA:25,18
DA:45,12
DA:65,12
DA:81,1
LF:10
LH:10
BRDA:21,0,0,6
BRDA:21,0,1,1
BRDA:41,1,0,6
BRDA:41,1,1,1
BRDA:61,2,0,6
BRDA:61,2,1,1
BRF:6
BRH:6
end_of_record
TN:
SF:src\component\PricingPlans.tsx
FN:531,SubscriptionPage
FN:583,(anonymous_2)
FN:654,(anonymous_3)
FN:654,(anonymous_4)
FN:661,(anonymous_5)
FN:686,(anonymous_6)
FN:722,(anonymous_7)
FN:738,(anonymous_8)
FN:771,(anonymous_9)
FN:771,(anonymous_10)
FNF:10
FNH:7
FNDA:21,SubscriptionPage
FNDA:4,(anonymous_2)
FNDA:0,(anonymous_3)
FNDA:0,(anonymous_4)
FNDA:0,(anonymous_5)
FNDA:63,(anonymous_6)
FNDA:336,(anonymous_7)
FNDA:5,(anonymous_8)
FNDA:12,(anonymous_9)
FNDA:12,(anonymous_10)
DA:507,1
DA:508,1
DA:524,1
DA:526,1
DA:527,1
DA:528,1
DA:529,1
DA:531,1
DA:532,21
DA:533,21
DA:534,21
DA:535,21
DA:536,21
DA:537,21
DA:539,21
DA:583,21
DA:584,4
DA:585,0
DA:586,0
DA:587,0
DA:590,4
DA:591,4
DA:593,4
DA:594,4
DA:595,4
DA:596,1
DA:597,1
DA:598,1
DA:599,1
DA:603,3
DA:604,3
DA:606,3
DA:607,1
DA:608,1
DA:609,1
DA:613,2
DA:614,1
DA:615,1
DA:616,1
DA:618,0
DA:621,1
DA:622,1
DA:623,1
DA:624,1
DA:626,4
DA:630,21
DA:631,0
DA:654,0
DA:661,0
DA:672,21
DA:687,63
DA:723,336
DA:738,5
DA:771,12
LF:54
LH:47
BRDA:584,0,0,0
BRDA:595,1,0,1
BRDA:606,2,0,1
BRDA:606,3,0,3
BRDA:606,3,1,1
BRDA:614,4,0,1
BRDA:614,4,1,0
BRDA:622,5,0,1
BRDA:622,5,1,0
BRDA:630,6,0,0
BRDA:689,7,0,12
BRDA:689,7,1,51
BRDA:695,8,0,12
BRDA:695,8,1,51
BRDA:696,9,0,12
BRDA:696,9,1,51
BRDA:703,10,0,63
BRDA:703,10,1,21
BRDA:734,11,0,12
BRDA:734,11,1,51
BRDA:740,12,0,12
BRDA:740,12,1,51
BRDA:742,13,0,12
BRDA:742,13,1,51
BRDA:743,14,0,12
BRDA:743,14,1,51
BRDA:746,15,0,12
BRDA:746,15,1,51
BRDA:753,16,0,21
BRDA:753,16,1,12
BRDA:773,17,0,12
BRDA:773,17,1,2
BRDA:786,18,0,3
BRDA:786,18,1,9
BRF:34
BRH:30
end_of_record
TN:
SF:src\pages\HomePage.tsx
FN:15,(anonymous_1)
FN:20,(anonymous_2)
FN:21,(anonymous_3)
FN:32,(anonymous_4)
FN:47,(anonymous_5)
FN:64,(anonymous_6)
FNF:6
FNH:5
FNDA:4,(anonymous_1)
FNDA:4,(anonymous_2)
FNDA:0,(anonymous_3)
FNDA:4,(anonymous_4)
FNDA:16,(anonymous_5)
FNDA:1,(anonymous_6)
DA:1,1
DA:2,1
DA:3,1
DA:4,1
DA:5,1
DA:6,1
DA:13,1
DA:15,1
DA:16,4
DA:17,4
DA:18,4
DA:20,4
DA:21,4
DA:22,0
DA:23,0
DA:25,0
DA:26,0
DA:27,0
DA:31,4
DA:32,4
DA:35,4
DA:48,16
DA:64,1
DA:83,1
LF:24
LH:19
BRDA:25,0,0,0
BRF:1
BRH:0
end_of_record
TN:
SF:src\pages\LoginPage.tsx
FN:42,(anonymous_1)
FN:54,(anonymous_2)
FN:62,(anonymous_3)
FN:91,(anonymous_4)
FN:208,(anonymous_5)
FNF:5
FNH:5
FNDA:5,(anonymous_1)
FNDA:6,(anonymous_2)
FNDA:3,(anonymous_3)
FNDA:11,(anonymous_4)
FNDA:1,(anonymous_5)
DA:1,1
DA:2,1
DA:11,1
DA:12,1
DA:13,1
DA:14,1
DA:15,1
DA:16,1
DA:18,1
DA:19,1
DA:43,5
DA:44,5
DA:49,5
DA:54,5
DA:55,6
DA:56,6
DA:62,5
DA:63,3
DA:64,3
DA:66,3
DA:67,3
DA:68,2
DA:76,2
DA:77,2
DA:78,2
DA:79,2
DA:81,2
DA:82,2
DA:84,1
DA:87,1
DA:92,11
DA:93,11
DA:95,11
DA:208,1
DA:220,1
LF:35
LH:35
BRF:0
BRH:0
end_of_record
TN:
SF:src\pages\SignupPage.tsx
FN:31,(anonymous_1)
FN:50,(anonymous_2)
FN:55,(anonymous_3)
FN:122,(anonymous_4)
FNF:4
FNH:4
FNDA:3,(anonymous_1)
FNDA:10,(anonymous_2)
FNDA:2,(anonymous_3)
FNDA:15,(anonymous_4)
DA:1,1
DA:2,1
DA:11,1
DA:12,1
DA:13,1
DA:14,1
DA:15,1
DA:16,1
DA:32,3
DA:33,3
DA:43,3
DA:44,3
DA:46,0
DA:50,3
DA:51,10
DA:52,10
DA:55,3
DA:56,2
DA:58,2
DA:59,0
DA:60,0
DA:61,0
DA:64,2
DA:65,2
DA:66,0
DA:67,0
DA:68,0
DA:71,2
DA:72,2
DA:73,2
DA:74,2
DA:77,0
DA:78,0
DA:79,0
DA:80,0
DA:83,0
DA:84,0
DA:85,0
DA:86,0
DA:89,0
DA:91,0
DA:92,0
DA:99,0
DA:100,0
DA:101,0
DA:103,0
DA:104,0
DA:105,0
DA:106,0
DA:108,0
DA:111,0
DA:116,0
DA:117,0
DA:118,0
DA:123,15
DA:125,15
DA:299,1
LF:57
LH:27
BRDA:43,0,0,3
BRDA:43,0,1,0
BRDA:58,1,0,0
BRDA:58,2,0,2
BRDA:58,2,1,2
BRDA:58,2,2,2
BRDA:58,2,3,2
BRDA:58,2,4,2
BRDA:65,3,0,0
BRDA:71,4,0,2
BRDA:77,5,0,0
BRDA:83,6,0,0
BRDA:103,7,0,0
BRDA:103,7,1,0
BRDA:103,8,0,0
BRDA:103,8,1,0
BRDA:111,9,0,0
BRDA:111,9,1,0
BRDA:112,10,0,0
BRDA:112,10,1,0
BRDA:115,11,0,0
BRDA:115,11,1,0
BRDA:115,11,2,0
BRDA:168,12,0,15
BRDA:168,12,1,2
BRDA:254,13,0,0
BRDA:254,13,1,15
BRF:27
BRH:10
end_of_record
